<?xml version="1.0" encoding="UTF-8"?>
<testsuites>
  <testsuite name="" tests="126" assertions="538" errors="0" warnings="0" failures="0" skipped="0" time="0.958179">
    <testsuite name="Project Test Suite" tests="126" assertions="538" errors="0" warnings="0" failures="0" skipped="0" time="0.958179">
      <testsuite name="App\Card\CardGraphicTest" file="/home/sofie/dbwebb-kurser/mvc/me/report/tests/Card/CardGraphicTest.php" tests="8" assertions="8" errors="0" warnings="0" failures="0" skipped="0" time="0.011863">
        <testsuite name="App\Card\CardGraphicTest::testGetString" tests="8" assertions="8" errors="0" warnings="0" failures="0" skipped="0" time="0.011863">
          <testcase name="testGetString with data set #0" class="App\Card\CardGraphicTest" classname="App.Card.CardGraphicTest" file="/home/sofie/dbwebb-kurser/mvc/me/report/tests/Card/CardGraphicTest.php" line="15" assertions="1" time="0.009078"/>
          <testcase name="testGetString with data set #1" class="App\Card\CardGraphicTest" classname="App.Card.CardGraphicTest" file="/home/sofie/dbwebb-kurser/mvc/me/report/tests/Card/CardGraphicTest.php" line="15" assertions="1" time="0.000399"/>
          <testcase name="testGetString with data set #2" class="App\Card\CardGraphicTest" classname="App.Card.CardGraphicTest" file="/home/sofie/dbwebb-kurser/mvc/me/report/tests/Card/CardGraphicTest.php" line="15" assertions="1" time="0.000431"/>
          <testcase name="testGetString with data set #3" class="App\Card\CardGraphicTest" classname="App.Card.CardGraphicTest" file="/home/sofie/dbwebb-kurser/mvc/me/report/tests/Card/CardGraphicTest.php" line="15" assertions="1" time="0.000453"/>
          <testcase name="testGetString with data set #4" class="App\Card\CardGraphicTest" classname="App.Card.CardGraphicTest" file="/home/sofie/dbwebb-kurser/mvc/me/report/tests/Card/CardGraphicTest.php" line="15" assertions="1" time="0.000348"/>
          <testcase name="testGetString with data set #5" class="App\Card\CardGraphicTest" classname="App.Card.CardGraphicTest" file="/home/sofie/dbwebb-kurser/mvc/me/report/tests/Card/CardGraphicTest.php" line="15" assertions="1" time="0.000401"/>
          <testcase name="testGetString with data set #6" class="App\Card\CardGraphicTest" classname="App.Card.CardGraphicTest" file="/home/sofie/dbwebb-kurser/mvc/me/report/tests/Card/CardGraphicTest.php" line="15" assertions="1" time="0.000402"/>
          <testcase name="testGetString with data set #7" class="App\Card\CardGraphicTest" classname="App.Card.CardGraphicTest" file="/home/sofie/dbwebb-kurser/mvc/me/report/tests/Card/CardGraphicTest.php" line="15" assertions="1" time="0.000350"/>
        </testsuite>
      </testsuite>
      <testsuite name="App\Card\CardHandTest" file="/home/sofie/dbwebb-kurser/mvc/me/report/tests/Card/CardHandTest.php" tests="7" assertions="12" errors="0" warnings="0" failures="0" skipped="0" time="0.008729">
        <testcase name="testCreateEmptyCardHand" class="App\Card\CardHandTest" classname="App.Card.CardHandTest" file="/home/sofie/dbwebb-kurser/mvc/me/report/tests/Card/CardHandTest.php" line="17" assertions="2" time="0.003123"/>
        <testcase name="testAddCard" class="App\Card\CardHandTest" classname="App.Card.CardHandTest" file="/home/sofie/dbwebb-kurser/mvc/me/report/tests/Card/CardHandTest.php" line="33" assertions="2" time="0.002316"/>
        <testcase name="testAddCards" class="App\Card\CardHandTest" classname="App.Card.CardHandTest" file="/home/sofie/dbwebb-kurser/mvc/me/report/tests/Card/CardHandTest.php" line="76" assertions="2" time="0.000533"/>
        <testcase name="testGetHandAsArray" class="App\Card\CardHandTest" classname="App.Card.CardHandTest" file="/home/sofie/dbwebb-kurser/mvc/me/report/tests/Card/CardHandTest.php" line="103" assertions="3" time="0.001182"/>
        <testcase name="testGetTotalScoreWithNoAces" class="App\Card\CardHandTest" classname="App.Card.CardHandTest" file="/home/sofie/dbwebb-kurser/mvc/me/report/tests/Card/CardHandTest.php" line="135" assertions="1" time="0.000523"/>
        <testcase name="testGetTotalScoreWithAceInLargeHand" class="App\Card\CardHandTest" classname="App.Card.CardHandTest" file="/home/sofie/dbwebb-kurser/mvc/me/report/tests/Card/CardHandTest.php" line="158" assertions="1" time="0.000511"/>
        <testcase name="testGetTotalScoreWithAceInSmallHand" class="App\Card\CardHandTest" classname="App.Card.CardHandTest" file="/home/sofie/dbwebb-kurser/mvc/me/report/tests/Card/CardHandTest.php" line="181" assertions="1" time="0.000540"/>
      </testsuite>
      <testsuite name="App\Card\CardTest" file="/home/sofie/dbwebb-kurser/mvc/me/report/tests/Card/CardTest.php" tests="9" assertions="11" errors="0" warnings="0" failures="0" skipped="0" time="0.005060">
        <testcase name="testCreateCardWithSuitAndValue" class="App\Card\CardTest" classname="App.Card.CardTest" file="/home/sofie/dbwebb-kurser/mvc/me/report/tests/Card/CardTest.php" line="15" assertions="3" time="0.001204"/>
        <testsuite name="App\Card\CardTest::testGetScore" tests="7" assertions="7" errors="0" warnings="0" failures="0" skipped="0" time="0.002795">
          <testcase name="testGetScore with data set #0" class="App\Card\CardTest" classname="App.Card.CardTest" file="/home/sofie/dbwebb-kurser/mvc/me/report/tests/Card/CardTest.php" line="34" assertions="1" time="0.000441"/>
          <testcase name="testGetScore with data set #1" class="App\Card\CardTest" classname="App.Card.CardTest" file="/home/sofie/dbwebb-kurser/mvc/me/report/tests/Card/CardTest.php" line="34" assertions="1" time="0.000383"/>
          <testcase name="testGetScore with data set #2" class="App\Card\CardTest" classname="App.Card.CardTest" file="/home/sofie/dbwebb-kurser/mvc/me/report/tests/Card/CardTest.php" line="34" assertions="1" time="0.000411"/>
          <testcase name="testGetScore with data set #3" class="App\Card\CardTest" classname="App.Card.CardTest" file="/home/sofie/dbwebb-kurser/mvc/me/report/tests/Card/CardTest.php" line="34" assertions="1" time="0.000390"/>
          <testcase name="testGetScore with data set #4" class="App\Card\CardTest" classname="App.Card.CardTest" file="/home/sofie/dbwebb-kurser/mvc/me/report/tests/Card/CardTest.php" line="34" assertions="1" time="0.000430"/>
          <testcase name="testGetScore with data set #5" class="App\Card\CardTest" classname="App.Card.CardTest" file="/home/sofie/dbwebb-kurser/mvc/me/report/tests/Card/CardTest.php" line="34" assertions="1" time="0.000381"/>
          <testcase name="testGetScore with data set #6" class="App\Card\CardTest" classname="App.Card.CardTest" file="/home/sofie/dbwebb-kurser/mvc/me/report/tests/Card/CardTest.php" line="34" assertions="1" time="0.000358"/>
        </testsuite>
        <testcase name="testGetString" class="App\Card\CardTest" classname="App.Card.CardTest" file="/home/sofie/dbwebb-kurser/mvc/me/report/tests/Card/CardTest.php" line="66" assertions="1" time="0.001061"/>
      </testsuite>
      <testsuite name="App\Card\DeckOfCardsTest" file="/home/sofie/dbwebb-kurser/mvc/me/report/tests/Card/DeckOfCardsTest.php" tests="11" assertions="23" errors="0" warnings="0" failures="0" skipped="0" time="0.015571">
        <testcase name="testCreateEmptyDeckOfCards" class="App\Card\DeckOfCardsTest" classname="App.Card.DeckOfCardsTest" file="/home/sofie/dbwebb-kurser/mvc/me/report/tests/Card/DeckOfCardsTest.php" line="17" assertions="2" time="0.002092"/>
        <testcase name="testGetSuitsAndValue" class="App\Card\DeckOfCardsTest" classname="App.Card.DeckOfCardsTest" file="/home/sofie/dbwebb-kurser/mvc/me/report/tests/Card/DeckOfCardsTest.php" line="32" assertions="2" time="0.000476"/>
        <testcase name="testAddCard" class="App\Card\DeckOfCardsTest" classname="App.Card.DeckOfCardsTest" file="/home/sofie/dbwebb-kurser/mvc/me/report/tests/Card/DeckOfCardsTest.php" line="58" assertions="2" time="0.000442"/>
        <testcase name="testSort" class="App\Card\DeckOfCardsTest" classname="App.Card.DeckOfCardsTest" file="/home/sofie/dbwebb-kurser/mvc/me/report/tests/Card/DeckOfCardsTest.php" line="84" assertions="1" time="0.002124"/>
        <testcase name="testFillAndShuffle" class="App\Card\DeckOfCardsTest" classname="App.Card.DeckOfCardsTest" file="/home/sofie/dbwebb-kurser/mvc/me/report/tests/Card/DeckOfCardsTest.php" line="124" assertions="1" time="0.000555"/>
        <testcase name="testShuffle" class="App\Card\DeckOfCardsTest" classname="App.Card.DeckOfCardsTest" file="/home/sofie/dbwebb-kurser/mvc/me/report/tests/Card/DeckOfCardsTest.php" line="138" assertions="8" time="0.007409"/>
        <testcase name="testDrawOneCard" class="App\Card\DeckOfCardsTest" classname="App.Card.DeckOfCardsTest" file="/home/sofie/dbwebb-kurser/mvc/me/report/tests/Card/DeckOfCardsTest.php" line="182" assertions="1" time="0.000465"/>
        <testcase name="testDrawTwoCards" class="App\Card\DeckOfCardsTest" classname="App.Card.DeckOfCardsTest" file="/home/sofie/dbwebb-kurser/mvc/me/report/tests/Card/DeckOfCardsTest.php" line="213" assertions="3" time="0.000500"/>
        <testcase name="testDrawFromEmptyDeck" class="App\Card\DeckOfCardsTest" classname="App.Card.DeckOfCardsTest" file="/home/sofie/dbwebb-kurser/mvc/me/report/tests/Card/DeckOfCardsTest.php" line="250" assertions="1" time="0.000445"/>
        <testcase name="testGetNumberOfCards" class="App\Card\DeckOfCardsTest" classname="App.Card.DeckOfCardsTest" file="/home/sofie/dbwebb-kurser/mvc/me/report/tests/Card/DeckOfCardsTest.php" line="267" assertions="1" time="0.000503"/>
        <testcase name="testGetCardArray" class="App\Card\DeckOfCardsTest" classname="App.Card.DeckOfCardsTest" file="/home/sofie/dbwebb-kurser/mvc/me/report/tests/Card/DeckOfCardsTest.php" line="297" assertions="1" time="0.000559"/>
      </testsuite>
      <testsuite name="App\Controller\CardControllerJsonTest" file="/home/sofie/dbwebb-kurser/mvc/me/report/tests/Controller/CardControllerJsonTest.php" tests="9" assertions="25" errors="0" warnings="0" failures="0" skipped="0" time="0.459108">
        <testcase name="testApiDeck" class="App\Controller\CardControllerJsonTest" classname="App.Controller.CardControllerJsonTest" file="/home/sofie/dbwebb-kurser/mvc/me/report/tests/Controller/CardControllerJsonTest.php" line="22" assertions="6" time="0.043047"/>
        <testcase name="testDeckShufflePost" class="App\Controller\CardControllerJsonTest" classname="App.Controller.CardControllerJsonTest" file="/home/sofie/dbwebb-kurser/mvc/me/report/tests/Controller/CardControllerJsonTest.php" line="77" assertions="2" time="0.296967"/>
        <testcase name="testapiDeckDrawPost" class="App\Controller\CardControllerJsonTest" classname="App.Controller.CardControllerJsonTest" file="/home/sofie/dbwebb-kurser/mvc/me/report/tests/Controller/CardControllerJsonTest.php" line="102" assertions="5" time="0.017622"/>
        <testcase name="testDeckShuffleGet" class="App\Controller\CardControllerJsonTest" classname="App.Controller.CardControllerJsonTest" file="/home/sofie/dbwebb-kurser/mvc/me/report/tests/Controller/CardControllerJsonTest.php" line="139" assertions="2" time="0.013855"/>
        <testcase name="testDrawPost" class="App\Controller\CardControllerJsonTest" classname="App.Controller.CardControllerJsonTest" file="/home/sofie/dbwebb-kurser/mvc/me/report/tests/Controller/CardControllerJsonTest.php" line="163" assertions="2" time="0.012976"/>
        <testcase name="testDrawNumPost" class="App\Controller\CardControllerJsonTest" classname="App.Controller.CardControllerJsonTest" file="/home/sofie/dbwebb-kurser/mvc/me/report/tests/Controller/CardControllerJsonTest.php" line="187" assertions="2" time="0.017372"/>
        <testcase name="testDrawNumGet" class="App\Controller\CardControllerJsonTest" classname="App.Controller.CardControllerJsonTest" file="/home/sofie/dbwebb-kurser/mvc/me/report/tests/Controller/CardControllerJsonTest.php" line="214" assertions="2" time="0.020687"/>
        <testcase name="testApiCardHandPost" class="App\Controller\CardControllerJsonTest" classname="App.Controller.CardControllerJsonTest" file="/home/sofie/dbwebb-kurser/mvc/me/report/tests/Controller/CardControllerJsonTest.php" line="240" assertions="2" time="0.021658"/>
        <testcase name="testCardHandGet" class="App\Controller\CardControllerJsonTest" classname="App.Controller.CardControllerJsonTest" file="/home/sofie/dbwebb-kurser/mvc/me/report/tests/Controller/CardControllerJsonTest.php" line="265" assertions="2" time="0.014924"/>
      </testsuite>
      <testsuite name="App\Controller\CardControllerTest" file="/home/sofie/dbwebb-kurser/mvc/me/report/tests/Controller/CardControllerTest.php" tests="9" assertions="24" errors="0" warnings="0" failures="0" skipped="0" time="0.233687">
        <testcase name="testCardStart" class="App\Controller\CardControllerTest" classname="App.Controller.CardControllerTest" file="/home/sofie/dbwebb-kurser/mvc/me/report/tests/Controller/CardControllerTest.php" line="17" assertions="3" time="0.044907"/>
        <testcase name="testCardDeck" class="App\Controller\CardControllerTest" classname="App.Controller.CardControllerTest" file="/home/sofie/dbwebb-kurser/mvc/me/report/tests/Controller/CardControllerTest.php" line="36" assertions="3" time="0.026431"/>
        <testcase name="testDeckSort" class="App\Controller\CardControllerTest" classname="App.Controller.CardControllerTest" file="/home/sofie/dbwebb-kurser/mvc/me/report/tests/Controller/CardControllerTest.php" line="54" assertions="2" time="0.019083"/>
        <testcase name="testDeckInit" class="App\Controller\CardControllerTest" classname="App.Controller.CardControllerTest" file="/home/sofie/dbwebb-kurser/mvc/me/report/tests/Controller/CardControllerTest.php" line="76" assertions="2" time="0.019291"/>
        <testcase name="testCardShuffle" class="App\Controller\CardControllerTest" classname="App.Controller.CardControllerTest" file="/home/sofie/dbwebb-kurser/mvc/me/report/tests/Controller/CardControllerTest.php" line="98" assertions="3" time="0.031226"/>
        <testcase name="testDrawCard" class="App\Controller\CardControllerTest" classname="App.Controller.CardControllerTest" file="/home/sofie/dbwebb-kurser/mvc/me/report/tests/Controller/CardControllerTest.php" line="116" assertions="3" time="0.024915"/>
        <testcase name="testDrawCardNum" class="App\Controller\CardControllerTest" classname="App.Controller.CardControllerTest" file="/home/sofie/dbwebb-kurser/mvc/me/report/tests/Controller/CardControllerTest.php" line="134" assertions="3" time="0.022897"/>
        <testcase name="testCardHand" class="App\Controller\CardControllerTest" classname="App.Controller.CardControllerTest" file="/home/sofie/dbwebb-kurser/mvc/me/report/tests/Controller/CardControllerTest.php" line="152" assertions="3" time="0.027331"/>
        <testcase name="testcreateCardHand" class="App\Controller\CardControllerTest" classname="App.Controller.CardControllerTest" file="/home/sofie/dbwebb-kurser/mvc/me/report/tests/Controller/CardControllerTest.php" line="170" assertions="2" time="0.017606"/>
      </testsuite>
      <testsuite name="App\Controller\GameControllerJsonTest" file="/home/sofie/dbwebb-kurser/mvc/me/report/tests/Controller/GameControllerJsonTest.php" tests="1" assertions="3" errors="0" warnings="0" failures="0" skipped="0" time="0.005146">
        <testcase name="testApiGameReturnsJsonResponse" class="App\Controller\GameControllerJsonTest" classname="App.Controller.GameControllerJsonTest" file="/home/sofie/dbwebb-kurser/mvc/me/report/tests/Controller/GameControllerJsonTest.php" line="18" assertions="3" time="0.005146"/>
      </testsuite>
      <testsuite name="App\Controller\GameControllerTest" file="/home/sofie/dbwebb-kurser/mvc/me/report/tests/Controller/GameControllerTest.php" tests="8" assertions="19" errors="0" warnings="0" failures="0" skipped="0" time="0.152385">
        <testcase name="testGameStart" class="App\Controller\GameControllerTest" classname="App.Controller.GameControllerTest" file="/home/sofie/dbwebb-kurser/mvc/me/report/tests/Controller/GameControllerTest.php" line="17" assertions="3" time="0.023667"/>
        <testcase name="testDocRoute" class="App\Controller\GameControllerTest" classname="App.Controller.GameControllerTest" file="/home/sofie/dbwebb-kurser/mvc/me/report/tests/Controller/GameControllerTest.php" line="36" assertions="3" time="0.016636"/>
        <testcase name="testGameDraw" class="App\Controller\GameControllerTest" classname="App.Controller.GameControllerTest" file="/home/sofie/dbwebb-kurser/mvc/me/report/tests/Controller/GameControllerTest.php" line="54" assertions="2" time="0.018418"/>
        <testcase name="testGameInit" class="App\Controller\GameControllerTest" classname="App.Controller.GameControllerTest" file="/home/sofie/dbwebb-kurser/mvc/me/report/tests/Controller/GameControllerTest.php" line="79" assertions="2" time="0.016717"/>
        <testcase name="testGameNewRound" class="App\Controller\GameControllerTest" classname="App.Controller.GameControllerTest" file="/home/sofie/dbwebb-kurser/mvc/me/report/tests/Controller/GameControllerTest.php" line="104" assertions="2" time="0.017690"/>
        <testcase name="testGamePlay" class="App\Controller\GameControllerTest" classname="App.Controller.GameControllerTest" file="/home/sofie/dbwebb-kurser/mvc/me/report/tests/Controller/GameControllerTest.php" line="128" assertions="3" time="0.026591"/>
        <testcase name="testSwitchPlayer" class="App\Controller\GameControllerTest" classname="App.Controller.GameControllerTest" file="/home/sofie/dbwebb-kurser/mvc/me/report/tests/Controller/GameControllerTest.php" line="146" assertions="2" time="0.014835"/>
        <testcase name="testGameBet" class="App\Controller\GameControllerTest" classname="App.Controller.GameControllerTest" file="/home/sofie/dbwebb-kurser/mvc/me/report/tests/Controller/GameControllerTest.php" line="170" assertions="2" time="0.017831"/>
      </testsuite>
      <testsuite name="App\Dice\DiceGraphicTest" file="/home/sofie/dbwebb-kurser/mvc/me/report/tests/Dice/DiceGraphicTest.php" tests="1" assertions="6" errors="0" warnings="0" failures="0" skipped="0" time="0.001219">
        <testcase name="testGetAsString" class="App\Dice\DiceGraphicTest" classname="App.Dice.DiceGraphicTest" file="/home/sofie/dbwebb-kurser/mvc/me/report/tests/Dice/DiceGraphicTest.php" line="12" assertions="6" time="0.001219"/>
      </testsuite>
      <testsuite name="App\Dice\DiceHandTest" file="/home/sofie/dbwebb-kurser/mvc/me/report/tests/Dice/DiceHandTest.php" tests="4" assertions="11" errors="0" warnings="0" failures="0" skipped="0" time="0.005713">
        <testcase name="testAddStubbedDices" class="App\Dice\DiceHandTest" classname="App.Dice.DiceHandTest" file="/home/sofie/dbwebb-kurser/mvc/me/report/tests/Dice/DiceHandTest.php" line="15" assertions="1" time="0.002146"/>
        <testcase name="testAddAddsDieToHand" class="App\Dice\DiceHandTest" classname="App.Dice.DiceHandTest" file="/home/sofie/dbwebb-kurser/mvc/me/report/tests/Dice/DiceHandTest.php" line="39" assertions="1" time="0.000448"/>
        <testcase name="testRollRollsAllDiceInHand" class="App\Dice\DiceHandTest" classname="App.Dice.DiceHandTest" file="/home/sofie/dbwebb-kurser/mvc/me/report/tests/Dice/DiceHandTest.php" line="51" assertions="8" time="0.002161"/>
        <testcase name="testGetStringReturnsArrayOfStrings" class="App\Dice\DiceHandTest" classname="App.Dice.DiceHandTest" file="/home/sofie/dbwebb-kurser/mvc/me/report/tests/Dice/DiceHandTest.php" line="72" assertions="1" time="0.000958"/>
      </testsuite>
      <testsuite name="App\Dice\DiceTest" file="/home/sofie/dbwebb-kurser/mvc/me/report/tests/Dice/DiceTest.php" tests="4" assertions="208" errors="0" warnings="0" failures="0" skipped="0" time="0.008785">
        <testcase name="testCreateDice" class="App\Dice\DiceTest" classname="App.Dice.DiceTest" file="/home/sofie/dbwebb-kurser/mvc/me/report/tests/Dice/DiceTest.php" line="16" assertions="2" time="0.000566"/>
        <testcase name="testStubRollDiceLastRoll" class="App\Dice\DiceTest" classname="App.Dice.DiceTest" file="/home/sofie/dbwebb-kurser/mvc/me/report/tests/Dice/DiceTest.php" line="30" assertions="1" time="0.000734"/>
        <testcase name="testRollDice" class="App\Dice\DiceTest" classname="App.Dice.DiceTest" file="/home/sofie/dbwebb-kurser/mvc/me/report/tests/Dice/DiceTest.php" line="50" assertions="201" time="0.006903"/>
        <testcase name="testGetValue" class="App\Dice\DiceTest" classname="App.Dice.DiceTest" file="/home/sofie/dbwebb-kurser/mvc/me/report/tests/Dice/DiceTest.php" line="75" assertions="4" time="0.000582"/>
      </testsuite>
      <testsuite name="App\Game\GameTest" file="/home/sofie/dbwebb-kurser/mvc/me/report/tests/Game/GameTest.php" tests="10" assertions="14" errors="0" warnings="0" failures="0" skipped="0" time="0.010282">
        <testcase name="testCreateGame" class="App\Game\GameTest" classname="App.Game.GameTest" file="/home/sofie/dbwebb-kurser/mvc/me/report/tests/Game/GameTest.php" line="18" assertions="2" time="0.000856"/>
        <testcase name="testCreateGameWithMoney" class="App\Game\GameTest" classname="App.Game.GameTest" file="/home/sofie/dbwebb-kurser/mvc/me/report/tests/Game/GameTest.php" line="37" assertions="2" time="0.000896"/>
        <testcase name="testGetCurrentPlayer" class="App\Game\GameTest" classname="App.Game.GameTest" file="/home/sofie/dbwebb-kurser/mvc/me/report/tests/Game/GameTest.php" line="57" assertions="2" time="0.000722"/>
        <testcase name="testSetAndGetBet" class="App\Game\GameTest" classname="App.Game.GameTest" file="/home/sofie/dbwebb-kurser/mvc/me/report/tests/Game/GameTest.php" line="81" assertions="1" time="0.000701"/>
        <testcase name="testCurrentPlayersTurn" class="App\Game\GameTest" classname="App.Game.GameTest" file="/home/sofie/dbwebb-kurser/mvc/me/report/tests/Game/GameTest.php" line="99" assertions="1" time="0.000825"/>
        <testcase name="testCheckResultPlayerWins" class="App\Game\GameTest" classname="App.Game.GameTest" file="/home/sofie/dbwebb-kurser/mvc/me/report/tests/Game/GameTest.php" line="120" assertions="1" time="0.001111"/>
        <testcase name="testCheckResultDealerWinsWith21" class="App\Game\GameTest" classname="App.Game.GameTest" file="/home/sofie/dbwebb-kurser/mvc/me/report/tests/Game/GameTest.php" line="144" assertions="1" time="0.001366"/>
        <testcase name="testCheckResultPlayerOver21" class="App\Game\GameTest" classname="App.Game.GameTest" file="/home/sofie/dbwebb-kurser/mvc/me/report/tests/Game/GameTest.php" line="167" assertions="1" time="0.001370"/>
        <testcase name="testCheckResultDealerOver21" class="App\Game\GameTest" classname="App.Game.GameTest" file="/home/sofie/dbwebb-kurser/mvc/me/report/tests/Game/GameTest.php" line="192" assertions="1" time="0.000948"/>
        <testcase name="testCheckResultEqualScore" class="App\Game\GameTest" classname="App.Game.GameTest" file="/home/sofie/dbwebb-kurser/mvc/me/report/tests/Game/GameTest.php" line="224" assertions="2" time="0.001487"/>
      </testsuite>
      <testsuite name="App\Game\DealerTest" file="/home/sofie/dbwebb-kurser/mvc/me/report/tests/Player/DealerTest.php" tests="2" assertions="2" errors="0" warnings="0" failures="0" skipped="0" time="0.001042">
        <testcase name="testCreateDealer" class="App\Game\DealerTest" classname="App.Game.DealerTest" file="/home/sofie/dbwebb-kurser/mvc/me/report/tests/Player/DealerTest.php" line="18" assertions="1" time="0.000477"/>
        <testcase name="testAddCard" class="App\Game\DealerTest" classname="App.Game.DealerTest" file="/home/sofie/dbwebb-kurser/mvc/me/report/tests/Player/DealerTest.php" line="38" assertions="1" time="0.000565"/>
      </testsuite>
      <testsuite name="App\Game\PlayerTest" file="/home/sofie/dbwebb-kurser/mvc/me/report/tests/Player/PlayerTest.php" tests="7" assertions="11" errors="0" warnings="0" failures="0" skipped="0" time="0.004049">
        <testcase name="testCreatePlayer" class="App\Game\PlayerTest" classname="App.Game.PlayerTest" file="/home/sofie/dbwebb-kurser/mvc/me/report/tests/Player/PlayerTest.php" line="19" assertions="4" time="0.000484"/>
        <testcase name="testAddCard" class="App\Game\PlayerTest" classname="App.Game.PlayerTest" file="/home/sofie/dbwebb-kurser/mvc/me/report/tests/Player/PlayerTest.php" line="45" assertions="2" time="0.000569"/>
        <testcase name="testResetHand" class="App\Game\PlayerTest" classname="App.Game.PlayerTest" file="/home/sofie/dbwebb-kurser/mvc/me/report/tests/Player/PlayerTest.php" line="70" assertions="1" time="0.000466"/>
        <testcase name="testGetScore" class="App\Game\PlayerTest" classname="App.Game.PlayerTest" file="/home/sofie/dbwebb-kurser/mvc/me/report/tests/Player/PlayerTest.php" line="93" assertions="1" time="0.000491"/>
        <testcase name="testStop" class="App\Game\PlayerTest" classname="App.Game.PlayerTest" file="/home/sofie/dbwebb-kurser/mvc/me/report/tests/Player/PlayerTest.php" line="115" assertions="1" time="0.001079"/>
        <testcase name="testUpdateAddMoney" class="App\Game\PlayerTest" classname="App.Game.PlayerTest" file="/home/sofie/dbwebb-kurser/mvc/me/report/tests/Player/PlayerTest.php" line="132" assertions="1" time="0.000508"/>
        <testcase name="testUpdateSubtractMoney" class="App\Game\PlayerTest" classname="App.Game.PlayerTest" file="/home/sofie/dbwebb-kurser/mvc/me/report/tests/Player/PlayerTest.php" line="152" assertions="1" time="0.000451"/>
      </testsuite>
      <testsuite name="App\PokerSquares\GridTest" file="/home/sofie/dbwebb-kurser/mvc/me/report/tests/Project/GridTest.php" tests="15" assertions="16" errors="0" warnings="0" failures="0" skipped="0" time="0.013720">
        <testcase name="testPlaceOk" class="App\PokerSquares\GridTest" classname="App.PokerSquares.GridTest" file="/home/sofie/dbwebb-kurser/mvc/me/report/tests/Project/GridTest.php" line="18" assertions="1" time="0.002653"/>
        <testcase name="testPlaceNotOk" class="App\PokerSquares\GridTest" classname="App.PokerSquares.GridTest" file="/home/sofie/dbwebb-kurser/mvc/me/report/tests/Project/GridTest.php" line="36" assertions="2" time="0.000550"/>
        <testcase name="testGetNumRows" class="App\PokerSquares\GridTest" classname="App.PokerSquares.GridTest" file="/home/sofie/dbwebb-kurser/mvc/me/report/tests/Project/GridTest.php" line="56" assertions="1" time="0.000451"/>
        <testcase name="testGetNumCosl" class="App\PokerSquares\GridTest" classname="App.PokerSquares.GridTest" file="/home/sofie/dbwebb-kurser/mvc/me/report/tests/Project/GridTest.php" line="69" assertions="1" time="0.000738"/>
        <testcase name="testGetGrid" class="App\PokerSquares\GridTest" classname="App.PokerSquares.GridTest" file="/home/sofie/dbwebb-kurser/mvc/me/report/tests/Project/GridTest.php" line="82" assertions="1" time="0.000598"/>
        <testcase name="testGetRowIfFullHandOk" class="App\PokerSquares\GridTest" classname="App.PokerSquares.GridTest" file="/home/sofie/dbwebb-kurser/mvc/me/report/tests/Project/GridTest.php" line="97" assertions="1" time="0.000492"/>
        <testcase name="testGetRowIfFullHandNotOk" class="App\PokerSquares\GridTest" classname="App.PokerSquares.GridTest" file="/home/sofie/dbwebb-kurser/mvc/me/report/tests/Project/GridTest.php" line="126" assertions="1" time="0.000986"/>
        <testcase name="testGetRowIfFullHandWrongIndex" class="App\PokerSquares\GridTest" classname="App.PokerSquares.GridTest" file="/home/sofie/dbwebb-kurser/mvc/me/report/tests/Project/GridTest.php" line="154" assertions="1" time="0.000462"/>
        <testcase name="testGetColIfFullHandOk" class="App\PokerSquares\GridTest" classname="App.PokerSquares.GridTest" file="/home/sofie/dbwebb-kurser/mvc/me/report/tests/Project/GridTest.php" line="185" assertions="1" time="0.000523"/>
        <testcase name="testGetColIfFullHandNotOk" class="App\PokerSquares\GridTest" classname="App.PokerSquares.GridTest" file="/home/sofie/dbwebb-kurser/mvc/me/report/tests/Project/GridTest.php" line="215" assertions="1" time="0.000475"/>
        <testcase name="testGetColIfFullHandWrongIndex" class="App\PokerSquares\GridTest" classname="App.PokerSquares.GridTest" file="/home/sofie/dbwebb-kurser/mvc/me/report/tests/Project/GridTest.php" line="242" assertions="1" time="0.000446"/>
        <testcase name="testGetNumEmptyCells" class="App\PokerSquares\GridTest" classname="App.PokerSquares.GridTest" file="/home/sofie/dbwebb-kurser/mvc/me/report/tests/Project/GridTest.php" line="264" assertions="1" time="0.000559"/>
        <testcase name="testGetGridJson" class="App\PokerSquares\GridTest" classname="App.PokerSquares.GridTest" file="/home/sofie/dbwebb-kurser/mvc/me/report/tests/Project/GridTest.php" line="283" assertions="1" time="0.000475"/>
        <testcase name="testCalulateScoresRow" class="App\PokerSquares\GridTest" classname="App.PokerSquares.GridTest" file="/home/sofie/dbwebb-kurser/mvc/me/report/tests/Project/GridTest.php" line="329" assertions="1" time="0.003472"/>
        <testcase name="testCalulateScoresCol" class="App\PokerSquares\GridTest" classname="App.PokerSquares.GridTest" file="/home/sofie/dbwebb-kurser/mvc/me/report/tests/Project/GridTest.php" line="361" assertions="1" time="0.000840"/>
      </testsuite>
      <testsuite name="App\PokerSquares\HandEvaluatorTest" file="/home/sofie/dbwebb-kurser/mvc/me/report/tests/Project/HandEvaluatorTest.php" tests="10" assertions="20" errors="0" warnings="0" failures="0" skipped="0" time="0.008911">
        <testcase name="testOnePair" class="App\PokerSquares\HandEvaluatorTest" classname="App.PokerSquares.HandEvaluatorTest" file="/home/sofie/dbwebb-kurser/mvc/me/report/tests/Project/HandEvaluatorTest.php" line="18" assertions="2" time="0.000797"/>
        <testcase name="testTwoPairs" class="App\PokerSquares\HandEvaluatorTest" classname="App.PokerSquares.HandEvaluatorTest" file="/home/sofie/dbwebb-kurser/mvc/me/report/tests/Project/HandEvaluatorTest.php" line="42" assertions="2" time="0.000858"/>
        <testcase name="testThreeOfAKind" class="App\PokerSquares\HandEvaluatorTest" classname="App.PokerSquares.HandEvaluatorTest" file="/home/sofie/dbwebb-kurser/mvc/me/report/tests/Project/HandEvaluatorTest.php" line="66" assertions="2" time="0.001545"/>
        <testcase name="testStraight" class="App\PokerSquares\HandEvaluatorTest" classname="App.PokerSquares.HandEvaluatorTest" file="/home/sofie/dbwebb-kurser/mvc/me/report/tests/Project/HandEvaluatorTest.php" line="91" assertions="2" time="0.000763"/>
        <testcase name="testFlush" class="App\PokerSquares\HandEvaluatorTest" classname="App.PokerSquares.HandEvaluatorTest" file="/home/sofie/dbwebb-kurser/mvc/me/report/tests/Project/HandEvaluatorTest.php" line="116" assertions="2" time="0.000771"/>
        <testcase name="testFullHouse" class="App\PokerSquares\HandEvaluatorTest" classname="App.PokerSquares.HandEvaluatorTest" file="/home/sofie/dbwebb-kurser/mvc/me/report/tests/Project/HandEvaluatorTest.php" line="141" assertions="2" time="0.000823"/>
        <testcase name="testFourOfAKind" class="App\PokerSquares\HandEvaluatorTest" classname="App.PokerSquares.HandEvaluatorTest" file="/home/sofie/dbwebb-kurser/mvc/me/report/tests/Project/HandEvaluatorTest.php" line="167" assertions="2" time="0.000730"/>
        <testcase name="testStraightFlush" class="App\PokerSquares\HandEvaluatorTest" classname="App.PokerSquares.HandEvaluatorTest" file="/home/sofie/dbwebb-kurser/mvc/me/report/tests/Project/HandEvaluatorTest.php" line="192" assertions="2" time="0.000943"/>
        <testcase name="testRoyalFlush" class="App\PokerSquares\HandEvaluatorTest" classname="App.PokerSquares.HandEvaluatorTest" file="/home/sofie/dbwebb-kurser/mvc/me/report/tests/Project/HandEvaluatorTest.php" line="217" assertions="2" time="0.000879"/>
        <testcase name="testNoScore" class="App\PokerSquares\HandEvaluatorTest" classname="App.PokerSquares.HandEvaluatorTest" file="/home/sofie/dbwebb-kurser/mvc/me/report/tests/Project/HandEvaluatorTest.php" line="242" assertions="2" time="0.000802"/>
      </testsuite>
      <testsuite name="App\PokerSquares\SquareGameTest" file="/home/sofie/dbwebb-kurser/mvc/me/report/tests/Project/SquareGameTest.php" tests="8" assertions="13" errors="0" warnings="0" failures="0" skipped="0" time="0.007839">
        <testcase name="testCreateEmptyDeckOfCards" class="App\PokerSquares\SquareGameTest" classname="App.PokerSquares.SquareGameTest" file="/home/sofie/dbwebb-kurser/mvc/me/report/tests/Project/SquareGameTest.php" line="18" assertions="3" time="0.002607"/>
        <testcase name="testDrawCard" class="App\PokerSquares\SquareGameTest" classname="App.PokerSquares.SquareGameTest" file="/home/sofie/dbwebb-kurser/mvc/me/report/tests/Project/SquareGameTest.php" line="34" assertions="2" time="0.000653"/>
        <testcase name="testPlaceCardWithoutDraw" class="App\PokerSquares\SquareGameTest" classname="App.PokerSquares.SquareGameTest" file="/home/sofie/dbwebb-kurser/mvc/me/report/tests/Project/SquareGameTest.php" line="54" assertions="1" time="0.000606"/>
        <testcase name="testPlaceCard" class="App\PokerSquares\SquareGameTest" classname="App.PokerSquares.SquareGameTest" file="/home/sofie/dbwebb-kurser/mvc/me/report/tests/Project/SquareGameTest.php" line="70" assertions="2" time="0.000694"/>
        <testcase name="testGetCurrentCard" class="App\PokerSquares\SquareGameTest" classname="App.PokerSquares.SquareGameTest" file="/home/sofie/dbwebb-kurser/mvc/me/report/tests/Project/SquareGameTest.php" line="92" assertions="1" time="0.000961"/>
        <testcase name="testGetScoring" class="App\PokerSquares\SquareGameTest" classname="App.PokerSquares.SquareGameTest" file="/home/sofie/dbwebb-kurser/mvc/me/report/tests/Project/SquareGameTest.php" line="107" assertions="1" time="0.000828"/>
        <testcase name="testCalculateScores" class="App\PokerSquares\SquareGameTest" classname="App.PokerSquares.SquareGameTest" file="/home/sofie/dbwebb-kurser/mvc/me/report/tests/Project/SquareGameTest.php" line="123" assertions="1" time="0.000750"/>
        <testcase name="testGetJsonGrid" class="App\PokerSquares\SquareGameTest" classname="App.PokerSquares.SquareGameTest" file="/home/sofie/dbwebb-kurser/mvc/me/report/tests/Project/SquareGameTest.php" line="149" assertions="2" time="0.000739"/>
      </testsuite>
      <testsuite name="App\Tests\Service\DeckServiceTest" file="/home/sofie/dbwebb-kurser/mvc/me/report/tests/Service/DeckServiceTest.php" tests="3" assertions="112" errors="0" warnings="0" failures="0" skipped="0" time="0.005069">
        <testcase name="testCreateDeckOfCards" class="App\Tests\Service\DeckServiceTest" classname="App.Tests.Service.DeckServiceTest" file="/home/sofie/dbwebb-kurser/mvc/me/report/tests/Service/DeckServiceTest.php" line="17" assertions="2" time="0.001025"/>
        <testcase name="testCreateDeckOfCards2" class="App\Tests\Service\DeckServiceTest" classname="App.Tests.Service.DeckServiceTest" file="/home/sofie/dbwebb-kurser/mvc/me/report/tests/Service/DeckServiceTest.php" line="32" assertions="107" time="0.003540"/>
        <testcase name="testDealCardsToPlayers" class="App\Tests\Service\DeckServiceTest" classname="App.Tests.Service.DeckServiceTest" file="/home/sofie/dbwebb-kurser/mvc/me/report/tests/Service/DeckServiceTest.php" line="72" assertions="3" time="0.000505"/>
      </testsuite>
    </testsuite>
  </testsuite>
</testsuites>
