<?xml version="1.0" encoding="UTF-8"?>
<testsuites>
  <testsuite name="" tests="139" assertions="559" errors="0" warnings="0" failures="0" skipped="0" time="1.103637">
    <testsuite name="Project Test Suite" tests="139" assertions="559" errors="0" warnings="0" failures="0" skipped="0" time="1.103637">
      <testsuite name="App\Card\CardGraphicTest" file="/home/sofie/dbwebb-kurser/mvc/me/report/tests/Card/CardGraphicTest.php" tests="8" assertions="8" errors="0" warnings="0" failures="0" skipped="0" time="0.011382">
        <testsuite name="App\Card\CardGraphicTest::testGetString" tests="8" assertions="8" errors="0" warnings="0" failures="0" skipped="0" time="0.011382">
          <testcase name="testGetString with data set #0" class="App\Card\CardGraphicTest" classname="App.Card.CardGraphicTest" file="/home/sofie/dbwebb-kurser/mvc/me/report/tests/Card/CardGraphicTest.php" line="15" assertions="1" time="0.008799"/>
          <testcase name="testGetString with data set #1" class="App\Card\CardGraphicTest" classname="App.Card.CardGraphicTest" file="/home/sofie/dbwebb-kurser/mvc/me/report/tests/Card/CardGraphicTest.php" line="15" assertions="1" time="0.000362"/>
          <testcase name="testGetString with data set #2" class="App\Card\CardGraphicTest" classname="App.Card.CardGraphicTest" file="/home/sofie/dbwebb-kurser/mvc/me/report/tests/Card/CardGraphicTest.php" line="15" assertions="1" time="0.000396"/>
          <testcase name="testGetString with data set #3" class="App\Card\CardGraphicTest" classname="App.Card.CardGraphicTest" file="/home/sofie/dbwebb-kurser/mvc/me/report/tests/Card/CardGraphicTest.php" line="15" assertions="1" time="0.000358"/>
          <testcase name="testGetString with data set #4" class="App\Card\CardGraphicTest" classname="App.Card.CardGraphicTest" file="/home/sofie/dbwebb-kurser/mvc/me/report/tests/Card/CardGraphicTest.php" line="15" assertions="1" time="0.000345"/>
          <testcase name="testGetString with data set #5" class="App\Card\CardGraphicTest" classname="App.Card.CardGraphicTest" file="/home/sofie/dbwebb-kurser/mvc/me/report/tests/Card/CardGraphicTest.php" line="15" assertions="1" time="0.000383"/>
          <testcase name="testGetString with data set #6" class="App\Card\CardGraphicTest" classname="App.Card.CardGraphicTest" file="/home/sofie/dbwebb-kurser/mvc/me/report/tests/Card/CardGraphicTest.php" line="15" assertions="1" time="0.000387"/>
          <testcase name="testGetString with data set #7" class="App\Card\CardGraphicTest" classname="App.Card.CardGraphicTest" file="/home/sofie/dbwebb-kurser/mvc/me/report/tests/Card/CardGraphicTest.php" line="15" assertions="1" time="0.000350"/>
        </testsuite>
      </testsuite>
      <testsuite name="App\Card\CardHandTest" file="/home/sofie/dbwebb-kurser/mvc/me/report/tests/Card/CardHandTest.php" tests="7" assertions="12" errors="0" warnings="0" failures="0" skipped="0" time="0.007946">
        <testcase name="testCreateEmptyCardHand" class="App\Card\CardHandTest" classname="App.Card.CardHandTest" file="/home/sofie/dbwebb-kurser/mvc/me/report/tests/Card/CardHandTest.php" line="17" assertions="2" time="0.002308"/>
        <testcase name="testAddCard" class="App\Card\CardHandTest" classname="App.Card.CardHandTest" file="/home/sofie/dbwebb-kurser/mvc/me/report/tests/Card/CardHandTest.php" line="33" assertions="2" time="0.002732"/>
        <testcase name="testAddCards" class="App\Card\CardHandTest" classname="App.Card.CardHandTest" file="/home/sofie/dbwebb-kurser/mvc/me/report/tests/Card/CardHandTest.php" line="76" assertions="2" time="0.000449"/>
        <testcase name="testGetHandAsArray" class="App\Card\CardHandTest" classname="App.Card.CardHandTest" file="/home/sofie/dbwebb-kurser/mvc/me/report/tests/Card/CardHandTest.php" line="103" assertions="3" time="0.001075"/>
        <testcase name="testGetTotalScoreWithNoAces" class="App\Card\CardHandTest" classname="App.Card.CardHandTest" file="/home/sofie/dbwebb-kurser/mvc/me/report/tests/Card/CardHandTest.php" line="135" assertions="1" time="0.000435"/>
        <testcase name="testGetTotalScoreWithAceInLargeHand" class="App\Card\CardHandTest" classname="App.Card.CardHandTest" file="/home/sofie/dbwebb-kurser/mvc/me/report/tests/Card/CardHandTest.php" line="158" assertions="1" time="0.000485"/>
        <testcase name="testGetTotalScoreWithAceInSmallHand" class="App\Card\CardHandTest" classname="App.Card.CardHandTest" file="/home/sofie/dbwebb-kurser/mvc/me/report/tests/Card/CardHandTest.php" line="181" assertions="1" time="0.000462"/>
      </testsuite>
      <testsuite name="App\Card\CardTest" file="/home/sofie/dbwebb-kurser/mvc/me/report/tests/Card/CardTest.php" tests="9" assertions="11" errors="0" warnings="0" failures="0" skipped="0" time="0.004390">
        <testcase name="testCreateCardWithSuitAndValue" class="App\Card\CardTest" classname="App.Card.CardTest" file="/home/sofie/dbwebb-kurser/mvc/me/report/tests/Card/CardTest.php" line="15" assertions="3" time="0.001087"/>
        <testsuite name="App\Card\CardTest::testGetScore" tests="7" assertions="7" errors="0" warnings="0" failures="0" skipped="0" time="0.002881">
          <testcase name="testGetScore with data set #0" class="App\Card\CardTest" classname="App.Card.CardTest" file="/home/sofie/dbwebb-kurser/mvc/me/report/tests/Card/CardTest.php" line="34" assertions="1" time="0.000632"/>
          <testcase name="testGetScore with data set #1" class="App\Card\CardTest" classname="App.Card.CardTest" file="/home/sofie/dbwebb-kurser/mvc/me/report/tests/Card/CardTest.php" line="34" assertions="1" time="0.000396"/>
          <testcase name="testGetScore with data set #2" class="App\Card\CardTest" classname="App.Card.CardTest" file="/home/sofie/dbwebb-kurser/mvc/me/report/tests/Card/CardTest.php" line="34" assertions="1" time="0.000367"/>
          <testcase name="testGetScore with data set #3" class="App\Card\CardTest" classname="App.Card.CardTest" file="/home/sofie/dbwebb-kurser/mvc/me/report/tests/Card/CardTest.php" line="34" assertions="1" time="0.000396"/>
          <testcase name="testGetScore with data set #4" class="App\Card\CardTest" classname="App.Card.CardTest" file="/home/sofie/dbwebb-kurser/mvc/me/report/tests/Card/CardTest.php" line="34" assertions="1" time="0.000366"/>
          <testcase name="testGetScore with data set #5" class="App\Card\CardTest" classname="App.Card.CardTest" file="/home/sofie/dbwebb-kurser/mvc/me/report/tests/Card/CardTest.php" line="34" assertions="1" time="0.000363"/>
          <testcase name="testGetScore with data set #6" class="App\Card\CardTest" classname="App.Card.CardTest" file="/home/sofie/dbwebb-kurser/mvc/me/report/tests/Card/CardTest.php" line="34" assertions="1" time="0.000361"/>
        </testsuite>
        <testcase name="testGetString" class="App\Card\CardTest" classname="App.Card.CardTest" file="/home/sofie/dbwebb-kurser/mvc/me/report/tests/Card/CardTest.php" line="66" assertions="1" time="0.000422"/>
      </testsuite>
      <testsuite name="App\Card\DeckOfCardsTest" file="/home/sofie/dbwebb-kurser/mvc/me/report/tests/Card/DeckOfCardsTest.php" tests="11" assertions="23" errors="0" warnings="0" failures="0" skipped="0" time="0.016559">
        <testcase name="testCreateEmptyDeckOfCards" class="App\Card\DeckOfCardsTest" classname="App.Card.DeckOfCardsTest" file="/home/sofie/dbwebb-kurser/mvc/me/report/tests/Card/DeckOfCardsTest.php" line="17" assertions="2" time="0.003039"/>
        <testcase name="testGetSuitsAndValue" class="App\Card\DeckOfCardsTest" classname="App.Card.DeckOfCardsTest" file="/home/sofie/dbwebb-kurser/mvc/me/report/tests/Card/DeckOfCardsTest.php" line="32" assertions="2" time="0.000480"/>
        <testcase name="testAddCard" class="App\Card\DeckOfCardsTest" classname="App.Card.DeckOfCardsTest" file="/home/sofie/dbwebb-kurser/mvc/me/report/tests/Card/DeckOfCardsTest.php" line="58" assertions="2" time="0.000438"/>
        <testcase name="testSort" class="App\Card\DeckOfCardsTest" classname="App.Card.DeckOfCardsTest" file="/home/sofie/dbwebb-kurser/mvc/me/report/tests/Card/DeckOfCardsTest.php" line="84" assertions="1" time="0.001759"/>
        <testcase name="testFillAndShuffle" class="App\Card\DeckOfCardsTest" classname="App.Card.DeckOfCardsTest" file="/home/sofie/dbwebb-kurser/mvc/me/report/tests/Card/DeckOfCardsTest.php" line="124" assertions="1" time="0.000543"/>
        <testcase name="testShuffle" class="App\Card\DeckOfCardsTest" classname="App.Card.DeckOfCardsTest" file="/home/sofie/dbwebb-kurser/mvc/me/report/tests/Card/DeckOfCardsTest.php" line="138" assertions="8" time="0.008029"/>
        <testcase name="testDrawOneCard" class="App\Card\DeckOfCardsTest" classname="App.Card.DeckOfCardsTest" file="/home/sofie/dbwebb-kurser/mvc/me/report/tests/Card/DeckOfCardsTest.php" line="182" assertions="1" time="0.000463"/>
        <testcase name="testDrawTwoCards" class="App\Card\DeckOfCardsTest" classname="App.Card.DeckOfCardsTest" file="/home/sofie/dbwebb-kurser/mvc/me/report/tests/Card/DeckOfCardsTest.php" line="213" assertions="3" time="0.000479"/>
        <testcase name="testDrawFromEmptyDeck" class="App\Card\DeckOfCardsTest" classname="App.Card.DeckOfCardsTest" file="/home/sofie/dbwebb-kurser/mvc/me/report/tests/Card/DeckOfCardsTest.php" line="250" assertions="1" time="0.000439"/>
        <testcase name="testGetNumberOfCards" class="App\Card\DeckOfCardsTest" classname="App.Card.DeckOfCardsTest" file="/home/sofie/dbwebb-kurser/mvc/me/report/tests/Card/DeckOfCardsTest.php" line="267" assertions="1" time="0.000443"/>
        <testcase name="testGetCardArray" class="App\Card\DeckOfCardsTest" classname="App.Card.DeckOfCardsTest" file="/home/sofie/dbwebb-kurser/mvc/me/report/tests/Card/DeckOfCardsTest.php" line="297" assertions="1" time="0.000447"/>
      </testsuite>
      <testsuite name="App\Controller\CardControllerJsonTest" file="/home/sofie/dbwebb-kurser/mvc/me/report/tests/Controller/CardControllerJsonTest.php" tests="9" assertions="25" errors="0" warnings="0" failures="0" skipped="0" time="0.422606">
        <testcase name="testApiDeck" class="App\Controller\CardControllerJsonTest" classname="App.Controller.CardControllerJsonTest" file="/home/sofie/dbwebb-kurser/mvc/me/report/tests/Controller/CardControllerJsonTest.php" line="22" assertions="6" time="0.041335"/>
        <testcase name="testDeckShufflePost" class="App\Controller\CardControllerJsonTest" classname="App.Controller.CardControllerJsonTest" file="/home/sofie/dbwebb-kurser/mvc/me/report/tests/Controller/CardControllerJsonTest.php" line="77" assertions="2" time="0.282067"/>
        <testcase name="testapiDeckDrawPost" class="App\Controller\CardControllerJsonTest" classname="App.Controller.CardControllerJsonTest" file="/home/sofie/dbwebb-kurser/mvc/me/report/tests/Controller/CardControllerJsonTest.php" line="102" assertions="5" time="0.015177"/>
        <testcase name="testDeckShuffleGet" class="App\Controller\CardControllerJsonTest" classname="App.Controller.CardControllerJsonTest" file="/home/sofie/dbwebb-kurser/mvc/me/report/tests/Controller/CardControllerJsonTest.php" line="139" assertions="2" time="0.013440"/>
        <testcase name="testDrawPost" class="App\Controller\CardControllerJsonTest" classname="App.Controller.CardControllerJsonTest" file="/home/sofie/dbwebb-kurser/mvc/me/report/tests/Controller/CardControllerJsonTest.php" line="163" assertions="2" time="0.014681"/>
        <testcase name="testDrawNumPost" class="App\Controller\CardControllerJsonTest" classname="App.Controller.CardControllerJsonTest" file="/home/sofie/dbwebb-kurser/mvc/me/report/tests/Controller/CardControllerJsonTest.php" line="187" assertions="2" time="0.014234"/>
        <testcase name="testDrawNumGet" class="App\Controller\CardControllerJsonTest" classname="App.Controller.CardControllerJsonTest" file="/home/sofie/dbwebb-kurser/mvc/me/report/tests/Controller/CardControllerJsonTest.php" line="214" assertions="2" time="0.014835"/>
        <testcase name="testApiCardHandPost" class="App\Controller\CardControllerJsonTest" classname="App.Controller.CardControllerJsonTest" file="/home/sofie/dbwebb-kurser/mvc/me/report/tests/Controller/CardControllerJsonTest.php" line="240" assertions="2" time="0.013690"/>
        <testcase name="testCardHandGet" class="App\Controller\CardControllerJsonTest" classname="App.Controller.CardControllerJsonTest" file="/home/sofie/dbwebb-kurser/mvc/me/report/tests/Controller/CardControllerJsonTest.php" line="265" assertions="2" time="0.013146"/>
      </testsuite>
      <testsuite name="App\Controller\CardControllerTest" file="/home/sofie/dbwebb-kurser/mvc/me/report/tests/Controller/CardControllerTest.php" tests="9" assertions="24" errors="0" warnings="0" failures="0" skipped="0" time="0.220817">
        <testcase name="testCardStart" class="App\Controller\CardControllerTest" classname="App.Controller.CardControllerTest" file="/home/sofie/dbwebb-kurser/mvc/me/report/tests/Controller/CardControllerTest.php" line="17" assertions="3" time="0.042850"/>
        <testcase name="testCardDeck" class="App\Controller\CardControllerTest" classname="App.Controller.CardControllerTest" file="/home/sofie/dbwebb-kurser/mvc/me/report/tests/Controller/CardControllerTest.php" line="36" assertions="3" time="0.024371"/>
        <testcase name="testDeckSort" class="App\Controller\CardControllerTest" classname="App.Controller.CardControllerTest" file="/home/sofie/dbwebb-kurser/mvc/me/report/tests/Controller/CardControllerTest.php" line="54" assertions="2" time="0.018444"/>
        <testcase name="testDeckInit" class="App\Controller\CardControllerTest" classname="App.Controller.CardControllerTest" file="/home/sofie/dbwebb-kurser/mvc/me/report/tests/Controller/CardControllerTest.php" line="76" assertions="2" time="0.016901"/>
        <testcase name="testCardShuffle" class="App\Controller\CardControllerTest" classname="App.Controller.CardControllerTest" file="/home/sofie/dbwebb-kurser/mvc/me/report/tests/Controller/CardControllerTest.php" line="98" assertions="3" time="0.028802"/>
        <testcase name="testDrawCard" class="App\Controller\CardControllerTest" classname="App.Controller.CardControllerTest" file="/home/sofie/dbwebb-kurser/mvc/me/report/tests/Controller/CardControllerTest.php" line="116" assertions="3" time="0.021599"/>
        <testcase name="testDrawCardNum" class="App\Controller\CardControllerTest" classname="App.Controller.CardControllerTest" file="/home/sofie/dbwebb-kurser/mvc/me/report/tests/Controller/CardControllerTest.php" line="134" assertions="3" time="0.022122"/>
        <testcase name="testCardHand" class="App\Controller\CardControllerTest" classname="App.Controller.CardControllerTest" file="/home/sofie/dbwebb-kurser/mvc/me/report/tests/Controller/CardControllerTest.php" line="152" assertions="3" time="0.027580"/>
        <testcase name="testcreateCardHand" class="App\Controller\CardControllerTest" classname="App.Controller.CardControllerTest" file="/home/sofie/dbwebb-kurser/mvc/me/report/tests/Controller/CardControllerTest.php" line="170" assertions="2" time="0.018149"/>
      </testsuite>
      <testsuite name="App\Controller\GameControllerJsonTest" file="/home/sofie/dbwebb-kurser/mvc/me/report/tests/Controller/GameControllerJsonTest.php" tests="1" assertions="3" errors="0" warnings="0" failures="0" skipped="0" time="0.003936">
        <testcase name="testApiGameReturnsJsonResponse" class="App\Controller\GameControllerJsonTest" classname="App.Controller.GameControllerJsonTest" file="/home/sofie/dbwebb-kurser/mvc/me/report/tests/Controller/GameControllerJsonTest.php" line="18" assertions="3" time="0.003936"/>
      </testsuite>
      <testsuite name="App\Controller\GameControllerTest" file="/home/sofie/dbwebb-kurser/mvc/me/report/tests/Controller/GameControllerTest.php" tests="8" assertions="19" errors="0" warnings="0" failures="0" skipped="0" time="0.145761">
        <testcase name="testGameStart" class="App\Controller\GameControllerTest" classname="App.Controller.GameControllerTest" file="/home/sofie/dbwebb-kurser/mvc/me/report/tests/Controller/GameControllerTest.php" line="17" assertions="3" time="0.023104"/>
        <testcase name="testDocRoute" class="App\Controller\GameControllerTest" classname="App.Controller.GameControllerTest" file="/home/sofie/dbwebb-kurser/mvc/me/report/tests/Controller/GameControllerTest.php" line="36" assertions="3" time="0.016133"/>
        <testcase name="testGameDraw" class="App\Controller\GameControllerTest" classname="App.Controller.GameControllerTest" file="/home/sofie/dbwebb-kurser/mvc/me/report/tests/Controller/GameControllerTest.php" line="54" assertions="2" time="0.015814"/>
        <testcase name="testGameInit" class="App\Controller\GameControllerTest" classname="App.Controller.GameControllerTest" file="/home/sofie/dbwebb-kurser/mvc/me/report/tests/Controller/GameControllerTest.php" line="79" assertions="2" time="0.015990"/>
        <testcase name="testGameNewRound" class="App\Controller\GameControllerTest" classname="App.Controller.GameControllerTest" file="/home/sofie/dbwebb-kurser/mvc/me/report/tests/Controller/GameControllerTest.php" line="104" assertions="2" time="0.017716"/>
        <testcase name="testGamePlay" class="App\Controller\GameControllerTest" classname="App.Controller.GameControllerTest" file="/home/sofie/dbwebb-kurser/mvc/me/report/tests/Controller/GameControllerTest.php" line="128" assertions="3" time="0.025460"/>
        <testcase name="testSwitchPlayer" class="App\Controller\GameControllerTest" classname="App.Controller.GameControllerTest" file="/home/sofie/dbwebb-kurser/mvc/me/report/tests/Controller/GameControllerTest.php" line="146" assertions="2" time="0.013316"/>
        <testcase name="testGameBet" class="App\Controller\GameControllerTest" classname="App.Controller.GameControllerTest" file="/home/sofie/dbwebb-kurser/mvc/me/report/tests/Controller/GameControllerTest.php" line="170" assertions="2" time="0.018227"/>
      </testsuite>
      <testsuite name="App\Controller\SquareGameControllerApiTest" file="/home/sofie/dbwebb-kurser/mvc/me/report/tests/Controller/SquareGameControllerApiTest.php" tests="7" assertions="11" errors="0" warnings="0" failures="0" skipped="0" time="0.089343">
        <testcase name="testApiStartResponse" class="App\Controller\SquareGameControllerApiTest" classname="App.Controller.SquareGameControllerApiTest" file="/home/sofie/dbwebb-kurser/mvc/me/report/tests/Controller/SquareGameControllerApiTest.php" line="21" assertions="3" time="0.022604"/>
        <testcase name="testApiStartJson" class="App\Controller\SquareGameControllerApiTest" classname="App.Controller.SquareGameControllerApiTest" file="/home/sofie/dbwebb-kurser/mvc/me/report/tests/Controller/SquareGameControllerApiTest.php" line="39" assertions="3" time="0.004939"/>
        <testcase name="testApiGame" class="App\Controller\SquareGameControllerApiTest" classname="App.Controller.SquareGameControllerApiTest" file="/home/sofie/dbwebb-kurser/mvc/me/report/tests/Controller/SquareGameControllerApiTest.php" line="89" assertions="1" time="0.011602"/>
        <testcase name="testApiScore" class="App\Controller\SquareGameControllerApiTest" classname="App.Controller.SquareGameControllerApiTest" file="/home/sofie/dbwebb-kurser/mvc/me/report/tests/Controller/SquareGameControllerApiTest.php" line="109" assertions="1" time="0.011192"/>
        <testcase name="testApiPlayer" class="App\Controller\SquareGameControllerApiTest" classname="App.Controller.SquareGameControllerApiTest" file="/home/sofie/dbwebb-kurser/mvc/me/report/tests/Controller/SquareGameControllerApiTest.php" line="129" assertions="1" time="0.013267"/>
        <testcase name="testApiCells" class="App\Controller\SquareGameControllerApiTest" classname="App.Controller.SquareGameControllerApiTest" file="/home/sofie/dbwebb-kurser/mvc/me/report/tests/Controller/SquareGameControllerApiTest.php" line="147" assertions="1" time="0.010796"/>
        <testcase name="testApiScoring" class="App\Controller\SquareGameControllerApiTest" classname="App.Controller.SquareGameControllerApiTest" file="/home/sofie/dbwebb-kurser/mvc/me/report/tests/Controller/SquareGameControllerApiTest.php" line="165" assertions="1" time="0.014943"/>
      </testsuite>
      <testsuite name="App\Controller\SquareGameControllerTest" file="/home/sofie/dbwebb-kurser/mvc/me/report/tests/Controller/SquareGameControllerTest.php" tests="5" assertions="9" errors="0" warnings="0" failures="0" skipped="0" time="0.119043">
        <testcase name="testGameStart" class="App\Controller\SquareGameControllerTest" classname="App.Controller.SquareGameControllerTest" file="/home/sofie/dbwebb-kurser/mvc/me/report/tests/Controller/SquareGameControllerTest.php" line="18" assertions="3" time="0.017574"/>
        <testcase name="testAbout" class="App\Controller\SquareGameControllerTest" classname="App.Controller.SquareGameControllerTest" file="/home/sofie/dbwebb-kurser/mvc/me/report/tests/Controller/SquareGameControllerTest.php" line="37" assertions="3" time="0.015760"/>
        <testcase name="testStartGame" class="App\Controller\SquareGameControllerTest" classname="App.Controller.SquareGameControllerTest" file="/home/sofie/dbwebb-kurser/mvc/me/report/tests/Controller/SquareGameControllerTest.php" line="55" assertions="1" time="0.026503"/>
        <testcase name="testDrawCard" class="App\Controller\SquareGameControllerTest" classname="App.Controller.SquareGameControllerTest" file="/home/sofie/dbwebb-kurser/mvc/me/report/tests/Controller/SquareGameControllerTest.php" line="70" assertions="1" time="0.029846"/>
        <testcase name="testPlaceCard" class="App\Controller\SquareGameControllerTest" classname="App.Controller.SquareGameControllerTest" file="/home/sofie/dbwebb-kurser/mvc/me/report/tests/Controller/SquareGameControllerTest.php" line="86" assertions="1" time="0.029361"/>
      </testsuite>
      <testsuite name="App\Dice\DiceGraphicTest" file="/home/sofie/dbwebb-kurser/mvc/me/report/tests/Dice/DiceGraphicTest.php" tests="1" assertions="6" errors="0" warnings="0" failures="0" skipped="0" time="0.001372">
        <testcase name="testGetAsString" class="App\Dice\DiceGraphicTest" classname="App.Dice.DiceGraphicTest" file="/home/sofie/dbwebb-kurser/mvc/me/report/tests/Dice/DiceGraphicTest.php" line="12" assertions="6" time="0.001372"/>
      </testsuite>
      <testsuite name="App\Dice\DiceHandTest" file="/home/sofie/dbwebb-kurser/mvc/me/report/tests/Dice/DiceHandTest.php" tests="4" assertions="11" errors="0" warnings="0" failures="0" skipped="0" time="0.005553">
        <testcase name="testAddStubbedDices" class="App\Dice\DiceHandTest" classname="App.Dice.DiceHandTest" file="/home/sofie/dbwebb-kurser/mvc/me/report/tests/Dice/DiceHandTest.php" line="15" assertions="1" time="0.002272"/>
        <testcase name="testAddAddsDieToHand" class="App\Dice\DiceHandTest" classname="App.Dice.DiceHandTest" file="/home/sofie/dbwebb-kurser/mvc/me/report/tests/Dice/DiceHandTest.php" line="39" assertions="1" time="0.000472"/>
        <testcase name="testRollRollsAllDiceInHand" class="App\Dice\DiceHandTest" classname="App.Dice.DiceHandTest" file="/home/sofie/dbwebb-kurser/mvc/me/report/tests/Dice/DiceHandTest.php" line="51" assertions="8" time="0.001981"/>
        <testcase name="testGetStringReturnsArrayOfStrings" class="App\Dice\DiceHandTest" classname="App.Dice.DiceHandTest" file="/home/sofie/dbwebb-kurser/mvc/me/report/tests/Dice/DiceHandTest.php" line="72" assertions="1" time="0.000828"/>
      </testsuite>
      <testsuite name="App\Dice\DiceTest" file="/home/sofie/dbwebb-kurser/mvc/me/report/tests/Dice/DiceTest.php" tests="4" assertions="208" errors="0" warnings="0" failures="0" skipped="0" time="0.011954">
        <testcase name="testCreateDice" class="App\Dice\DiceTest" classname="App.Dice.DiceTest" file="/home/sofie/dbwebb-kurser/mvc/me/report/tests/Dice/DiceTest.php" line="16" assertions="2" time="0.000453"/>
        <testcase name="testStubRollDiceLastRoll" class="App\Dice\DiceTest" classname="App.Dice.DiceTest" file="/home/sofie/dbwebb-kurser/mvc/me/report/tests/Dice/DiceTest.php" line="30" assertions="1" time="0.000717"/>
        <testcase name="testRollDice" class="App\Dice\DiceTest" classname="App.Dice.DiceTest" file="/home/sofie/dbwebb-kurser/mvc/me/report/tests/Dice/DiceTest.php" line="50" assertions="201" time="0.010064"/>
        <testcase name="testGetValue" class="App\Dice\DiceTest" classname="App.Dice.DiceTest" file="/home/sofie/dbwebb-kurser/mvc/me/report/tests/Dice/DiceTest.php" line="75" assertions="4" time="0.000719"/>
      </testsuite>
      <testsuite name="App\Game\GameTest" file="/home/sofie/dbwebb-kurser/mvc/me/report/tests/Game/GameTest.php" tests="10" assertions="14" errors="0" warnings="0" failures="0" skipped="0" time="0.009998">
        <testcase name="testCreateGame" class="App\Game\GameTest" classname="App.Game.GameTest" file="/home/sofie/dbwebb-kurser/mvc/me/report/tests/Game/GameTest.php" line="18" assertions="2" time="0.000730"/>
        <testcase name="testCreateGameWithMoney" class="App\Game\GameTest" classname="App.Game.GameTest" file="/home/sofie/dbwebb-kurser/mvc/me/report/tests/Game/GameTest.php" line="37" assertions="2" time="0.000716"/>
        <testcase name="testGetCurrentPlayer" class="App\Game\GameTest" classname="App.Game.GameTest" file="/home/sofie/dbwebb-kurser/mvc/me/report/tests/Game/GameTest.php" line="57" assertions="2" time="0.000720"/>
        <testcase name="testSetAndGetBet" class="App\Game\GameTest" classname="App.Game.GameTest" file="/home/sofie/dbwebb-kurser/mvc/me/report/tests/Game/GameTest.php" line="81" assertions="1" time="0.000717"/>
        <testcase name="testCurrentPlayersTurn" class="App\Game\GameTest" classname="App.Game.GameTest" file="/home/sofie/dbwebb-kurser/mvc/me/report/tests/Game/GameTest.php" line="99" assertions="1" time="0.000874"/>
        <testcase name="testCheckResultPlayerWins" class="App\Game\GameTest" classname="App.Game.GameTest" file="/home/sofie/dbwebb-kurser/mvc/me/report/tests/Game/GameTest.php" line="120" assertions="1" time="0.000772"/>
        <testcase name="testCheckResultDealerWinsWith21" class="App\Game\GameTest" classname="App.Game.GameTest" file="/home/sofie/dbwebb-kurser/mvc/me/report/tests/Game/GameTest.php" line="144" assertions="1" time="0.000823"/>
        <testcase name="testCheckResultPlayerOver21" class="App\Game\GameTest" classname="App.Game.GameTest" file="/home/sofie/dbwebb-kurser/mvc/me/report/tests/Game/GameTest.php" line="167" assertions="1" time="0.001995"/>
        <testcase name="testCheckResultDealerOver21" class="App\Game\GameTest" classname="App.Game.GameTest" file="/home/sofie/dbwebb-kurser/mvc/me/report/tests/Game/GameTest.php" line="192" assertions="1" time="0.000949"/>
        <testcase name="testCheckResultEqualScore" class="App\Game\GameTest" classname="App.Game.GameTest" file="/home/sofie/dbwebb-kurser/mvc/me/report/tests/Game/GameTest.php" line="224" assertions="2" time="0.001701"/>
      </testsuite>
      <testsuite name="App\Game\DealerTest" file="/home/sofie/dbwebb-kurser/mvc/me/report/tests/Player/DealerTest.php" tests="2" assertions="2" errors="0" warnings="0" failures="0" skipped="0" time="0.000978">
        <testcase name="testCreateDealer" class="App\Game\DealerTest" classname="App.Game.DealerTest" file="/home/sofie/dbwebb-kurser/mvc/me/report/tests/Player/DealerTest.php" line="18" assertions="1" time="0.000454"/>
        <testcase name="testAddCard" class="App\Game\DealerTest" classname="App.Game.DealerTest" file="/home/sofie/dbwebb-kurser/mvc/me/report/tests/Player/DealerTest.php" line="38" assertions="1" time="0.000524"/>
      </testsuite>
      <testsuite name="App\Game\PlayerTest" file="/home/sofie/dbwebb-kurser/mvc/me/report/tests/Player/PlayerTest.php" tests="7" assertions="11" errors="0" warnings="0" failures="0" skipped="0" time="0.003232">
        <testcase name="testCreatePlayer" class="App\Game\PlayerTest" classname="App.Game.PlayerTest" file="/home/sofie/dbwebb-kurser/mvc/me/report/tests/Player/PlayerTest.php" line="19" assertions="4" time="0.000472"/>
        <testcase name="testAddCard" class="App\Game\PlayerTest" classname="App.Game.PlayerTest" file="/home/sofie/dbwebb-kurser/mvc/me/report/tests/Player/PlayerTest.php" line="45" assertions="2" time="0.000467"/>
        <testcase name="testResetHand" class="App\Game\PlayerTest" classname="App.Game.PlayerTest" file="/home/sofie/dbwebb-kurser/mvc/me/report/tests/Player/PlayerTest.php" line="70" assertions="1" time="0.000457"/>
        <testcase name="testGetScore" class="App\Game\PlayerTest" classname="App.Game.PlayerTest" file="/home/sofie/dbwebb-kurser/mvc/me/report/tests/Player/PlayerTest.php" line="93" assertions="1" time="0.000505"/>
        <testcase name="testStop" class="App\Game\PlayerTest" classname="App.Game.PlayerTest" file="/home/sofie/dbwebb-kurser/mvc/me/report/tests/Player/PlayerTest.php" line="115" assertions="1" time="0.000440"/>
        <testcase name="testUpdateAddMoney" class="App\Game\PlayerTest" classname="App.Game.PlayerTest" file="/home/sofie/dbwebb-kurser/mvc/me/report/tests/Player/PlayerTest.php" line="132" assertions="1" time="0.000451"/>
        <testcase name="testUpdateSubtractMoney" class="App\Game\PlayerTest" classname="App.Game.PlayerTest" file="/home/sofie/dbwebb-kurser/mvc/me/report/tests/Player/PlayerTest.php" line="152" assertions="1" time="0.000440"/>
      </testsuite>
      <testsuite name="App\PokerSquares\GridTest" file="/home/sofie/dbwebb-kurser/mvc/me/report/tests/Project/GridTest.php" tests="15" assertions="16" errors="0" warnings="0" failures="0" skipped="0" time="0.009336">
        <testcase name="testPlaceOk" class="App\PokerSquares\GridTest" classname="App.PokerSquares.GridTest" file="/home/sofie/dbwebb-kurser/mvc/me/report/tests/Project/GridTest.php" line="18" assertions="1" time="0.000462"/>
        <testcase name="testPlaceNotOk" class="App\PokerSquares\GridTest" classname="App.PokerSquares.GridTest" file="/home/sofie/dbwebb-kurser/mvc/me/report/tests/Project/GridTest.php" line="36" assertions="2" time="0.001164"/>
        <testcase name="testGetNumRows" class="App\PokerSquares\GridTest" classname="App.PokerSquares.GridTest" file="/home/sofie/dbwebb-kurser/mvc/me/report/tests/Project/GridTest.php" line="56" assertions="1" time="0.000460"/>
        <testcase name="testGetNumCosl" class="App\PokerSquares\GridTest" classname="App.PokerSquares.GridTest" file="/home/sofie/dbwebb-kurser/mvc/me/report/tests/Project/GridTest.php" line="69" assertions="1" time="0.000488"/>
        <testcase name="testGetGrid" class="App\PokerSquares\GridTest" classname="App.PokerSquares.GridTest" file="/home/sofie/dbwebb-kurser/mvc/me/report/tests/Project/GridTest.php" line="82" assertions="1" time="0.000436"/>
        <testcase name="testGetRowIfFullHandOk" class="App\PokerSquares\GridTest" classname="App.PokerSquares.GridTest" file="/home/sofie/dbwebb-kurser/mvc/me/report/tests/Project/GridTest.php" line="97" assertions="1" time="0.000494"/>
        <testcase name="testGetRowIfFullHandNotOk" class="App\PokerSquares\GridTest" classname="App.PokerSquares.GridTest" file="/home/sofie/dbwebb-kurser/mvc/me/report/tests/Project/GridTest.php" line="126" assertions="1" time="0.001602"/>
        <testcase name="testGetRowIfFullHandWrongIndex" class="App\PokerSquares\GridTest" classname="App.PokerSquares.GridTest" file="/home/sofie/dbwebb-kurser/mvc/me/report/tests/Project/GridTest.php" line="154" assertions="1" time="0.000495"/>
        <testcase name="testGetColIfFullHandOk" class="App\PokerSquares\GridTest" classname="App.PokerSquares.GridTest" file="/home/sofie/dbwebb-kurser/mvc/me/report/tests/Project/GridTest.php" line="185" assertions="1" time="0.000505"/>
        <testcase name="testGetColIfFullHandNotOk" class="App\PokerSquares\GridTest" classname="App.PokerSquares.GridTest" file="/home/sofie/dbwebb-kurser/mvc/me/report/tests/Project/GridTest.php" line="215" assertions="1" time="0.000477"/>
        <testcase name="testGetColIfFullHandWrongIndex" class="App\PokerSquares\GridTest" classname="App.PokerSquares.GridTest" file="/home/sofie/dbwebb-kurser/mvc/me/report/tests/Project/GridTest.php" line="242" assertions="1" time="0.000458"/>
        <testcase name="testGetNumEmptyCells" class="App\PokerSquares\GridTest" classname="App.PokerSquares.GridTest" file="/home/sofie/dbwebb-kurser/mvc/me/report/tests/Project/GridTest.php" line="264" assertions="1" time="0.000474"/>
        <testcase name="testGetGridJson" class="App\PokerSquares\GridTest" classname="App.PokerSquares.GridTest" file="/home/sofie/dbwebb-kurser/mvc/me/report/tests/Project/GridTest.php" line="283" assertions="1" time="0.000492"/>
        <testcase name="testCalulateScoresRow" class="App\PokerSquares\GridTest" classname="App.PokerSquares.GridTest" file="/home/sofie/dbwebb-kurser/mvc/me/report/tests/Project/GridTest.php" line="329" assertions="1" time="0.000669"/>
        <testcase name="testCalulateScoresCol" class="App\PokerSquares\GridTest" classname="App.PokerSquares.GridTest" file="/home/sofie/dbwebb-kurser/mvc/me/report/tests/Project/GridTest.php" line="362" assertions="1" time="0.000660"/>
      </testsuite>
      <testsuite name="App\PokerSquares\HandEvaluatorTest" file="/home/sofie/dbwebb-kurser/mvc/me/report/tests/Project/HandEvaluatorTest.php" tests="10" assertions="20" errors="0" warnings="0" failures="0" skipped="0" time="0.008208">
        <testcase name="testOnePair" class="App\PokerSquares\HandEvaluatorTest" classname="App.PokerSquares.HandEvaluatorTest" file="/home/sofie/dbwebb-kurser/mvc/me/report/tests/Project/HandEvaluatorTest.php" line="18" assertions="2" time="0.001144"/>
        <testcase name="testTwoPairs" class="App\PokerSquares\HandEvaluatorTest" classname="App.PokerSquares.HandEvaluatorTest" file="/home/sofie/dbwebb-kurser/mvc/me/report/tests/Project/HandEvaluatorTest.php" line="43" assertions="2" time="0.000803"/>
        <testcase name="testThreeOfAKind" class="App\PokerSquares\HandEvaluatorTest" classname="App.PokerSquares.HandEvaluatorTest" file="/home/sofie/dbwebb-kurser/mvc/me/report/tests/Project/HandEvaluatorTest.php" line="68" assertions="2" time="0.000769"/>
        <testcase name="testStraight" class="App\PokerSquares\HandEvaluatorTest" classname="App.PokerSquares.HandEvaluatorTest" file="/home/sofie/dbwebb-kurser/mvc/me/report/tests/Project/HandEvaluatorTest.php" line="94" assertions="2" time="0.000773"/>
        <testcase name="testFlush" class="App\PokerSquares\HandEvaluatorTest" classname="App.PokerSquares.HandEvaluatorTest" file="/home/sofie/dbwebb-kurser/mvc/me/report/tests/Project/HandEvaluatorTest.php" line="120" assertions="2" time="0.000763"/>
        <testcase name="testFullHouse" class="App\PokerSquares\HandEvaluatorTest" classname="App.PokerSquares.HandEvaluatorTest" file="/home/sofie/dbwebb-kurser/mvc/me/report/tests/Project/HandEvaluatorTest.php" line="146" assertions="2" time="0.000826"/>
        <testcase name="testFourOfAKind" class="App\PokerSquares\HandEvaluatorTest" classname="App.PokerSquares.HandEvaluatorTest" file="/home/sofie/dbwebb-kurser/mvc/me/report/tests/Project/HandEvaluatorTest.php" line="173" assertions="2" time="0.000758"/>
        <testcase name="testStraightFlush" class="App\PokerSquares\HandEvaluatorTest" classname="App.PokerSquares.HandEvaluatorTest" file="/home/sofie/dbwebb-kurser/mvc/me/report/tests/Project/HandEvaluatorTest.php" line="199" assertions="2" time="0.000850"/>
        <testcase name="testRoyalFlush" class="App\PokerSquares\HandEvaluatorTest" classname="App.PokerSquares.HandEvaluatorTest" file="/home/sofie/dbwebb-kurser/mvc/me/report/tests/Project/HandEvaluatorTest.php" line="225" assertions="2" time="0.000767"/>
        <testcase name="testNoScore" class="App\PokerSquares\HandEvaluatorTest" classname="App.PokerSquares.HandEvaluatorTest" file="/home/sofie/dbwebb-kurser/mvc/me/report/tests/Project/HandEvaluatorTest.php" line="251" assertions="2" time="0.000754"/>
      </testsuite>
      <testsuite name="App\PokerSquares\SquareGameTest" file="/home/sofie/dbwebb-kurser/mvc/me/report/tests/Project/SquareGameTest.php" tests="9" assertions="14" errors="0" warnings="0" failures="0" skipped="0" time="0.007940">
        <testcase name="testCreateEmptyDeckOfCards" class="App\PokerSquares\SquareGameTest" classname="App.PokerSquares.SquareGameTest" file="/home/sofie/dbwebb-kurser/mvc/me/report/tests/Project/SquareGameTest.php" line="18" assertions="3" time="0.000669"/>
        <testcase name="testDrawCard" class="App\PokerSquares\SquareGameTest" classname="App.PokerSquares.SquareGameTest" file="/home/sofie/dbwebb-kurser/mvc/me/report/tests/Project/SquareGameTest.php" line="34" assertions="2" time="0.002135"/>
        <testcase name="testPlaceCardWithoutDraw" class="App\PokerSquares\SquareGameTest" classname="App.PokerSquares.SquareGameTest" file="/home/sofie/dbwebb-kurser/mvc/me/report/tests/Project/SquareGameTest.php" line="54" assertions="1" time="0.000642"/>
        <testcase name="testPlaceCard" class="App\PokerSquares\SquareGameTest" classname="App.PokerSquares.SquareGameTest" file="/home/sofie/dbwebb-kurser/mvc/me/report/tests/Project/SquareGameTest.php" line="70" assertions="2" time="0.000660"/>
        <testcase name="testGetCurrentCard" class="App\PokerSquares\SquareGameTest" classname="App.PokerSquares.SquareGameTest" file="/home/sofie/dbwebb-kurser/mvc/me/report/tests/Project/SquareGameTest.php" line="92" assertions="1" time="0.000624"/>
        <testcase name="testGetScoring" class="App\PokerSquares\SquareGameTest" classname="App.PokerSquares.SquareGameTest" file="/home/sofie/dbwebb-kurser/mvc/me/report/tests/Project/SquareGameTest.php" line="107" assertions="1" time="0.000572"/>
        <testcase name="testSetScoring" class="App\PokerSquares\SquareGameTest" classname="App.PokerSquares.SquareGameTest" file="/home/sofie/dbwebb-kurser/mvc/me/report/tests/Project/SquareGameTest.php" line="122" assertions="1" time="0.000586"/>
        <testcase name="testCalculateScores" class="App\PokerSquares\SquareGameTest" classname="App.PokerSquares.SquareGameTest" file="/home/sofie/dbwebb-kurser/mvc/me/report/tests/Project/SquareGameTest.php" line="138" assertions="1" time="0.000674"/>
        <testcase name="testGetJsonGrid" class="App\PokerSquares\SquareGameTest" classname="App.PokerSquares.SquareGameTest" file="/home/sofie/dbwebb-kurser/mvc/me/report/tests/Project/SquareGameTest.php" line="164" assertions="2" time="0.001379"/>
      </testsuite>
      <testsuite name="App\Tests\Service\DeckServiceTest" file="/home/sofie/dbwebb-kurser/mvc/me/report/tests/Service/DeckServiceTest.php" tests="3" assertions="112" errors="0" warnings="0" failures="0" skipped="0" time="0.003283">
        <testcase name="testCreateDeckOfCards" class="App\Tests\Service\DeckServiceTest" classname="App.Tests.Service.DeckServiceTest" file="/home/sofie/dbwebb-kurser/mvc/me/report/tests/Service/DeckServiceTest.php" line="17" assertions="2" time="0.000724"/>
        <testcase name="testCreateDeckOfCards2" class="App\Tests\Service\DeckServiceTest" classname="App.Tests.Service.DeckServiceTest" file="/home/sofie/dbwebb-kurser/mvc/me/report/tests/Service/DeckServiceTest.php" line="32" assertions="107" time="0.002070"/>
        <testcase name="testDealCardsToPlayers" class="App\Tests\Service\DeckServiceTest" classname="App.Tests.Service.DeckServiceTest" file="/home/sofie/dbwebb-kurser/mvc/me/report/tests/Service/DeckServiceTest.php" line="72" assertions="3" time="0.000489"/>
      </testsuite>
    </testsuite>
  </testsuite>
</testsuites>
