<?xml version="1.0" encoding="UTF-8"?>
<testsuites>
  <testsuite name="" tests="65" assertions="313" errors="0" warnings="0" failures="0" skipped="0" time="3.241458">
    <testsuite name="Project Test Suite" tests="65" assertions="313" errors="0" warnings="0" failures="0" skipped="0" time="3.241458">
      <testsuite name="App\Card\CardGraphicTest" file="/home/sofie/dbwebb-kurser/mvc/me/report/tests/Card/CardGraphicTest.php" tests="8" assertions="8" errors="0" warnings="0" failures="0" skipped="0" time="0.014135">
        <testsuite name="App\Card\CardGraphicTest::testGetString" tests="8" assertions="8" errors="0" warnings="0" failures="0" skipped="0" time="0.014135">
          <testcase name="testGetString with data set #0" class="App\Card\CardGraphicTest" classname="App.Card.CardGraphicTest" file="/home/sofie/dbwebb-kurser/mvc/me/report/tests/Card/CardGraphicTest.php" line="15" assertions="1" time="0.011261"/>
          <testcase name="testGetString with data set #1" class="App\Card\CardGraphicTest" classname="App.Card.CardGraphicTest" file="/home/sofie/dbwebb-kurser/mvc/me/report/tests/Card/CardGraphicTest.php" line="15" assertions="1" time="0.000393"/>
          <testcase name="testGetString with data set #2" class="App\Card\CardGraphicTest" classname="App.Card.CardGraphicTest" file="/home/sofie/dbwebb-kurser/mvc/me/report/tests/Card/CardGraphicTest.php" line="15" assertions="1" time="0.000348"/>
          <testcase name="testGetString with data set #3" class="App\Card\CardGraphicTest" classname="App.Card.CardGraphicTest" file="/home/sofie/dbwebb-kurser/mvc/me/report/tests/Card/CardGraphicTest.php" line="15" assertions="1" time="0.000434"/>
          <testcase name="testGetString with data set #4" class="App\Card\CardGraphicTest" classname="App.Card.CardGraphicTest" file="/home/sofie/dbwebb-kurser/mvc/me/report/tests/Card/CardGraphicTest.php" line="15" assertions="1" time="0.000465"/>
          <testcase name="testGetString with data set #5" class="App\Card\CardGraphicTest" classname="App.Card.CardGraphicTest" file="/home/sofie/dbwebb-kurser/mvc/me/report/tests/Card/CardGraphicTest.php" line="15" assertions="1" time="0.000390"/>
          <testcase name="testGetString with data set #6" class="App\Card\CardGraphicTest" classname="App.Card.CardGraphicTest" file="/home/sofie/dbwebb-kurser/mvc/me/report/tests/Card/CardGraphicTest.php" line="15" assertions="1" time="0.000410"/>
          <testcase name="testGetString with data set #7" class="App\Card\CardGraphicTest" classname="App.Card.CardGraphicTest" file="/home/sofie/dbwebb-kurser/mvc/me/report/tests/Card/CardGraphicTest.php" line="15" assertions="1" time="0.000434"/>
        </testsuite>
      </testsuite>
      <testsuite name="App\Card\CardHandTest" file="/home/sofie/dbwebb-kurser/mvc/me/report/tests/Card/CardHandTest.php" tests="7" assertions="12" errors="0" warnings="0" failures="0" skipped="0" time="0.008414">
        <testcase name="testCreateEmptyCardHand" class="App\Card\CardHandTest" classname="App.Card.CardHandTest" file="/home/sofie/dbwebb-kurser/mvc/me/report/tests/Card/CardHandTest.php" line="17" assertions="2" time="0.002471"/>
        <testcase name="testAddCard" class="App\Card\CardHandTest" classname="App.Card.CardHandTest" file="/home/sofie/dbwebb-kurser/mvc/me/report/tests/Card/CardHandTest.php" line="33" assertions="2" time="0.002894"/>
        <testcase name="testAddCards" class="App\Card\CardHandTest" classname="App.Card.CardHandTest" file="/home/sofie/dbwebb-kurser/mvc/me/report/tests/Card/CardHandTest.php" line="76" assertions="2" time="0.000537"/>
        <testcase name="testGetHandAsArray" class="App\Card\CardHandTest" classname="App.Card.CardHandTest" file="/home/sofie/dbwebb-kurser/mvc/me/report/tests/Card/CardHandTest.php" line="103" assertions="3" time="0.001123"/>
        <testcase name="testGetTotalScoreWithNoAces" class="App\Card\CardHandTest" classname="App.Card.CardHandTest" file="/home/sofie/dbwebb-kurser/mvc/me/report/tests/Card/CardHandTest.php" line="135" assertions="1" time="0.000465"/>
        <testcase name="testGetTotalScoreWithAceInLargeHand" class="App\Card\CardHandTest" classname="App.Card.CardHandTest" file="/home/sofie/dbwebb-kurser/mvc/me/report/tests/Card/CardHandTest.php" line="158" assertions="1" time="0.000455"/>
        <testcase name="testGetTotalScoreWithAceInSmallHand" class="App\Card\CardHandTest" classname="App.Card.CardHandTest" file="/home/sofie/dbwebb-kurser/mvc/me/report/tests/Card/CardHandTest.php" line="181" assertions="1" time="0.000470"/>
      </testsuite>
      <testsuite name="App\Card\CardTest" file="/home/sofie/dbwebb-kurser/mvc/me/report/tests/Card/CardTest.php" tests="9" assertions="11" errors="0" warnings="0" failures="0" skipped="0" time="0.004682">
        <testcase name="testCreateCardWithSuitAndValue" class="App\Card\CardTest" classname="App.Card.CardTest" file="/home/sofie/dbwebb-kurser/mvc/me/report/tests/Card/CardTest.php" line="15" assertions="3" time="0.001122"/>
        <testsuite name="App\Card\CardTest::testGetScore" tests="7" assertions="7" errors="0" warnings="0" failures="0" skipped="0" time="0.003142">
          <testcase name="testGetScore with data set #0" class="App\Card\CardTest" classname="App.Card.CardTest" file="/home/sofie/dbwebb-kurser/mvc/me/report/tests/Card/CardTest.php" line="34" assertions="1" time="0.000461"/>
          <testcase name="testGetScore with data set #1" class="App\Card\CardTest" classname="App.Card.CardTest" file="/home/sofie/dbwebb-kurser/mvc/me/report/tests/Card/CardTest.php" line="34" assertions="1" time="0.000498"/>
          <testcase name="testGetScore with data set #2" class="App\Card\CardTest" classname="App.Card.CardTest" file="/home/sofie/dbwebb-kurser/mvc/me/report/tests/Card/CardTest.php" line="34" assertions="1" time="0.000533"/>
          <testcase name="testGetScore with data set #3" class="App\Card\CardTest" classname="App.Card.CardTest" file="/home/sofie/dbwebb-kurser/mvc/me/report/tests/Card/CardTest.php" line="34" assertions="1" time="0.000511"/>
          <testcase name="testGetScore with data set #4" class="App\Card\CardTest" classname="App.Card.CardTest" file="/home/sofie/dbwebb-kurser/mvc/me/report/tests/Card/CardTest.php" line="34" assertions="1" time="0.000378"/>
          <testcase name="testGetScore with data set #5" class="App\Card\CardTest" classname="App.Card.CardTest" file="/home/sofie/dbwebb-kurser/mvc/me/report/tests/Card/CardTest.php" line="34" assertions="1" time="0.000370"/>
          <testcase name="testGetScore with data set #6" class="App\Card\CardTest" classname="App.Card.CardTest" file="/home/sofie/dbwebb-kurser/mvc/me/report/tests/Card/CardTest.php" line="34" assertions="1" time="0.000390"/>
        </testsuite>
        <testcase name="testGetString" class="App\Card\CardTest" classname="App.Card.CardTest" file="/home/sofie/dbwebb-kurser/mvc/me/report/tests/Card/CardTest.php" line="66" assertions="1" time="0.000419"/>
      </testsuite>
      <testsuite name="App\Card\DeckOfCardsTest" file="/home/sofie/dbwebb-kurser/mvc/me/report/tests/Card/DeckOfCardsTest.php" tests="10" assertions="22" errors="0" warnings="0" failures="0" skipped="0" time="0.013341">
        <testcase name="testCreateEmptyDeckOfCards" class="App\Card\DeckOfCardsTest" classname="App.Card.DeckOfCardsTest" file="/home/sofie/dbwebb-kurser/mvc/me/report/tests/Card/DeckOfCardsTest.php" line="17" assertions="2" time="0.002867"/>
        <testcase name="testGetSuitsAndValue" class="App\Card\DeckOfCardsTest" classname="App.Card.DeckOfCardsTest" file="/home/sofie/dbwebb-kurser/mvc/me/report/tests/Card/DeckOfCardsTest.php" line="33" assertions="2" time="0.000490"/>
        <testcase name="testAddCard" class="App\Card\DeckOfCardsTest" classname="App.Card.DeckOfCardsTest" file="/home/sofie/dbwebb-kurser/mvc/me/report/tests/Card/DeckOfCardsTest.php" line="59" assertions="2" time="0.000495"/>
        <testcase name="testSort" class="App\Card\DeckOfCardsTest" classname="App.Card.DeckOfCardsTest" file="/home/sofie/dbwebb-kurser/mvc/me/report/tests/Card/DeckOfCardsTest.php" line="85" assertions="1" time="0.001701"/>
        <testcase name="testShuffle" class="App\Card\DeckOfCardsTest" classname="App.Card.DeckOfCardsTest" file="/home/sofie/dbwebb-kurser/mvc/me/report/tests/Card/DeckOfCardsTest.php" line="126" assertions="8" time="0.004754"/>
        <testcase name="testDrawOneCard" class="App\Card\DeckOfCardsTest" classname="App.Card.DeckOfCardsTest" file="/home/sofie/dbwebb-kurser/mvc/me/report/tests/Card/DeckOfCardsTest.php" line="170" assertions="1" time="0.000509"/>
        <testcase name="testDrawTwoCards" class="App\Card\DeckOfCardsTest" classname="App.Card.DeckOfCardsTest" file="/home/sofie/dbwebb-kurser/mvc/me/report/tests/Card/DeckOfCardsTest.php" line="201" assertions="3" time="0.000586"/>
        <testcase name="testDrawFromEmptyDeck" class="App\Card\DeckOfCardsTest" classname="App.Card.DeckOfCardsTest" file="/home/sofie/dbwebb-kurser/mvc/me/report/tests/Card/DeckOfCardsTest.php" line="238" assertions="1" time="0.000484"/>
        <testcase name="testGetNumberOfCards" class="App\Card\DeckOfCardsTest" classname="App.Card.DeckOfCardsTest" file="/home/sofie/dbwebb-kurser/mvc/me/report/tests/Card/DeckOfCardsTest.php" line="255" assertions="1" time="0.000927"/>
        <testcase name="testGetCardArray" class="App\Card\DeckOfCardsTest" classname="App.Card.DeckOfCardsTest" file="/home/sofie/dbwebb-kurser/mvc/me/report/tests/Card/DeckOfCardsTest.php" line="285" assertions="1" time="0.000528"/>
      </testsuite>
      <testsuite name="App\Controller\GameControllerJsonTest" file="/home/sofie/dbwebb-kurser/mvc/me/report/tests/Controller/GameControllerJsonTest.php" tests="1" assertions="3" errors="0" warnings="0" failures="0" skipped="0" time="0.035201">
        <testcase name="testApiGameReturnsJsonResponse" class="App\Controller\GameControllerJsonTest" classname="App.Controller.GameControllerJsonTest" file="/home/sofie/dbwebb-kurser/mvc/me/report/tests/Controller/GameControllerJsonTest.php" line="18" assertions="3" time="0.035201"/>
      </testsuite>
      <testsuite name="App\Controller\GameControllerTest" file="/home/sofie/dbwebb-kurser/mvc/me/report/tests/Controller/GameControllerTest.php" tests="2" assertions="6" errors="0" warnings="0" failures="0" skipped="0" time="3.134422">
        <testcase name="testGameStart" class="App\Controller\GameControllerTest" classname="App.Controller.GameControllerTest" file="/home/sofie/dbwebb-kurser/mvc/me/report/tests/Controller/GameControllerTest.php" line="19" assertions="3" time="3.106265"/>
        <testcase name="testDocRoute" class="App\Controller\GameControllerTest" classname="App.Controller.GameControllerTest" file="/home/sofie/dbwebb-kurser/mvc/me/report/tests/Controller/GameControllerTest.php" line="38" assertions="3" time="0.028157"/>
      </testsuite>
      <testsuite name="App\Dice\DiceGraphicTest" file="/home/sofie/dbwebb-kurser/mvc/me/report/tests/Dice/DiceGraphicTest.php" tests="1" assertions="6" errors="0" warnings="0" failures="0" skipped="0" time="0.000635">
        <testcase name="testGetAsString" class="App\Dice\DiceGraphicTest" classname="App.Dice.DiceGraphicTest" file="/home/sofie/dbwebb-kurser/mvc/me/report/tests/Dice/DiceGraphicTest.php" line="12" assertions="6" time="0.000635"/>
      </testsuite>
      <testsuite name="App\Dice\DiceHandTest" file="/home/sofie/dbwebb-kurser/mvc/me/report/tests/Dice/DiceHandTest.php" tests="4" assertions="11" errors="0" warnings="0" failures="0" skipped="0" time="0.005027">
        <testcase name="testAddStubbedDices" class="App\Dice\DiceHandTest" classname="App.Dice.DiceHandTest" file="/home/sofie/dbwebb-kurser/mvc/me/report/tests/Dice/DiceHandTest.php" line="15" assertions="1" time="0.001357"/>
        <testcase name="testAddAddsDieToHand" class="App\Dice\DiceHandTest" classname="App.Dice.DiceHandTest" file="/home/sofie/dbwebb-kurser/mvc/me/report/tests/Dice/DiceHandTest.php" line="39" assertions="1" time="0.000499"/>
        <testcase name="testRollRollsAllDiceInHand" class="App\Dice\DiceHandTest" classname="App.Dice.DiceHandTest" file="/home/sofie/dbwebb-kurser/mvc/me/report/tests/Dice/DiceHandTest.php" line="51" assertions="8" time="0.002267"/>
        <testcase name="testGetStringReturnsArrayOfStrings" class="App\Dice\DiceHandTest" classname="App.Dice.DiceHandTest" file="/home/sofie/dbwebb-kurser/mvc/me/report/tests/Dice/DiceHandTest.php" line="72" assertions="1" time="0.000903"/>
      </testsuite>
      <testsuite name="App\Dice\DiceTest" file="/home/sofie/dbwebb-kurser/mvc/me/report/tests/Dice/DiceTest.php" tests="4" assertions="208" errors="0" warnings="0" failures="0" skipped="0" time="0.010896">
        <testcase name="testCreateDice" class="App\Dice\DiceTest" classname="App.Dice.DiceTest" file="/home/sofie/dbwebb-kurser/mvc/me/report/tests/Dice/DiceTest.php" line="16" assertions="2" time="0.000544"/>
        <testcase name="testStubRollDiceLastRoll" class="App\Dice\DiceTest" classname="App.Dice.DiceTest" file="/home/sofie/dbwebb-kurser/mvc/me/report/tests/Dice/DiceTest.php" line="30" assertions="1" time="0.000739"/>
        <testcase name="testRollDice" class="App\Dice\DiceTest" classname="App.Dice.DiceTest" file="/home/sofie/dbwebb-kurser/mvc/me/report/tests/Dice/DiceTest.php" line="50" assertions="201" time="0.008900"/>
        <testcase name="testGetValue" class="App\Dice\DiceTest" classname="App.Dice.DiceTest" file="/home/sofie/dbwebb-kurser/mvc/me/report/tests/Dice/DiceTest.php" line="75" assertions="4" time="0.000713"/>
      </testsuite>
      <testsuite name="App\Game\GameTest" file="/home/sofie/dbwebb-kurser/mvc/me/report/tests/Game/GameTest.php" tests="10" assertions="13" errors="0" warnings="0" failures="0" skipped="0" time="0.008249">
        <testcase name="testCreateGame" class="App\Game\GameTest" classname="App.Game.GameTest" file="/home/sofie/dbwebb-kurser/mvc/me/report/tests/Game/GameTest.php" line="18" assertions="2" time="0.000836"/>
        <testcase name="testCreateGameWithMoney" class="App\Game\GameTest" classname="App.Game.GameTest" file="/home/sofie/dbwebb-kurser/mvc/me/report/tests/Game/GameTest.php" line="37" assertions="2" time="0.000835"/>
        <testcase name="testGetCurrentPlayer" class="App\Game\GameTest" classname="App.Game.GameTest" file="/home/sofie/dbwebb-kurser/mvc/me/report/tests/Game/GameTest.php" line="57" assertions="2" time="0.000739"/>
        <testcase name="testSetAndGetBet" class="App\Game\GameTest" classname="App.Game.GameTest" file="/home/sofie/dbwebb-kurser/mvc/me/report/tests/Game/GameTest.php" line="81" assertions="1" time="0.000783"/>
        <testcase name="testCurrentPlayersTurn" class="App\Game\GameTest" classname="App.Game.GameTest" file="/home/sofie/dbwebb-kurser/mvc/me/report/tests/Game/GameTest.php" line="99" assertions="1" time="0.000804"/>
        <testcase name="testCheckResultPlayerWins" class="App\Game\GameTest" classname="App.Game.GameTest" file="/home/sofie/dbwebb-kurser/mvc/me/report/tests/Game/GameTest.php" line="120" assertions="1" time="0.000850"/>
        <testcase name="testCheckResultDealerWinsWith21" class="App\Game\GameTest" classname="App.Game.GameTest" file="/home/sofie/dbwebb-kurser/mvc/me/report/tests/Game/GameTest.php" line="144" assertions="1" time="0.000804"/>
        <testcase name="testCheckResultPlayerOver21" class="App\Game\GameTest" classname="App.Game.GameTest" file="/home/sofie/dbwebb-kurser/mvc/me/report/tests/Game/GameTest.php" line="167" assertions="1" time="0.000788"/>
        <testcase name="testCheckResultDealerOver21" class="App\Game\GameTest" classname="App.Game.GameTest" file="/home/sofie/dbwebb-kurser/mvc/me/report/tests/Game/GameTest.php" line="192" assertions="1" time="0.000953"/>
        <testcase name="testCheckResultEqualScore" class="App\Game\GameTest" classname="App.Game.GameTest" file="/home/sofie/dbwebb-kurser/mvc/me/report/tests/Game/GameTest.php" line="224" assertions="1" time="0.000857"/>
      </testsuite>
      <testsuite name="App\Game\DealerTest" file="/home/sofie/dbwebb-kurser/mvc/me/report/tests/Player/DealerTest.php" tests="2" assertions="2" errors="0" warnings="0" failures="0" skipped="0" time="0.002002">
        <testcase name="testCreateDealer" class="App\Game\DealerTest" classname="App.Game.DealerTest" file="/home/sofie/dbwebb-kurser/mvc/me/report/tests/Player/DealerTest.php" line="18" assertions="1" time="0.000877"/>
        <testcase name="testAddCard" class="App\Game\DealerTest" classname="App.Game.DealerTest" file="/home/sofie/dbwebb-kurser/mvc/me/report/tests/Player/DealerTest.php" line="38" assertions="1" time="0.001124"/>
      </testsuite>
      <testsuite name="App\Game\PlayerTest" file="/home/sofie/dbwebb-kurser/mvc/me/report/tests/Player/PlayerTest.php" tests="7" assertions="11" errors="0" warnings="0" failures="0" skipped="0" time="0.004453">
        <testcase name="testCreatePlayer" class="App\Game\PlayerTest" classname="App.Game.PlayerTest" file="/home/sofie/dbwebb-kurser/mvc/me/report/tests/Player/PlayerTest.php" line="19" assertions="4" time="0.001224"/>
        <testcase name="testAddCard" class="App\Game\PlayerTest" classname="App.Game.PlayerTest" file="/home/sofie/dbwebb-kurser/mvc/me/report/tests/Player/PlayerTest.php" line="45" assertions="2" time="0.000485"/>
        <testcase name="testResetHand" class="App\Game\PlayerTest" classname="App.Game.PlayerTest" file="/home/sofie/dbwebb-kurser/mvc/me/report/tests/Player/PlayerTest.php" line="70" assertions="1" time="0.000481"/>
        <testcase name="testGetScore" class="App\Game\PlayerTest" classname="App.Game.PlayerTest" file="/home/sofie/dbwebb-kurser/mvc/me/report/tests/Player/PlayerTest.php" line="93" assertions="1" time="0.000836"/>
        <testcase name="testStop" class="App\Game\PlayerTest" classname="App.Game.PlayerTest" file="/home/sofie/dbwebb-kurser/mvc/me/report/tests/Player/PlayerTest.php" line="115" assertions="1" time="0.000494"/>
        <testcase name="testUpdateAddMoney" class="App\Game\PlayerTest" classname="App.Game.PlayerTest" file="/home/sofie/dbwebb-kurser/mvc/me/report/tests/Player/PlayerTest.php" line="132" assertions="1" time="0.000497"/>
        <testcase name="testUpdateSubtractMoney" class="App\Game\PlayerTest" classname="App.Game.PlayerTest" file="/home/sofie/dbwebb-kurser/mvc/me/report/tests/Player/PlayerTest.php" line="152" assertions="1" time="0.000435"/>
      </testsuite>
    </testsuite>
  </testsuite>
</testsuites>
