<?xml version="1.0" encoding="UTF-8"?>
<testsuites>
  <testsuite name="" tests="92" assertions="491" errors="0" warnings="0" failures="0" skipped="0" time="1.044232">
    <testsuite name="Project Test Suite" tests="92" assertions="491" errors="0" warnings="0" failures="0" skipped="0" time="1.044232">
      <testsuite name="App\Card\CardGraphicTest" file="/home/sofie/dbwebb-kurser/mvc/me/report/tests/Card/CardGraphicTest.php" tests="8" assertions="8" errors="0" warnings="0" failures="0" skipped="0" time="0.013880">
        <testsuite name="App\Card\CardGraphicTest::testGetString" tests="8" assertions="8" errors="0" warnings="0" failures="0" skipped="0" time="0.013880">
          <testcase name="testGetString with data set #0" class="App\Card\CardGraphicTest" classname="App.Card.CardGraphicTest" file="/home/sofie/dbwebb-kurser/mvc/me/report/tests/Card/CardGraphicTest.php" line="15" assertions="1" time="0.011033"/>
          <testcase name="testGetString with data set #1" class="App\Card\CardGraphicTest" classname="App.Card.CardGraphicTest" file="/home/sofie/dbwebb-kurser/mvc/me/report/tests/Card/CardGraphicTest.php" line="15" assertions="1" time="0.000386"/>
          <testcase name="testGetString with data set #2" class="App\Card\CardGraphicTest" classname="App.Card.CardGraphicTest" file="/home/sofie/dbwebb-kurser/mvc/me/report/tests/Card/CardGraphicTest.php" line="15" assertions="1" time="0.000409"/>
          <testcase name="testGetString with data set #3" class="App\Card\CardGraphicTest" classname="App.Card.CardGraphicTest" file="/home/sofie/dbwebb-kurser/mvc/me/report/tests/Card/CardGraphicTest.php" line="15" assertions="1" time="0.000342"/>
          <testcase name="testGetString with data set #4" class="App\Card\CardGraphicTest" classname="App.Card.CardGraphicTest" file="/home/sofie/dbwebb-kurser/mvc/me/report/tests/Card/CardGraphicTest.php" line="15" assertions="1" time="0.000461"/>
          <testcase name="testGetString with data set #5" class="App\Card\CardGraphicTest" classname="App.Card.CardGraphicTest" file="/home/sofie/dbwebb-kurser/mvc/me/report/tests/Card/CardGraphicTest.php" line="15" assertions="1" time="0.000444"/>
          <testcase name="testGetString with data set #6" class="App\Card\CardGraphicTest" classname="App.Card.CardGraphicTest" file="/home/sofie/dbwebb-kurser/mvc/me/report/tests/Card/CardGraphicTest.php" line="15" assertions="1" time="0.000349"/>
          <testcase name="testGetString with data set #7" class="App\Card\CardGraphicTest" classname="App.Card.CardGraphicTest" file="/home/sofie/dbwebb-kurser/mvc/me/report/tests/Card/CardGraphicTest.php" line="15" assertions="1" time="0.000456"/>
        </testsuite>
      </testsuite>
      <testsuite name="App\Card\CardHandTest" file="/home/sofie/dbwebb-kurser/mvc/me/report/tests/Card/CardHandTest.php" tests="7" assertions="12" errors="0" warnings="0" failures="0" skipped="0" time="0.008229">
        <testcase name="testCreateEmptyCardHand" class="App\Card\CardHandTest" classname="App.Card.CardHandTest" file="/home/sofie/dbwebb-kurser/mvc/me/report/tests/Card/CardHandTest.php" line="17" assertions="2" time="0.002741"/>
        <testcase name="testAddCard" class="App\Card\CardHandTest" classname="App.Card.CardHandTest" file="/home/sofie/dbwebb-kurser/mvc/me/report/tests/Card/CardHandTest.php" line="33" assertions="2" time="0.001790"/>
        <testcase name="testAddCards" class="App\Card\CardHandTest" classname="App.Card.CardHandTest" file="/home/sofie/dbwebb-kurser/mvc/me/report/tests/Card/CardHandTest.php" line="76" assertions="2" time="0.000485"/>
        <testcase name="testGetHandAsArray" class="App\Card\CardHandTest" classname="App.Card.CardHandTest" file="/home/sofie/dbwebb-kurser/mvc/me/report/tests/Card/CardHandTest.php" line="103" assertions="3" time="0.001297"/>
        <testcase name="testGetTotalScoreWithNoAces" class="App\Card\CardHandTest" classname="App.Card.CardHandTest" file="/home/sofie/dbwebb-kurser/mvc/me/report/tests/Card/CardHandTest.php" line="135" assertions="1" time="0.000858"/>
        <testcase name="testGetTotalScoreWithAceInLargeHand" class="App\Card\CardHandTest" classname="App.Card.CardHandTest" file="/home/sofie/dbwebb-kurser/mvc/me/report/tests/Card/CardHandTest.php" line="158" assertions="1" time="0.000485"/>
        <testcase name="testGetTotalScoreWithAceInSmallHand" class="App\Card\CardHandTest" classname="App.Card.CardHandTest" file="/home/sofie/dbwebb-kurser/mvc/me/report/tests/Card/CardHandTest.php" line="181" assertions="1" time="0.000572"/>
      </testsuite>
      <testsuite name="App\Card\CardTest" file="/home/sofie/dbwebb-kurser/mvc/me/report/tests/Card/CardTest.php" tests="9" assertions="11" errors="0" warnings="0" failures="0" skipped="0" time="0.005343">
        <testcase name="testCreateCardWithSuitAndValue" class="App\Card\CardTest" classname="App.Card.CardTest" file="/home/sofie/dbwebb-kurser/mvc/me/report/tests/Card/CardTest.php" line="15" assertions="3" time="0.001181"/>
        <testsuite name="App\Card\CardTest::testGetScore" tests="7" assertions="7" errors="0" warnings="0" failures="0" skipped="0" time="0.003696">
          <testcase name="testGetScore with data set #0" class="App\Card\CardTest" classname="App.Card.CardTest" file="/home/sofie/dbwebb-kurser/mvc/me/report/tests/Card/CardTest.php" line="34" assertions="1" time="0.000413"/>
          <testcase name="testGetScore with data set #1" class="App\Card\CardTest" classname="App.Card.CardTest" file="/home/sofie/dbwebb-kurser/mvc/me/report/tests/Card/CardTest.php" line="34" assertions="1" time="0.000417"/>
          <testcase name="testGetScore with data set #2" class="App\Card\CardTest" classname="App.Card.CardTest" file="/home/sofie/dbwebb-kurser/mvc/me/report/tests/Card/CardTest.php" line="34" assertions="1" time="0.000392"/>
          <testcase name="testGetScore with data set #3" class="App\Card\CardTest" classname="App.Card.CardTest" file="/home/sofie/dbwebb-kurser/mvc/me/report/tests/Card/CardTest.php" line="34" assertions="1" time="0.000472"/>
          <testcase name="testGetScore with data set #4" class="App\Card\CardTest" classname="App.Card.CardTest" file="/home/sofie/dbwebb-kurser/mvc/me/report/tests/Card/CardTest.php" line="34" assertions="1" time="0.000382"/>
          <testcase name="testGetScore with data set #5" class="App\Card\CardTest" classname="App.Card.CardTest" file="/home/sofie/dbwebb-kurser/mvc/me/report/tests/Card/CardTest.php" line="34" assertions="1" time="0.000895"/>
          <testcase name="testGetScore with data set #6" class="App\Card\CardTest" classname="App.Card.CardTest" file="/home/sofie/dbwebb-kurser/mvc/me/report/tests/Card/CardTest.php" line="34" assertions="1" time="0.000724"/>
        </testsuite>
        <testcase name="testGetString" class="App\Card\CardTest" classname="App.Card.CardTest" file="/home/sofie/dbwebb-kurser/mvc/me/report/tests/Card/CardTest.php" line="66" assertions="1" time="0.000466"/>
      </testsuite>
      <testsuite name="App\Card\DeckOfCardsTest" file="/home/sofie/dbwebb-kurser/mvc/me/report/tests/Card/DeckOfCardsTest.php" tests="10" assertions="22" errors="0" warnings="0" failures="0" skipped="0" time="0.013460">
        <testcase name="testCreateEmptyDeckOfCards" class="App\Card\DeckOfCardsTest" classname="App.Card.DeckOfCardsTest" file="/home/sofie/dbwebb-kurser/mvc/me/report/tests/Card/DeckOfCardsTest.php" line="17" assertions="2" time="0.001806"/>
        <testcase name="testGetSuitsAndValue" class="App\Card\DeckOfCardsTest" classname="App.Card.DeckOfCardsTest" file="/home/sofie/dbwebb-kurser/mvc/me/report/tests/Card/DeckOfCardsTest.php" line="33" assertions="2" time="0.000532"/>
        <testcase name="testAddCard" class="App\Card\DeckOfCardsTest" classname="App.Card.DeckOfCardsTest" file="/home/sofie/dbwebb-kurser/mvc/me/report/tests/Card/DeckOfCardsTest.php" line="59" assertions="2" time="0.000444"/>
        <testcase name="testSort" class="App\Card\DeckOfCardsTest" classname="App.Card.DeckOfCardsTest" file="/home/sofie/dbwebb-kurser/mvc/me/report/tests/Card/DeckOfCardsTest.php" line="85" assertions="1" time="0.003221"/>
        <testcase name="testShuffle" class="App\Card\DeckOfCardsTest" classname="App.Card.DeckOfCardsTest" file="/home/sofie/dbwebb-kurser/mvc/me/report/tests/Card/DeckOfCardsTest.php" line="126" assertions="8" time="0.004513"/>
        <testcase name="testDrawOneCard" class="App\Card\DeckOfCardsTest" classname="App.Card.DeckOfCardsTest" file="/home/sofie/dbwebb-kurser/mvc/me/report/tests/Card/DeckOfCardsTest.php" line="170" assertions="1" time="0.000482"/>
        <testcase name="testDrawTwoCards" class="App\Card\DeckOfCardsTest" classname="App.Card.DeckOfCardsTest" file="/home/sofie/dbwebb-kurser/mvc/me/report/tests/Card/DeckOfCardsTest.php" line="201" assertions="3" time="0.000509"/>
        <testcase name="testDrawFromEmptyDeck" class="App\Card\DeckOfCardsTest" classname="App.Card.DeckOfCardsTest" file="/home/sofie/dbwebb-kurser/mvc/me/report/tests/Card/DeckOfCardsTest.php" line="238" assertions="1" time="0.000464"/>
        <testcase name="testGetNumberOfCards" class="App\Card\DeckOfCardsTest" classname="App.Card.DeckOfCardsTest" file="/home/sofie/dbwebb-kurser/mvc/me/report/tests/Card/DeckOfCardsTest.php" line="255" assertions="1" time="0.000511"/>
        <testcase name="testGetCardArray" class="App\Card\DeckOfCardsTest" classname="App.Card.DeckOfCardsTest" file="/home/sofie/dbwebb-kurser/mvc/me/report/tests/Card/DeckOfCardsTest.php" line="285" assertions="1" time="0.000978"/>
      </testsuite>
      <testsuite name="App\Controller\CardControllerJsonTest" file="/home/sofie/dbwebb-kurser/mvc/me/report/tests/Controller/CardControllerJsonTest.php" tests="9" assertions="25" errors="0" warnings="0" failures="0" skipped="0" time="0.583102">
        <testcase name="testApiDeck" class="App\Controller\CardControllerJsonTest" classname="App.Controller.CardControllerJsonTest" file="/home/sofie/dbwebb-kurser/mvc/me/report/tests/Controller/CardControllerJsonTest.php" line="22" assertions="6" time="0.045077"/>
        <testcase name="testDeckShufflePost" class="App\Controller\CardControllerJsonTest" classname="App.Controller.CardControllerJsonTest" file="/home/sofie/dbwebb-kurser/mvc/me/report/tests/Controller/CardControllerJsonTest.php" line="77" assertions="2" time="0.416916"/>
        <testcase name="testapiDeckDrawPost" class="App\Controller\CardControllerJsonTest" classname="App.Controller.CardControllerJsonTest" file="/home/sofie/dbwebb-kurser/mvc/me/report/tests/Controller/CardControllerJsonTest.php" line="102" assertions="5" time="0.027218"/>
        <testcase name="testDeckShuffleGet" class="App\Controller\CardControllerJsonTest" classname="App.Controller.CardControllerJsonTest" file="/home/sofie/dbwebb-kurser/mvc/me/report/tests/Controller/CardControllerJsonTest.php" line="139" assertions="2" time="0.011603"/>
        <testcase name="testDrawPost" class="App\Controller\CardControllerJsonTest" classname="App.Controller.CardControllerJsonTest" file="/home/sofie/dbwebb-kurser/mvc/me/report/tests/Controller/CardControllerJsonTest.php" line="163" assertions="2" time="0.013914"/>
        <testcase name="testDrawNumPost" class="App\Controller\CardControllerJsonTest" classname="App.Controller.CardControllerJsonTest" file="/home/sofie/dbwebb-kurser/mvc/me/report/tests/Controller/CardControllerJsonTest.php" line="187" assertions="2" time="0.013599"/>
        <testcase name="testDrawNumGet" class="App\Controller\CardControllerJsonTest" classname="App.Controller.CardControllerJsonTest" file="/home/sofie/dbwebb-kurser/mvc/me/report/tests/Controller/CardControllerJsonTest.php" line="214" assertions="2" time="0.018720"/>
        <testcase name="testApiCardHandPost" class="App\Controller\CardControllerJsonTest" classname="App.Controller.CardControllerJsonTest" file="/home/sofie/dbwebb-kurser/mvc/me/report/tests/Controller/CardControllerJsonTest.php" line="240" assertions="2" time="0.016966"/>
        <testcase name="testCardHandGet" class="App\Controller\CardControllerJsonTest" classname="App.Controller.CardControllerJsonTest" file="/home/sofie/dbwebb-kurser/mvc/me/report/tests/Controller/CardControllerJsonTest.php" line="265" assertions="2" time="0.019089"/>
      </testsuite>
      <testsuite name="App\Controller\CardControllerTest" file="/home/sofie/dbwebb-kurser/mvc/me/report/tests/Controller/CardControllerTest.php" tests="10" assertions="134" errors="0" warnings="0" failures="0" skipped="0" time="0.209608">
        <testcase name="testCreateDeckOfCards" class="App\Controller\CardControllerTest" classname="App.Controller.CardControllerTest" file="/home/sofie/dbwebb-kurser/mvc/me/report/tests/Controller/CardControllerTest.php" line="20" assertions="107" time="0.003922"/>
        <testcase name="testCardStart" class="App\Controller\CardControllerTest" classname="App.Controller.CardControllerTest" file="/home/sofie/dbwebb-kurser/mvc/me/report/tests/Controller/CardControllerTest.php" line="60" assertions="3" time="0.052244"/>
        <testcase name="testCardDeck" class="App\Controller\CardControllerTest" classname="App.Controller.CardControllerTest" file="/home/sofie/dbwebb-kurser/mvc/me/report/tests/Controller/CardControllerTest.php" line="79" assertions="3" time="0.029033"/>
        <testcase name="testDeckSort" class="App\Controller\CardControllerTest" classname="App.Controller.CardControllerTest" file="/home/sofie/dbwebb-kurser/mvc/me/report/tests/Controller/CardControllerTest.php" line="97" assertions="4" time="0.002693"/>
        <testcase name="testDeckInit" class="App\Controller\CardControllerTest" classname="App.Controller.CardControllerTest" file="/home/sofie/dbwebb-kurser/mvc/me/report/tests/Controller/CardControllerTest.php" line="142" assertions="3" time="0.001395"/>
        <testcase name="testCardShuffle" class="App\Controller\CardControllerTest" classname="App.Controller.CardControllerTest" file="/home/sofie/dbwebb-kurser/mvc/me/report/tests/Controller/CardControllerTest.php" line="180" assertions="3" time="0.029207"/>
        <testcase name="testDrawCard" class="App\Controller\CardControllerTest" classname="App.Controller.CardControllerTest" file="/home/sofie/dbwebb-kurser/mvc/me/report/tests/Controller/CardControllerTest.php" line="198" assertions="3" time="0.025861"/>
        <testcase name="testDrawCardNum" class="App\Controller\CardControllerTest" classname="App.Controller.CardControllerTest" file="/home/sofie/dbwebb-kurser/mvc/me/report/tests/Controller/CardControllerTest.php" line="216" assertions="3" time="0.022956"/>
        <testcase name="testCardHand" class="App\Controller\CardControllerTest" classname="App.Controller.CardControllerTest" file="/home/sofie/dbwebb-kurser/mvc/me/report/tests/Controller/CardControllerTest.php" line="234" assertions="3" time="0.024620"/>
        <testcase name="testcreateCardHand" class="App\Controller\CardControllerTest" classname="App.Controller.CardControllerTest" file="/home/sofie/dbwebb-kurser/mvc/me/report/tests/Controller/CardControllerTest.php" line="252" assertions="2" time="0.017678"/>
      </testsuite>
      <testsuite name="App\Controller\GameControllerJsonTest" file="/home/sofie/dbwebb-kurser/mvc/me/report/tests/Controller/GameControllerJsonTest.php" tests="1" assertions="3" errors="0" warnings="0" failures="0" skipped="0" time="0.004003">
        <testcase name="testApiGameReturnsJsonResponse" class="App\Controller\GameControllerJsonTest" classname="App.Controller.GameControllerJsonTest" file="/home/sofie/dbwebb-kurser/mvc/me/report/tests/Controller/GameControllerJsonTest.php" line="18" assertions="3" time="0.004003"/>
      </testsuite>
      <testsuite name="App\Controller\GameControllerTest" file="/home/sofie/dbwebb-kurser/mvc/me/report/tests/Controller/GameControllerTest.php" tests="8" assertions="19" errors="0" warnings="0" failures="0" skipped="0" time="0.168991">
        <testcase name="testGameStart" class="App\Controller\GameControllerTest" classname="App.Controller.GameControllerTest" file="/home/sofie/dbwebb-kurser/mvc/me/report/tests/Controller/GameControllerTest.php" line="17" assertions="3" time="0.023822"/>
        <testcase name="testDocRoute" class="App\Controller\GameControllerTest" classname="App.Controller.GameControllerTest" file="/home/sofie/dbwebb-kurser/mvc/me/report/tests/Controller/GameControllerTest.php" line="36" assertions="3" time="0.016647"/>
        <testcase name="testGameDraw" class="App\Controller\GameControllerTest" classname="App.Controller.GameControllerTest" file="/home/sofie/dbwebb-kurser/mvc/me/report/tests/Controller/GameControllerTest.php" line="54" assertions="2" time="0.017355"/>
        <testcase name="testGameInit" class="App\Controller\GameControllerTest" classname="App.Controller.GameControllerTest" file="/home/sofie/dbwebb-kurser/mvc/me/report/tests/Controller/GameControllerTest.php" line="79" assertions="2" time="0.029550"/>
        <testcase name="testGameNewRound" class="App\Controller\GameControllerTest" classname="App.Controller.GameControllerTest" file="/home/sofie/dbwebb-kurser/mvc/me/report/tests/Controller/GameControllerTest.php" line="104" assertions="2" time="0.018717"/>
        <testcase name="testGamePlay" class="App\Controller\GameControllerTest" classname="App.Controller.GameControllerTest" file="/home/sofie/dbwebb-kurser/mvc/me/report/tests/Controller/GameControllerTest.php" line="128" assertions="3" time="0.030567"/>
        <testcase name="testSwitchPlayer" class="App\Controller\GameControllerTest" classname="App.Controller.GameControllerTest" file="/home/sofie/dbwebb-kurser/mvc/me/report/tests/Controller/GameControllerTest.php" line="146" assertions="2" time="0.014340"/>
        <testcase name="testGameBet" class="App\Controller\GameControllerTest" classname="App.Controller.GameControllerTest" file="/home/sofie/dbwebb-kurser/mvc/me/report/tests/Controller/GameControllerTest.php" line="170" assertions="2" time="0.017993"/>
      </testsuite>
      <testsuite name="App\Dice\DiceGraphicTest" file="/home/sofie/dbwebb-kurser/mvc/me/report/tests/Dice/DiceGraphicTest.php" tests="1" assertions="6" errors="0" warnings="0" failures="0" skipped="0" time="0.002305">
        <testcase name="testGetAsString" class="App\Dice\DiceGraphicTest" classname="App.Dice.DiceGraphicTest" file="/home/sofie/dbwebb-kurser/mvc/me/report/tests/Dice/DiceGraphicTest.php" line="12" assertions="6" time="0.002305"/>
      </testsuite>
      <testsuite name="App\Dice\DiceHandTest" file="/home/sofie/dbwebb-kurser/mvc/me/report/tests/Dice/DiceHandTest.php" tests="4" assertions="11" errors="0" warnings="0" failures="0" skipped="0" time="0.006396">
        <testcase name="testAddStubbedDices" class="App\Dice\DiceHandTest" classname="App.Dice.DiceHandTest" file="/home/sofie/dbwebb-kurser/mvc/me/report/tests/Dice/DiceHandTest.php" line="15" assertions="1" time="0.002423"/>
        <testcase name="testAddAddsDieToHand" class="App\Dice\DiceHandTest" classname="App.Dice.DiceHandTest" file="/home/sofie/dbwebb-kurser/mvc/me/report/tests/Dice/DiceHandTest.php" line="39" assertions="1" time="0.000504"/>
        <testcase name="testRollRollsAllDiceInHand" class="App\Dice\DiceHandTest" classname="App.Dice.DiceHandTest" file="/home/sofie/dbwebb-kurser/mvc/me/report/tests/Dice/DiceHandTest.php" line="51" assertions="8" time="0.002133"/>
        <testcase name="testGetStringReturnsArrayOfStrings" class="App\Dice\DiceHandTest" classname="App.Dice.DiceHandTest" file="/home/sofie/dbwebb-kurser/mvc/me/report/tests/Dice/DiceHandTest.php" line="72" assertions="1" time="0.001336"/>
      </testsuite>
      <testsuite name="App\Dice\DiceTest" file="/home/sofie/dbwebb-kurser/mvc/me/report/tests/Dice/DiceTest.php" tests="4" assertions="208" errors="0" warnings="0" failures="0" skipped="0" time="0.010765">
        <testcase name="testCreateDice" class="App\Dice\DiceTest" classname="App.Dice.DiceTest" file="/home/sofie/dbwebb-kurser/mvc/me/report/tests/Dice/DiceTest.php" line="16" assertions="2" time="0.000554"/>
        <testcase name="testStubRollDiceLastRoll" class="App\Dice\DiceTest" classname="App.Dice.DiceTest" file="/home/sofie/dbwebb-kurser/mvc/me/report/tests/Dice/DiceTest.php" line="30" assertions="1" time="0.000652"/>
        <testcase name="testRollDice" class="App\Dice\DiceTest" classname="App.Dice.DiceTest" file="/home/sofie/dbwebb-kurser/mvc/me/report/tests/Dice/DiceTest.php" line="50" assertions="201" time="0.008798"/>
        <testcase name="testGetValue" class="App\Dice\DiceTest" classname="App.Dice.DiceTest" file="/home/sofie/dbwebb-kurser/mvc/me/report/tests/Dice/DiceTest.php" line="75" assertions="4" time="0.000761"/>
      </testsuite>
      <testsuite name="App\Game\GameTest" file="/home/sofie/dbwebb-kurser/mvc/me/report/tests/Game/GameTest.php" tests="10" assertions="14" errors="0" warnings="0" failures="0" skipped="0" time="0.012209">
        <testcase name="testCreateGame" class="App\Game\GameTest" classname="App.Game.GameTest" file="/home/sofie/dbwebb-kurser/mvc/me/report/tests/Game/GameTest.php" line="18" assertions="2" time="0.000851"/>
        <testcase name="testCreateGameWithMoney" class="App\Game\GameTest" classname="App.Game.GameTest" file="/home/sofie/dbwebb-kurser/mvc/me/report/tests/Game/GameTest.php" line="37" assertions="2" time="0.001443"/>
        <testcase name="testGetCurrentPlayer" class="App\Game\GameTest" classname="App.Game.GameTest" file="/home/sofie/dbwebb-kurser/mvc/me/report/tests/Game/GameTest.php" line="57" assertions="2" time="0.000838"/>
        <testcase name="testSetAndGetBet" class="App\Game\GameTest" classname="App.Game.GameTest" file="/home/sofie/dbwebb-kurser/mvc/me/report/tests/Game/GameTest.php" line="81" assertions="1" time="0.000998"/>
        <testcase name="testCurrentPlayersTurn" class="App\Game\GameTest" classname="App.Game.GameTest" file="/home/sofie/dbwebb-kurser/mvc/me/report/tests/Game/GameTest.php" line="99" assertions="1" time="0.000844"/>
        <testcase name="testCheckResultPlayerWins" class="App\Game\GameTest" classname="App.Game.GameTest" file="/home/sofie/dbwebb-kurser/mvc/me/report/tests/Game/GameTest.php" line="120" assertions="1" time="0.000873"/>
        <testcase name="testCheckResultDealerWinsWith21" class="App\Game\GameTest" classname="App.Game.GameTest" file="/home/sofie/dbwebb-kurser/mvc/me/report/tests/Game/GameTest.php" line="144" assertions="1" time="0.000851"/>
        <testcase name="testCheckResultPlayerOver21" class="App\Game\GameTest" classname="App.Game.GameTest" file="/home/sofie/dbwebb-kurser/mvc/me/report/tests/Game/GameTest.php" line="167" assertions="1" time="0.000832"/>
        <testcase name="testCheckResultDealerOver21" class="App\Game\GameTest" classname="App.Game.GameTest" file="/home/sofie/dbwebb-kurser/mvc/me/report/tests/Game/GameTest.php" line="192" assertions="1" time="0.002178"/>
        <testcase name="testCheckResultEqualScore" class="App\Game\GameTest" classname="App.Game.GameTest" file="/home/sofie/dbwebb-kurser/mvc/me/report/tests/Game/GameTest.php" line="224" assertions="2" time="0.002500"/>
      </testsuite>
      <testsuite name="App\Game\DealerTest" file="/home/sofie/dbwebb-kurser/mvc/me/report/tests/Player/DealerTest.php" tests="2" assertions="2" errors="0" warnings="0" failures="0" skipped="0" time="0.001043">
        <testcase name="testCreateDealer" class="App\Game\DealerTest" classname="App.Game.DealerTest" file="/home/sofie/dbwebb-kurser/mvc/me/report/tests/Player/DealerTest.php" line="18" assertions="1" time="0.000516"/>
        <testcase name="testAddCard" class="App\Game\DealerTest" classname="App.Game.DealerTest" file="/home/sofie/dbwebb-kurser/mvc/me/report/tests/Player/DealerTest.php" line="38" assertions="1" time="0.000528"/>
      </testsuite>
      <testsuite name="App\Game\PlayerTest" file="/home/sofie/dbwebb-kurser/mvc/me/report/tests/Player/PlayerTest.php" tests="7" assertions="11" errors="0" warnings="0" failures="0" skipped="0" time="0.003592">
        <testcase name="testCreatePlayer" class="App\Game\PlayerTest" classname="App.Game.PlayerTest" file="/home/sofie/dbwebb-kurser/mvc/me/report/tests/Player/PlayerTest.php" line="19" assertions="4" time="0.000574"/>
        <testcase name="testAddCard" class="App\Game\PlayerTest" classname="App.Game.PlayerTest" file="/home/sofie/dbwebb-kurser/mvc/me/report/tests/Player/PlayerTest.php" line="45" assertions="2" time="0.000468"/>
        <testcase name="testResetHand" class="App\Game\PlayerTest" classname="App.Game.PlayerTest" file="/home/sofie/dbwebb-kurser/mvc/me/report/tests/Player/PlayerTest.php" line="70" assertions="1" time="0.000567"/>
        <testcase name="testGetScore" class="App\Game\PlayerTest" classname="App.Game.PlayerTest" file="/home/sofie/dbwebb-kurser/mvc/me/report/tests/Player/PlayerTest.php" line="93" assertions="1" time="0.000557"/>
        <testcase name="testStop" class="App\Game\PlayerTest" classname="App.Game.PlayerTest" file="/home/sofie/dbwebb-kurser/mvc/me/report/tests/Player/PlayerTest.php" line="115" assertions="1" time="0.000483"/>
        <testcase name="testUpdateAddMoney" class="App\Game\PlayerTest" classname="App.Game.PlayerTest" file="/home/sofie/dbwebb-kurser/mvc/me/report/tests/Player/PlayerTest.php" line="132" assertions="1" time="0.000442"/>
        <testcase name="testUpdateSubtractMoney" class="App\Game\PlayerTest" classname="App.Game.PlayerTest" file="/home/sofie/dbwebb-kurser/mvc/me/report/tests/Player/PlayerTest.php" line="152" assertions="1" time="0.000501"/>
      </testsuite>
      <testsuite name="App\Tests\Service\DeckServiceTest" file="/home/sofie/dbwebb-kurser/mvc/me/report/tests/Service/DeckServiceTest.php" tests="2" assertions="5" errors="0" warnings="0" failures="0" skipped="0" time="0.001306">
        <testcase name="testCreateDeckOfCards" class="App\Tests\Service\DeckServiceTest" classname="App.Tests.Service.DeckServiceTest" file="/home/sofie/dbwebb-kurser/mvc/me/report/tests/Service/DeckServiceTest.php" line="17" assertions="2" time="0.000746"/>
        <testcase name="testDealCardsToPlayers" class="App\Tests\Service\DeckServiceTest" classname="App.Tests.Service.DeckServiceTest" file="/home/sofie/dbwebb-kurser/mvc/me/report/tests/Service/DeckServiceTest.php" line="33" assertions="3" time="0.000560"/>
      </testsuite>
    </testsuite>
  </testsuite>
</testsuites>
