<?xml version="1.0" encoding="UTF-8"?>
<testsuites>
  <testsuite name="" tests="76" assertions="453" errors="0" warnings="0" failures="0" skipped="0" time="0.687940">
    <testsuite name="Project Test Suite" tests="76" assertions="453" errors="0" warnings="0" failures="0" skipped="0" time="0.687940">
      <testsuite name="App\Card\CardGraphicTest" file="/home/sofie/dbwebb-kurser/mvc/me/report/tests/Card/CardGraphicTest.php" tests="8" assertions="8" errors="0" warnings="0" failures="0" skipped="0" time="0.014492">
        <testsuite name="App\Card\CardGraphicTest::testGetString" tests="8" assertions="8" errors="0" warnings="0" failures="0" skipped="0" time="0.014492">
          <testcase name="testGetString with data set #0" class="App\Card\CardGraphicTest" classname="App.Card.CardGraphicTest" file="/home/sofie/dbwebb-kurser/mvc/me/report/tests/Card/CardGraphicTest.php" line="15" assertions="1" time="0.009153"/>
          <testcase name="testGetString with data set #1" class="App\Card\CardGraphicTest" classname="App.Card.CardGraphicTest" file="/home/sofie/dbwebb-kurser/mvc/me/report/tests/Card/CardGraphicTest.php" line="15" assertions="1" time="0.000490"/>
          <testcase name="testGetString with data set #2" class="App\Card\CardGraphicTest" classname="App.Card.CardGraphicTest" file="/home/sofie/dbwebb-kurser/mvc/me/report/tests/Card/CardGraphicTest.php" line="15" assertions="1" time="0.000781"/>
          <testcase name="testGetString with data set #3" class="App\Card\CardGraphicTest" classname="App.Card.CardGraphicTest" file="/home/sofie/dbwebb-kurser/mvc/me/report/tests/Card/CardGraphicTest.php" line="15" assertions="1" time="0.000440"/>
          <testcase name="testGetString with data set #4" class="App\Card\CardGraphicTest" classname="App.Card.CardGraphicTest" file="/home/sofie/dbwebb-kurser/mvc/me/report/tests/Card/CardGraphicTest.php" line="15" assertions="1" time="0.000881"/>
          <testcase name="testGetString with data set #5" class="App\Card\CardGraphicTest" classname="App.Card.CardGraphicTest" file="/home/sofie/dbwebb-kurser/mvc/me/report/tests/Card/CardGraphicTest.php" line="15" assertions="1" time="0.000907"/>
          <testcase name="testGetString with data set #6" class="App\Card\CardGraphicTest" classname="App.Card.CardGraphicTest" file="/home/sofie/dbwebb-kurser/mvc/me/report/tests/Card/CardGraphicTest.php" line="15" assertions="1" time="0.000952"/>
          <testcase name="testGetString with data set #7" class="App\Card\CardGraphicTest" classname="App.Card.CardGraphicTest" file="/home/sofie/dbwebb-kurser/mvc/me/report/tests/Card/CardGraphicTest.php" line="15" assertions="1" time="0.000888"/>
        </testsuite>
      </testsuite>
      <testsuite name="App\Card\CardHandTest" file="/home/sofie/dbwebb-kurser/mvc/me/report/tests/Card/CardHandTest.php" tests="7" assertions="12" errors="0" warnings="0" failures="0" skipped="0" time="0.016027">
        <testcase name="testCreateEmptyCardHand" class="App\Card\CardHandTest" classname="App.Card.CardHandTest" file="/home/sofie/dbwebb-kurser/mvc/me/report/tests/Card/CardHandTest.php" line="17" assertions="2" time="0.005178"/>
        <testcase name="testAddCard" class="App\Card\CardHandTest" classname="App.Card.CardHandTest" file="/home/sofie/dbwebb-kurser/mvc/me/report/tests/Card/CardHandTest.php" line="33" assertions="2" time="0.003674"/>
        <testcase name="testAddCards" class="App\Card\CardHandTest" classname="App.Card.CardHandTest" file="/home/sofie/dbwebb-kurser/mvc/me/report/tests/Card/CardHandTest.php" line="76" assertions="2" time="0.001063"/>
        <testcase name="testGetHandAsArray" class="App\Card\CardHandTest" classname="App.Card.CardHandTest" file="/home/sofie/dbwebb-kurser/mvc/me/report/tests/Card/CardHandTest.php" line="103" assertions="3" time="0.002889"/>
        <testcase name="testGetTotalScoreWithNoAces" class="App\Card\CardHandTest" classname="App.Card.CardHandTest" file="/home/sofie/dbwebb-kurser/mvc/me/report/tests/Card/CardHandTest.php" line="135" assertions="1" time="0.001114"/>
        <testcase name="testGetTotalScoreWithAceInLargeHand" class="App\Card\CardHandTest" classname="App.Card.CardHandTest" file="/home/sofie/dbwebb-kurser/mvc/me/report/tests/Card/CardHandTest.php" line="158" assertions="1" time="0.001042"/>
        <testcase name="testGetTotalScoreWithAceInSmallHand" class="App\Card\CardHandTest" classname="App.Card.CardHandTest" file="/home/sofie/dbwebb-kurser/mvc/me/report/tests/Card/CardHandTest.php" line="181" assertions="1" time="0.001067"/>
      </testsuite>
      <testsuite name="App\Card\CardTest" file="/home/sofie/dbwebb-kurser/mvc/me/report/tests/Card/CardTest.php" tests="9" assertions="11" errors="0" warnings="0" failures="0" skipped="0" time="0.009758">
        <testcase name="testCreateCardWithSuitAndValue" class="App\Card\CardTest" classname="App.Card.CardTest" file="/home/sofie/dbwebb-kurser/mvc/me/report/tests/Card/CardTest.php" line="15" assertions="3" time="0.002841"/>
        <testsuite name="App\Card\CardTest::testGetScore" tests="7" assertions="7" errors="0" warnings="0" failures="0" skipped="0" time="0.005950">
          <testcase name="testGetScore with data set #0" class="App\Card\CardTest" classname="App.Card.CardTest" file="/home/sofie/dbwebb-kurser/mvc/me/report/tests/Card/CardTest.php" line="34" assertions="1" time="0.000892"/>
          <testcase name="testGetScore with data set #1" class="App\Card\CardTest" classname="App.Card.CardTest" file="/home/sofie/dbwebb-kurser/mvc/me/report/tests/Card/CardTest.php" line="34" assertions="1" time="0.000780"/>
          <testcase name="testGetScore with data set #2" class="App\Card\CardTest" classname="App.Card.CardTest" file="/home/sofie/dbwebb-kurser/mvc/me/report/tests/Card/CardTest.php" line="34" assertions="1" time="0.000967"/>
          <testcase name="testGetScore with data set #3" class="App\Card\CardTest" classname="App.Card.CardTest" file="/home/sofie/dbwebb-kurser/mvc/me/report/tests/Card/CardTest.php" line="34" assertions="1" time="0.000808"/>
          <testcase name="testGetScore with data set #4" class="App\Card\CardTest" classname="App.Card.CardTest" file="/home/sofie/dbwebb-kurser/mvc/me/report/tests/Card/CardTest.php" line="34" assertions="1" time="0.000819"/>
          <testcase name="testGetScore with data set #5" class="App\Card\CardTest" classname="App.Card.CardTest" file="/home/sofie/dbwebb-kurser/mvc/me/report/tests/Card/CardTest.php" line="34" assertions="1" time="0.000851"/>
          <testcase name="testGetScore with data set #6" class="App\Card\CardTest" classname="App.Card.CardTest" file="/home/sofie/dbwebb-kurser/mvc/me/report/tests/Card/CardTest.php" line="34" assertions="1" time="0.000832"/>
        </testsuite>
        <testcase name="testGetString" class="App\Card\CardTest" classname="App.Card.CardTest" file="/home/sofie/dbwebb-kurser/mvc/me/report/tests/Card/CardTest.php" line="66" assertions="1" time="0.000968"/>
      </testsuite>
      <testsuite name="App\Card\DeckOfCardsTest" file="/home/sofie/dbwebb-kurser/mvc/me/report/tests/Card/DeckOfCardsTest.php" tests="10" assertions="22" errors="0" warnings="0" failures="0" skipped="0" time="0.014106">
        <testcase name="testCreateEmptyDeckOfCards" class="App\Card\DeckOfCardsTest" classname="App.Card.DeckOfCardsTest" file="/home/sofie/dbwebb-kurser/mvc/me/report/tests/Card/DeckOfCardsTest.php" line="17" assertions="2" time="0.004095"/>
        <testcase name="testGetSuitsAndValue" class="App\Card\DeckOfCardsTest" classname="App.Card.DeckOfCardsTest" file="/home/sofie/dbwebb-kurser/mvc/me/report/tests/Card/DeckOfCardsTest.php" line="33" assertions="2" time="0.000506"/>
        <testcase name="testAddCard" class="App\Card\DeckOfCardsTest" classname="App.Card.DeckOfCardsTest" file="/home/sofie/dbwebb-kurser/mvc/me/report/tests/Card/DeckOfCardsTest.php" line="59" assertions="2" time="0.000575"/>
        <testcase name="testSort" class="App\Card\DeckOfCardsTest" classname="App.Card.DeckOfCardsTest" file="/home/sofie/dbwebb-kurser/mvc/me/report/tests/Card/DeckOfCardsTest.php" line="85" assertions="1" time="0.001704"/>
        <testcase name="testShuffle" class="App\Card\DeckOfCardsTest" classname="App.Card.DeckOfCardsTest" file="/home/sofie/dbwebb-kurser/mvc/me/report/tests/Card/DeckOfCardsTest.php" line="126" assertions="8" time="0.004897"/>
        <testcase name="testDrawOneCard" class="App\Card\DeckOfCardsTest" classname="App.Card.DeckOfCardsTest" file="/home/sofie/dbwebb-kurser/mvc/me/report/tests/Card/DeckOfCardsTest.php" line="170" assertions="1" time="0.000465"/>
        <testcase name="testDrawTwoCards" class="App\Card\DeckOfCardsTest" classname="App.Card.DeckOfCardsTest" file="/home/sofie/dbwebb-kurser/mvc/me/report/tests/Card/DeckOfCardsTest.php" line="201" assertions="3" time="0.000576"/>
        <testcase name="testDrawFromEmptyDeck" class="App\Card\DeckOfCardsTest" classname="App.Card.DeckOfCardsTest" file="/home/sofie/dbwebb-kurser/mvc/me/report/tests/Card/DeckOfCardsTest.php" line="238" assertions="1" time="0.000394"/>
        <testcase name="testGetNumberOfCards" class="App\Card\DeckOfCardsTest" classname="App.Card.DeckOfCardsTest" file="/home/sofie/dbwebb-kurser/mvc/me/report/tests/Card/DeckOfCardsTest.php" line="255" assertions="1" time="0.000424"/>
        <testcase name="testGetCardArray" class="App\Card\DeckOfCardsTest" classname="App.Card.DeckOfCardsTest" file="/home/sofie/dbwebb-kurser/mvc/me/report/tests/Card/DeckOfCardsTest.php" line="285" assertions="1" time="0.000471"/>
      </testsuite>
      <testsuite name="App\Controller\CardControllerJsonTest" file="/home/sofie/dbwebb-kurser/mvc/me/report/tests/Controller/CardControllerJsonTest.php" tests="1" assertions="6" errors="0" warnings="0" failures="0" skipped="0" time="0.038979">
        <testcase name="testApiDeck" class="App\Controller\CardControllerJsonTest" classname="App.Controller.CardControllerJsonTest" file="/home/sofie/dbwebb-kurser/mvc/me/report/tests/Controller/CardControllerJsonTest.php" line="24" assertions="6" time="0.038979"/>
      </testsuite>
      <testsuite name="App\Controller\CardControllerTest" file="/home/sofie/dbwebb-kurser/mvc/me/report/tests/Controller/CardControllerTest.php" tests="10" assertions="134" errors="0" warnings="0" failures="0" skipped="0" time="0.516941">
        <testcase name="testCreateDeckOfCards" class="App\Controller\CardControllerTest" classname="App.Controller.CardControllerTest" file="/home/sofie/dbwebb-kurser/mvc/me/report/tests/Controller/CardControllerTest.php" line="20" assertions="107" time="0.003204"/>
        <testcase name="testCardStart" class="App\Controller\CardControllerTest" classname="App.Controller.CardControllerTest" file="/home/sofie/dbwebb-kurser/mvc/me/report/tests/Controller/CardControllerTest.php" line="60" assertions="3" time="0.321263"/>
        <testcase name="testCardDeck" class="App\Controller\CardControllerTest" classname="App.Controller.CardControllerTest" file="/home/sofie/dbwebb-kurser/mvc/me/report/tests/Controller/CardControllerTest.php" line="79" assertions="3" time="0.036176"/>
        <testcase name="testDeckSort" class="App\Controller\CardControllerTest" classname="App.Controller.CardControllerTest" file="/home/sofie/dbwebb-kurser/mvc/me/report/tests/Controller/CardControllerTest.php" line="97" assertions="4" time="0.003362"/>
        <testcase name="testDeckInit" class="App\Controller\CardControllerTest" classname="App.Controller.CardControllerTest" file="/home/sofie/dbwebb-kurser/mvc/me/report/tests/Controller/CardControllerTest.php" line="142" assertions="3" time="0.002703"/>
        <testcase name="testCardShuffle" class="App\Controller\CardControllerTest" classname="App.Controller.CardControllerTest" file="/home/sofie/dbwebb-kurser/mvc/me/report/tests/Controller/CardControllerTest.php" line="180" assertions="3" time="0.030460"/>
        <testcase name="testDrawCard" class="App\Controller\CardControllerTest" classname="App.Controller.CardControllerTest" file="/home/sofie/dbwebb-kurser/mvc/me/report/tests/Controller/CardControllerTest.php" line="198" assertions="3" time="0.024223"/>
        <testcase name="testDrawCardNum" class="App\Controller\CardControllerTest" classname="App.Controller.CardControllerTest" file="/home/sofie/dbwebb-kurser/mvc/me/report/tests/Controller/CardControllerTest.php" line="216" assertions="3" time="0.025505"/>
        <testcase name="testCardHand" class="App\Controller\CardControllerTest" classname="App.Controller.CardControllerTest" file="/home/sofie/dbwebb-kurser/mvc/me/report/tests/Controller/CardControllerTest.php" line="234" assertions="3" time="0.030836"/>
        <testcase name="testcreateCardHand" class="App\Controller\CardControllerTest" classname="App.Controller.CardControllerTest" file="/home/sofie/dbwebb-kurser/mvc/me/report/tests/Controller/CardControllerTest.php" line="252" assertions="2" time="0.039208"/>
      </testsuite>
      <testsuite name="App\Controller\GameControllerJsonTest" file="/home/sofie/dbwebb-kurser/mvc/me/report/tests/Controller/GameControllerJsonTest.php" tests="1" assertions="3" errors="0" warnings="0" failures="0" skipped="0" time="0.006109">
        <testcase name="testApiGameReturnsJsonResponse" class="App\Controller\GameControllerJsonTest" classname="App.Controller.GameControllerJsonTest" file="/home/sofie/dbwebb-kurser/mvc/me/report/tests/Controller/GameControllerJsonTest.php" line="18" assertions="3" time="0.006109"/>
      </testsuite>
      <testsuite name="App\Controller\GameControllerTest" file="/home/sofie/dbwebb-kurser/mvc/me/report/tests/Controller/GameControllerTest.php" tests="2" assertions="6" errors="0" warnings="0" failures="0" skipped="0" time="0.040643">
        <testcase name="testGameStart" class="App\Controller\GameControllerTest" classname="App.Controller.GameControllerTest" file="/home/sofie/dbwebb-kurser/mvc/me/report/tests/Controller/GameControllerTest.php" line="19" assertions="3" time="0.023645"/>
        <testcase name="testDocRoute" class="App\Controller\GameControllerTest" classname="App.Controller.GameControllerTest" file="/home/sofie/dbwebb-kurser/mvc/me/report/tests/Controller/GameControllerTest.php" line="38" assertions="3" time="0.016998"/>
      </testsuite>
      <testsuite name="App\Dice\DiceGraphicTest" file="/home/sofie/dbwebb-kurser/mvc/me/report/tests/Dice/DiceGraphicTest.php" tests="1" assertions="6" errors="0" warnings="0" failures="0" skipped="0" time="0.001243">
        <testcase name="testGetAsString" class="App\Dice\DiceGraphicTest" classname="App.Dice.DiceGraphicTest" file="/home/sofie/dbwebb-kurser/mvc/me/report/tests/Dice/DiceGraphicTest.php" line="12" assertions="6" time="0.001243"/>
      </testsuite>
      <testsuite name="App\Dice\DiceHandTest" file="/home/sofie/dbwebb-kurser/mvc/me/report/tests/Dice/DiceHandTest.php" tests="4" assertions="11" errors="0" warnings="0" failures="0" skipped="0" time="0.005791">
        <testcase name="testAddStubbedDices" class="App\Dice\DiceHandTest" classname="App.Dice.DiceHandTest" file="/home/sofie/dbwebb-kurser/mvc/me/report/tests/Dice/DiceHandTest.php" line="15" assertions="1" time="0.002215"/>
        <testcase name="testAddAddsDieToHand" class="App\Dice\DiceHandTest" classname="App.Dice.DiceHandTest" file="/home/sofie/dbwebb-kurser/mvc/me/report/tests/Dice/DiceHandTest.php" line="39" assertions="1" time="0.000506"/>
        <testcase name="testRollRollsAllDiceInHand" class="App\Dice\DiceHandTest" classname="App.Dice.DiceHandTest" file="/home/sofie/dbwebb-kurser/mvc/me/report/tests/Dice/DiceHandTest.php" line="51" assertions="8" time="0.002265"/>
        <testcase name="testGetStringReturnsArrayOfStrings" class="App\Dice\DiceHandTest" classname="App.Dice.DiceHandTest" file="/home/sofie/dbwebb-kurser/mvc/me/report/tests/Dice/DiceHandTest.php" line="72" assertions="1" time="0.000805"/>
      </testsuite>
      <testsuite name="App\Dice\DiceTest" file="/home/sofie/dbwebb-kurser/mvc/me/report/tests/Dice/DiceTest.php" tests="4" assertions="208" errors="0" warnings="0" failures="0" skipped="0" time="0.009626">
        <testcase name="testCreateDice" class="App\Dice\DiceTest" classname="App.Dice.DiceTest" file="/home/sofie/dbwebb-kurser/mvc/me/report/tests/Dice/DiceTest.php" line="16" assertions="2" time="0.000485"/>
        <testcase name="testStubRollDiceLastRoll" class="App\Dice\DiceTest" classname="App.Dice.DiceTest" file="/home/sofie/dbwebb-kurser/mvc/me/report/tests/Dice/DiceTest.php" line="30" assertions="1" time="0.000731"/>
        <testcase name="testRollDice" class="App\Dice\DiceTest" classname="App.Dice.DiceTest" file="/home/sofie/dbwebb-kurser/mvc/me/report/tests/Dice/DiceTest.php" line="50" assertions="201" time="0.007747"/>
        <testcase name="testGetValue" class="App\Dice\DiceTest" classname="App.Dice.DiceTest" file="/home/sofie/dbwebb-kurser/mvc/me/report/tests/Dice/DiceTest.php" line="75" assertions="4" time="0.000663"/>
      </testsuite>
      <testsuite name="App\Game\GameTest" file="/home/sofie/dbwebb-kurser/mvc/me/report/tests/Game/GameTest.php" tests="10" assertions="13" errors="0" warnings="0" failures="0" skipped="0" time="0.008443">
        <testcase name="testCreateGame" class="App\Game\GameTest" classname="App.Game.GameTest" file="/home/sofie/dbwebb-kurser/mvc/me/report/tests/Game/GameTest.php" line="18" assertions="2" time="0.000746"/>
        <testcase name="testCreateGameWithMoney" class="App\Game\GameTest" classname="App.Game.GameTest" file="/home/sofie/dbwebb-kurser/mvc/me/report/tests/Game/GameTest.php" line="37" assertions="2" time="0.000808"/>
        <testcase name="testGetCurrentPlayer" class="App\Game\GameTest" classname="App.Game.GameTest" file="/home/sofie/dbwebb-kurser/mvc/me/report/tests/Game/GameTest.php" line="57" assertions="2" time="0.000794"/>
        <testcase name="testSetAndGetBet" class="App\Game\GameTest" classname="App.Game.GameTest" file="/home/sofie/dbwebb-kurser/mvc/me/report/tests/Game/GameTest.php" line="81" assertions="1" time="0.000775"/>
        <testcase name="testCurrentPlayersTurn" class="App\Game\GameTest" classname="App.Game.GameTest" file="/home/sofie/dbwebb-kurser/mvc/me/report/tests/Game/GameTest.php" line="99" assertions="1" time="0.000775"/>
        <testcase name="testCheckResultPlayerWins" class="App\Game\GameTest" classname="App.Game.GameTest" file="/home/sofie/dbwebb-kurser/mvc/me/report/tests/Game/GameTest.php" line="120" assertions="1" time="0.000777"/>
        <testcase name="testCheckResultDealerWinsWith21" class="App\Game\GameTest" classname="App.Game.GameTest" file="/home/sofie/dbwebb-kurser/mvc/me/report/tests/Game/GameTest.php" line="144" assertions="1" time="0.000913"/>
        <testcase name="testCheckResultPlayerOver21" class="App\Game\GameTest" classname="App.Game.GameTest" file="/home/sofie/dbwebb-kurser/mvc/me/report/tests/Game/GameTest.php" line="167" assertions="1" time="0.001029"/>
        <testcase name="testCheckResultDealerOver21" class="App\Game\GameTest" classname="App.Game.GameTest" file="/home/sofie/dbwebb-kurser/mvc/me/report/tests/Game/GameTest.php" line="192" assertions="1" time="0.000941"/>
        <testcase name="testCheckResultEqualScore" class="App\Game\GameTest" classname="App.Game.GameTest" file="/home/sofie/dbwebb-kurser/mvc/me/report/tests/Game/GameTest.php" line="224" assertions="1" time="0.000886"/>
      </testsuite>
      <testsuite name="App\Game\DealerTest" file="/home/sofie/dbwebb-kurser/mvc/me/report/tests/Player/DealerTest.php" tests="2" assertions="2" errors="0" warnings="0" failures="0" skipped="0" time="0.001529">
        <testcase name="testCreateDealer" class="App\Game\DealerTest" classname="App.Game.DealerTest" file="/home/sofie/dbwebb-kurser/mvc/me/report/tests/Player/DealerTest.php" line="18" assertions="1" time="0.000445"/>
        <testcase name="testAddCard" class="App\Game\DealerTest" classname="App.Game.DealerTest" file="/home/sofie/dbwebb-kurser/mvc/me/report/tests/Player/DealerTest.php" line="38" assertions="1" time="0.001084"/>
      </testsuite>
      <testsuite name="App\Game\PlayerTest" file="/home/sofie/dbwebb-kurser/mvc/me/report/tests/Player/PlayerTest.php" tests="7" assertions="11" errors="0" warnings="0" failures="0" skipped="0" time="0.004253">
        <testcase name="testCreatePlayer" class="App\Game\PlayerTest" classname="App.Game.PlayerTest" file="/home/sofie/dbwebb-kurser/mvc/me/report/tests/Player/PlayerTest.php" line="19" assertions="4" time="0.000960"/>
        <testcase name="testAddCard" class="App\Game\PlayerTest" classname="App.Game.PlayerTest" file="/home/sofie/dbwebb-kurser/mvc/me/report/tests/Player/PlayerTest.php" line="45" assertions="2" time="0.000870"/>
        <testcase name="testResetHand" class="App\Game\PlayerTest" classname="App.Game.PlayerTest" file="/home/sofie/dbwebb-kurser/mvc/me/report/tests/Player/PlayerTest.php" line="70" assertions="1" time="0.000536"/>
        <testcase name="testGetScore" class="App\Game\PlayerTest" classname="App.Game.PlayerTest" file="/home/sofie/dbwebb-kurser/mvc/me/report/tests/Player/PlayerTest.php" line="93" assertions="1" time="0.000489"/>
        <testcase name="testStop" class="App\Game\PlayerTest" classname="App.Game.PlayerTest" file="/home/sofie/dbwebb-kurser/mvc/me/report/tests/Player/PlayerTest.php" line="115" assertions="1" time="0.000510"/>
        <testcase name="testUpdateAddMoney" class="App\Game\PlayerTest" classname="App.Game.PlayerTest" file="/home/sofie/dbwebb-kurser/mvc/me/report/tests/Player/PlayerTest.php" line="132" assertions="1" time="0.000444"/>
        <testcase name="testUpdateSubtractMoney" class="App\Game\PlayerTest" classname="App.Game.PlayerTest" file="/home/sofie/dbwebb-kurser/mvc/me/report/tests/Player/PlayerTest.php" line="152" assertions="1" time="0.000444"/>
      </testsuite>
    </testsuite>
  </testsuite>
</testsuites>
