<?xml version="1.0" encoding="UTF-8"?>
<testsuites>
  <testsuite name="" tests="139" assertions="559" errors="0" warnings="0" failures="0" skipped="0" time="1.165156">
    <testsuite name="Project Test Suite" tests="139" assertions="559" errors="0" warnings="0" failures="0" skipped="0" time="1.165156">
      <testsuite name="App\Card\CardGraphicTest" file="/home/sofie/dbwebb-kurser/mvc/me/report/tests/Card/CardGraphicTest.php" tests="8" assertions="8" errors="0" warnings="0" failures="0" skipped="0" time="0.011592">
        <testsuite name="App\Card\CardGraphicTest::testGetString" tests="8" assertions="8" errors="0" warnings="0" failures="0" skipped="0" time="0.011592">
          <testcase name="testGetString with data set #0" class="App\Card\CardGraphicTest" classname="App.Card.CardGraphicTest" file="/home/sofie/dbwebb-kurser/mvc/me/report/tests/Card/CardGraphicTest.php" line="15" assertions="1" time="0.008790"/>
          <testcase name="testGetString with data set #1" class="App\Card\CardGraphicTest" classname="App.Card.CardGraphicTest" file="/home/sofie/dbwebb-kurser/mvc/me/report/tests/Card/CardGraphicTest.php" line="15" assertions="1" time="0.000401"/>
          <testcase name="testGetString with data set #2" class="App\Card\CardGraphicTest" classname="App.Card.CardGraphicTest" file="/home/sofie/dbwebb-kurser/mvc/me/report/tests/Card/CardGraphicTest.php" line="15" assertions="1" time="0.000367"/>
          <testcase name="testGetString with data set #3" class="App\Card\CardGraphicTest" classname="App.Card.CardGraphicTest" file="/home/sofie/dbwebb-kurser/mvc/me/report/tests/Card/CardGraphicTest.php" line="15" assertions="1" time="0.000377"/>
          <testcase name="testGetString with data set #4" class="App\Card\CardGraphicTest" classname="App.Card.CardGraphicTest" file="/home/sofie/dbwebb-kurser/mvc/me/report/tests/Card/CardGraphicTest.php" line="15" assertions="1" time="0.000466"/>
          <testcase name="testGetString with data set #5" class="App\Card\CardGraphicTest" classname="App.Card.CardGraphicTest" file="/home/sofie/dbwebb-kurser/mvc/me/report/tests/Card/CardGraphicTest.php" line="15" assertions="1" time="0.000420"/>
          <testcase name="testGetString with data set #6" class="App\Card\CardGraphicTest" classname="App.Card.CardGraphicTest" file="/home/sofie/dbwebb-kurser/mvc/me/report/tests/Card/CardGraphicTest.php" line="15" assertions="1" time="0.000378"/>
          <testcase name="testGetString with data set #7" class="App\Card\CardGraphicTest" classname="App.Card.CardGraphicTest" file="/home/sofie/dbwebb-kurser/mvc/me/report/tests/Card/CardGraphicTest.php" line="15" assertions="1" time="0.000391"/>
        </testsuite>
      </testsuite>
      <testsuite name="App\Card\CardHandTest" file="/home/sofie/dbwebb-kurser/mvc/me/report/tests/Card/CardHandTest.php" tests="7" assertions="12" errors="0" warnings="0" failures="0" skipped="0" time="0.009454">
        <testcase name="testCreateEmptyCardHand" class="App\Card\CardHandTest" classname="App.Card.CardHandTest" file="/home/sofie/dbwebb-kurser/mvc/me/report/tests/Card/CardHandTest.php" line="17" assertions="2" time="0.003761"/>
        <testcase name="testAddCard" class="App\Card\CardHandTest" classname="App.Card.CardHandTest" file="/home/sofie/dbwebb-kurser/mvc/me/report/tests/Card/CardHandTest.php" line="33" assertions="2" time="0.002030"/>
        <testcase name="testAddCards" class="App\Card\CardHandTest" classname="App.Card.CardHandTest" file="/home/sofie/dbwebb-kurser/mvc/me/report/tests/Card/CardHandTest.php" line="76" assertions="2" time="0.000956"/>
        <testcase name="testGetHandAsArray" class="App\Card\CardHandTest" classname="App.Card.CardHandTest" file="/home/sofie/dbwebb-kurser/mvc/me/report/tests/Card/CardHandTest.php" line="103" assertions="3" time="0.001298"/>
        <testcase name="testGetTotalScoreWithNoAces" class="App\Card\CardHandTest" classname="App.Card.CardHandTest" file="/home/sofie/dbwebb-kurser/mvc/me/report/tests/Card/CardHandTest.php" line="135" assertions="1" time="0.000503"/>
        <testcase name="testGetTotalScoreWithAceInLargeHand" class="App\Card\CardHandTest" classname="App.Card.CardHandTest" file="/home/sofie/dbwebb-kurser/mvc/me/report/tests/Card/CardHandTest.php" line="158" assertions="1" time="0.000458"/>
        <testcase name="testGetTotalScoreWithAceInSmallHand" class="App\Card\CardHandTest" classname="App.Card.CardHandTest" file="/home/sofie/dbwebb-kurser/mvc/me/report/tests/Card/CardHandTest.php" line="181" assertions="1" time="0.000449"/>
      </testsuite>
      <testsuite name="App\Card\CardTest" file="/home/sofie/dbwebb-kurser/mvc/me/report/tests/Card/CardTest.php" tests="9" assertions="11" errors="0" warnings="0" failures="0" skipped="0" time="0.006660">
        <testcase name="testCreateCardWithSuitAndValue" class="App\Card\CardTest" classname="App.Card.CardTest" file="/home/sofie/dbwebb-kurser/mvc/me/report/tests/Card/CardTest.php" line="15" assertions="3" time="0.001060"/>
        <testsuite name="App\Card\CardTest::testGetScore" tests="7" assertions="7" errors="0" warnings="0" failures="0" skipped="0" time="0.004729">
          <testcase name="testGetScore with data set #0" class="App\Card\CardTest" classname="App.Card.CardTest" file="/home/sofie/dbwebb-kurser/mvc/me/report/tests/Card/CardTest.php" line="34" assertions="1" time="0.000403"/>
          <testcase name="testGetScore with data set #1" class="App\Card\CardTest" classname="App.Card.CardTest" file="/home/sofie/dbwebb-kurser/mvc/me/report/tests/Card/CardTest.php" line="34" assertions="1" time="0.000391"/>
          <testcase name="testGetScore with data set #2" class="App\Card\CardTest" classname="App.Card.CardTest" file="/home/sofie/dbwebb-kurser/mvc/me/report/tests/Card/CardTest.php" line="34" assertions="1" time="0.000600"/>
          <testcase name="testGetScore with data set #3" class="App\Card\CardTest" classname="App.Card.CardTest" file="/home/sofie/dbwebb-kurser/mvc/me/report/tests/Card/CardTest.php" line="34" assertions="1" time="0.000775"/>
          <testcase name="testGetScore with data set #4" class="App\Card\CardTest" classname="App.Card.CardTest" file="/home/sofie/dbwebb-kurser/mvc/me/report/tests/Card/CardTest.php" line="34" assertions="1" time="0.000970"/>
          <testcase name="testGetScore with data set #5" class="App\Card\CardTest" classname="App.Card.CardTest" file="/home/sofie/dbwebb-kurser/mvc/me/report/tests/Card/CardTest.php" line="34" assertions="1" time="0.000851"/>
          <testcase name="testGetScore with data set #6" class="App\Card\CardTest" classname="App.Card.CardTest" file="/home/sofie/dbwebb-kurser/mvc/me/report/tests/Card/CardTest.php" line="34" assertions="1" time="0.000739"/>
        </testsuite>
        <testcase name="testGetString" class="App\Card\CardTest" classname="App.Card.CardTest" file="/home/sofie/dbwebb-kurser/mvc/me/report/tests/Card/CardTest.php" line="66" assertions="1" time="0.000871"/>
      </testsuite>
      <testsuite name="App\Card\DeckOfCardsTest" file="/home/sofie/dbwebb-kurser/mvc/me/report/tests/Card/DeckOfCardsTest.php" tests="11" assertions="23" errors="0" warnings="0" failures="0" skipped="0" time="0.024665">
        <testcase name="testCreateEmptyDeckOfCards" class="App\Card\DeckOfCardsTest" classname="App.Card.DeckOfCardsTest" file="/home/sofie/dbwebb-kurser/mvc/me/report/tests/Card/DeckOfCardsTest.php" line="17" assertions="2" time="0.003732"/>
        <testcase name="testGetSuitsAndValue" class="App\Card\DeckOfCardsTest" classname="App.Card.DeckOfCardsTest" file="/home/sofie/dbwebb-kurser/mvc/me/report/tests/Card/DeckOfCardsTest.php" line="32" assertions="2" time="0.000967"/>
        <testcase name="testAddCard" class="App\Card\DeckOfCardsTest" classname="App.Card.DeckOfCardsTest" file="/home/sofie/dbwebb-kurser/mvc/me/report/tests/Card/DeckOfCardsTest.php" line="58" assertions="2" time="0.000887"/>
        <testcase name="testSort" class="App\Card\DeckOfCardsTest" classname="App.Card.DeckOfCardsTest" file="/home/sofie/dbwebb-kurser/mvc/me/report/tests/Card/DeckOfCardsTest.php" line="84" assertions="1" time="0.003192"/>
        <testcase name="testFillAndShuffle" class="App\Card\DeckOfCardsTest" classname="App.Card.DeckOfCardsTest" file="/home/sofie/dbwebb-kurser/mvc/me/report/tests/Card/DeckOfCardsTest.php" line="124" assertions="1" time="0.001195"/>
        <testcase name="testShuffle" class="App\Card\DeckOfCardsTest" classname="App.Card.DeckOfCardsTest" file="/home/sofie/dbwebb-kurser/mvc/me/report/tests/Card/DeckOfCardsTest.php" line="138" assertions="8" time="0.009463"/>
        <testcase name="testDrawOneCard" class="App\Card\DeckOfCardsTest" classname="App.Card.DeckOfCardsTest" file="/home/sofie/dbwebb-kurser/mvc/me/report/tests/Card/DeckOfCardsTest.php" line="182" assertions="1" time="0.001156"/>
        <testcase name="testDrawTwoCards" class="App\Card\DeckOfCardsTest" classname="App.Card.DeckOfCardsTest" file="/home/sofie/dbwebb-kurser/mvc/me/report/tests/Card/DeckOfCardsTest.php" line="213" assertions="3" time="0.001255"/>
        <testcase name="testDrawFromEmptyDeck" class="App\Card\DeckOfCardsTest" classname="App.Card.DeckOfCardsTest" file="/home/sofie/dbwebb-kurser/mvc/me/report/tests/Card/DeckOfCardsTest.php" line="250" assertions="1" time="0.000946"/>
        <testcase name="testGetNumberOfCards" class="App\Card\DeckOfCardsTest" classname="App.Card.DeckOfCardsTest" file="/home/sofie/dbwebb-kurser/mvc/me/report/tests/Card/DeckOfCardsTest.php" line="267" assertions="1" time="0.000927"/>
        <testcase name="testGetCardArray" class="App\Card\DeckOfCardsTest" classname="App.Card.DeckOfCardsTest" file="/home/sofie/dbwebb-kurser/mvc/me/report/tests/Card/DeckOfCardsTest.php" line="297" assertions="1" time="0.000943"/>
      </testsuite>
      <testsuite name="App\Controller\CardControllerJsonTest" file="/home/sofie/dbwebb-kurser/mvc/me/report/tests/Controller/CardControllerJsonTest.php" tests="9" assertions="25" errors="0" warnings="0" failures="0" skipped="0" time="0.456735">
        <testcase name="testApiDeck" class="App\Controller\CardControllerJsonTest" classname="App.Controller.CardControllerJsonTest" file="/home/sofie/dbwebb-kurser/mvc/me/report/tests/Controller/CardControllerJsonTest.php" line="22" assertions="6" time="0.061140"/>
        <testcase name="testDeckShufflePost" class="App\Controller\CardControllerJsonTest" classname="App.Controller.CardControllerJsonTest" file="/home/sofie/dbwebb-kurser/mvc/me/report/tests/Controller/CardControllerJsonTest.php" line="77" assertions="2" time="0.283675"/>
        <testcase name="testapiDeckDrawPost" class="App\Controller\CardControllerJsonTest" classname="App.Controller.CardControllerJsonTest" file="/home/sofie/dbwebb-kurser/mvc/me/report/tests/Controller/CardControllerJsonTest.php" line="102" assertions="5" time="0.016082"/>
        <testcase name="testDeckShuffleGet" class="App\Controller\CardControllerJsonTest" classname="App.Controller.CardControllerJsonTest" file="/home/sofie/dbwebb-kurser/mvc/me/report/tests/Controller/CardControllerJsonTest.php" line="139" assertions="2" time="0.014615"/>
        <testcase name="testDrawPost" class="App\Controller\CardControllerJsonTest" classname="App.Controller.CardControllerJsonTest" file="/home/sofie/dbwebb-kurser/mvc/me/report/tests/Controller/CardControllerJsonTest.php" line="163" assertions="2" time="0.016837"/>
        <testcase name="testDrawNumPost" class="App\Controller\CardControllerJsonTest" classname="App.Controller.CardControllerJsonTest" file="/home/sofie/dbwebb-kurser/mvc/me/report/tests/Controller/CardControllerJsonTest.php" line="187" assertions="2" time="0.018002"/>
        <testcase name="testDrawNumGet" class="App\Controller\CardControllerJsonTest" classname="App.Controller.CardControllerJsonTest" file="/home/sofie/dbwebb-kurser/mvc/me/report/tests/Controller/CardControllerJsonTest.php" line="214" assertions="2" time="0.018568"/>
        <testcase name="testApiCardHandPost" class="App\Controller\CardControllerJsonTest" classname="App.Controller.CardControllerJsonTest" file="/home/sofie/dbwebb-kurser/mvc/me/report/tests/Controller/CardControllerJsonTest.php" line="240" assertions="2" time="0.014250"/>
        <testcase name="testCardHandGet" class="App\Controller\CardControllerJsonTest" classname="App.Controller.CardControllerJsonTest" file="/home/sofie/dbwebb-kurser/mvc/me/report/tests/Controller/CardControllerJsonTest.php" line="265" assertions="2" time="0.013567"/>
      </testsuite>
      <testsuite name="App\Controller\CardControllerTest" file="/home/sofie/dbwebb-kurser/mvc/me/report/tests/Controller/CardControllerTest.php" tests="9" assertions="24" errors="0" warnings="0" failures="0" skipped="0" time="0.220912">
        <testcase name="testCardStart" class="App\Controller\CardControllerTest" classname="App.Controller.CardControllerTest" file="/home/sofie/dbwebb-kurser/mvc/me/report/tests/Controller/CardControllerTest.php" line="17" assertions="3" time="0.041339"/>
        <testcase name="testCardDeck" class="App\Controller\CardControllerTest" classname="App.Controller.CardControllerTest" file="/home/sofie/dbwebb-kurser/mvc/me/report/tests/Controller/CardControllerTest.php" line="36" assertions="3" time="0.024402"/>
        <testcase name="testDeckSort" class="App\Controller\CardControllerTest" classname="App.Controller.CardControllerTest" file="/home/sofie/dbwebb-kurser/mvc/me/report/tests/Controller/CardControllerTest.php" line="54" assertions="2" time="0.019046"/>
        <testcase name="testDeckInit" class="App\Controller\CardControllerTest" classname="App.Controller.CardControllerTest" file="/home/sofie/dbwebb-kurser/mvc/me/report/tests/Controller/CardControllerTest.php" line="76" assertions="2" time="0.017396"/>
        <testcase name="testCardShuffle" class="App\Controller\CardControllerTest" classname="App.Controller.CardControllerTest" file="/home/sofie/dbwebb-kurser/mvc/me/report/tests/Controller/CardControllerTest.php" line="98" assertions="3" time="0.030215"/>
        <testcase name="testDrawCard" class="App\Controller\CardControllerTest" classname="App.Controller.CardControllerTest" file="/home/sofie/dbwebb-kurser/mvc/me/report/tests/Controller/CardControllerTest.php" line="116" assertions="3" time="0.023359"/>
        <testcase name="testDrawCardNum" class="App\Controller\CardControllerTest" classname="App.Controller.CardControllerTest" file="/home/sofie/dbwebb-kurser/mvc/me/report/tests/Controller/CardControllerTest.php" line="134" assertions="3" time="0.021449"/>
        <testcase name="testCardHand" class="App\Controller\CardControllerTest" classname="App.Controller.CardControllerTest" file="/home/sofie/dbwebb-kurser/mvc/me/report/tests/Controller/CardControllerTest.php" line="152" assertions="3" time="0.025854"/>
        <testcase name="testcreateCardHand" class="App\Controller\CardControllerTest" classname="App.Controller.CardControllerTest" file="/home/sofie/dbwebb-kurser/mvc/me/report/tests/Controller/CardControllerTest.php" line="170" assertions="2" time="0.017853"/>
      </testsuite>
      <testsuite name="App\Controller\GameControllerJsonTest" file="/home/sofie/dbwebb-kurser/mvc/me/report/tests/Controller/GameControllerJsonTest.php" tests="1" assertions="3" errors="0" warnings="0" failures="0" skipped="0" time="0.003809">
        <testcase name="testApiGameReturnsJsonResponse" class="App\Controller\GameControllerJsonTest" classname="App.Controller.GameControllerJsonTest" file="/home/sofie/dbwebb-kurser/mvc/me/report/tests/Controller/GameControllerJsonTest.php" line="18" assertions="3" time="0.003809"/>
      </testsuite>
      <testsuite name="App\Controller\GameControllerTest" file="/home/sofie/dbwebb-kurser/mvc/me/report/tests/Controller/GameControllerTest.php" tests="8" assertions="19" errors="0" warnings="0" failures="0" skipped="0" time="0.152122">
        <testcase name="testGameStart" class="App\Controller\GameControllerTest" classname="App.Controller.GameControllerTest" file="/home/sofie/dbwebb-kurser/mvc/me/report/tests/Controller/GameControllerTest.php" line="17" assertions="3" time="0.022968"/>
        <testcase name="testDocRoute" class="App\Controller\GameControllerTest" classname="App.Controller.GameControllerTest" file="/home/sofie/dbwebb-kurser/mvc/me/report/tests/Controller/GameControllerTest.php" line="36" assertions="3" time="0.017667"/>
        <testcase name="testGameDraw" class="App\Controller\GameControllerTest" classname="App.Controller.GameControllerTest" file="/home/sofie/dbwebb-kurser/mvc/me/report/tests/Controller/GameControllerTest.php" line="54" assertions="2" time="0.017845"/>
        <testcase name="testGameInit" class="App\Controller\GameControllerTest" classname="App.Controller.GameControllerTest" file="/home/sofie/dbwebb-kurser/mvc/me/report/tests/Controller/GameControllerTest.php" line="79" assertions="2" time="0.016182"/>
        <testcase name="testGameNewRound" class="App\Controller\GameControllerTest" classname="App.Controller.GameControllerTest" file="/home/sofie/dbwebb-kurser/mvc/me/report/tests/Controller/GameControllerTest.php" line="104" assertions="2" time="0.018103"/>
        <testcase name="testGamePlay" class="App\Controller\GameControllerTest" classname="App.Controller.GameControllerTest" file="/home/sofie/dbwebb-kurser/mvc/me/report/tests/Controller/GameControllerTest.php" line="128" assertions="3" time="0.027694"/>
        <testcase name="testSwitchPlayer" class="App\Controller\GameControllerTest" classname="App.Controller.GameControllerTest" file="/home/sofie/dbwebb-kurser/mvc/me/report/tests/Controller/GameControllerTest.php" line="146" assertions="2" time="0.015216"/>
        <testcase name="testGameBet" class="App\Controller\GameControllerTest" classname="App.Controller.GameControllerTest" file="/home/sofie/dbwebb-kurser/mvc/me/report/tests/Controller/GameControllerTest.php" line="170" assertions="2" time="0.016447"/>
      </testsuite>
      <testsuite name="App\Controller\SquareGameControllerApiTest" file="/home/sofie/dbwebb-kurser/mvc/me/report/tests/Controller/SquareGameControllerApiTest.php" tests="7" assertions="11" errors="0" warnings="0" failures="0" skipped="0" time="0.095430">
        <testcase name="testApiStartResponse" class="App\Controller\SquareGameControllerApiTest" classname="App.Controller.SquareGameControllerApiTest" file="/home/sofie/dbwebb-kurser/mvc/me/report/tests/Controller/SquareGameControllerApiTest.php" line="21" assertions="3" time="0.027456"/>
        <testcase name="testApiStartJson" class="App\Controller\SquareGameControllerApiTest" classname="App.Controller.SquareGameControllerApiTest" file="/home/sofie/dbwebb-kurser/mvc/me/report/tests/Controller/SquareGameControllerApiTest.php" line="39" assertions="3" time="0.004973"/>
        <testcase name="testApiGame" class="App\Controller\SquareGameControllerApiTest" classname="App.Controller.SquareGameControllerApiTest" file="/home/sofie/dbwebb-kurser/mvc/me/report/tests/Controller/SquareGameControllerApiTest.php" line="89" assertions="1" time="0.010869"/>
        <testcase name="testApiScore" class="App\Controller\SquareGameControllerApiTest" classname="App.Controller.SquareGameControllerApiTest" file="/home/sofie/dbwebb-kurser/mvc/me/report/tests/Controller/SquareGameControllerApiTest.php" line="109" assertions="1" time="0.011744"/>
        <testcase name="testApiPlayer" class="App\Controller\SquareGameControllerApiTest" classname="App.Controller.SquareGameControllerApiTest" file="/home/sofie/dbwebb-kurser/mvc/me/report/tests/Controller/SquareGameControllerApiTest.php" line="129" assertions="1" time="0.013937"/>
        <testcase name="testApiCells" class="App\Controller\SquareGameControllerApiTest" classname="App.Controller.SquareGameControllerApiTest" file="/home/sofie/dbwebb-kurser/mvc/me/report/tests/Controller/SquareGameControllerApiTest.php" line="147" assertions="1" time="0.010681"/>
        <testcase name="testApiScoring" class="App\Controller\SquareGameControllerApiTest" classname="App.Controller.SquareGameControllerApiTest" file="/home/sofie/dbwebb-kurser/mvc/me/report/tests/Controller/SquareGameControllerApiTest.php" line="165" assertions="1" time="0.015770"/>
      </testsuite>
      <testsuite name="App\Controller\SquareGameControllerTest" file="/home/sofie/dbwebb-kurser/mvc/me/report/tests/Controller/SquareGameControllerTest.php" tests="5" assertions="9" errors="0" warnings="0" failures="0" skipped="0" time="0.121044">
        <testcase name="testGameStart" class="App\Controller\SquareGameControllerTest" classname="App.Controller.SquareGameControllerTest" file="/home/sofie/dbwebb-kurser/mvc/me/report/tests/Controller/SquareGameControllerTest.php" line="18" assertions="3" time="0.019467"/>
        <testcase name="testAbout" class="App\Controller\SquareGameControllerTest" classname="App.Controller.SquareGameControllerTest" file="/home/sofie/dbwebb-kurser/mvc/me/report/tests/Controller/SquareGameControllerTest.php" line="37" assertions="3" time="0.016037"/>
        <testcase name="testStartGame" class="App\Controller\SquareGameControllerTest" classname="App.Controller.SquareGameControllerTest" file="/home/sofie/dbwebb-kurser/mvc/me/report/tests/Controller/SquareGameControllerTest.php" line="55" assertions="1" time="0.028744"/>
        <testcase name="testDrawCard" class="App\Controller\SquareGameControllerTest" classname="App.Controller.SquareGameControllerTest" file="/home/sofie/dbwebb-kurser/mvc/me/report/tests/Controller/SquareGameControllerTest.php" line="70" assertions="1" time="0.028332"/>
        <testcase name="testPlaceCard" class="App\Controller\SquareGameControllerTest" classname="App.Controller.SquareGameControllerTest" file="/home/sofie/dbwebb-kurser/mvc/me/report/tests/Controller/SquareGameControllerTest.php" line="86" assertions="1" time="0.028464"/>
      </testsuite>
      <testsuite name="App\Dice\DiceGraphicTest" file="/home/sofie/dbwebb-kurser/mvc/me/report/tests/Dice/DiceGraphicTest.php" tests="1" assertions="6" errors="0" warnings="0" failures="0" skipped="0" time="0.001366">
        <testcase name="testGetAsString" class="App\Dice\DiceGraphicTest" classname="App.Dice.DiceGraphicTest" file="/home/sofie/dbwebb-kurser/mvc/me/report/tests/Dice/DiceGraphicTest.php" line="12" assertions="6" time="0.001366"/>
      </testsuite>
      <testsuite name="App\Dice\DiceHandTest" file="/home/sofie/dbwebb-kurser/mvc/me/report/tests/Dice/DiceHandTest.php" tests="4" assertions="11" errors="0" warnings="0" failures="0" skipped="0" time="0.006338">
        <testcase name="testAddStubbedDices" class="App\Dice\DiceHandTest" classname="App.Dice.DiceHandTest" file="/home/sofie/dbwebb-kurser/mvc/me/report/tests/Dice/DiceHandTest.php" line="15" assertions="1" time="0.002119"/>
        <testcase name="testAddAddsDieToHand" class="App\Dice\DiceHandTest" classname="App.Dice.DiceHandTest" file="/home/sofie/dbwebb-kurser/mvc/me/report/tests/Dice/DiceHandTest.php" line="39" assertions="1" time="0.001237"/>
        <testcase name="testRollRollsAllDiceInHand" class="App\Dice\DiceHandTest" classname="App.Dice.DiceHandTest" file="/home/sofie/dbwebb-kurser/mvc/me/report/tests/Dice/DiceHandTest.php" line="51" assertions="8" time="0.002136"/>
        <testcase name="testGetStringReturnsArrayOfStrings" class="App\Dice\DiceHandTest" classname="App.Dice.DiceHandTest" file="/home/sofie/dbwebb-kurser/mvc/me/report/tests/Dice/DiceHandTest.php" line="72" assertions="1" time="0.000846"/>
      </testsuite>
      <testsuite name="App\Dice\DiceTest" file="/home/sofie/dbwebb-kurser/mvc/me/report/tests/Dice/DiceTest.php" tests="4" assertions="208" errors="0" warnings="0" failures="0" skipped="0" time="0.011008">
        <testcase name="testCreateDice" class="App\Dice\DiceTest" classname="App.Dice.DiceTest" file="/home/sofie/dbwebb-kurser/mvc/me/report/tests/Dice/DiceTest.php" line="16" assertions="2" time="0.000445"/>
        <testcase name="testStubRollDiceLastRoll" class="App\Dice\DiceTest" classname="App.Dice.DiceTest" file="/home/sofie/dbwebb-kurser/mvc/me/report/tests/Dice/DiceTest.php" line="30" assertions="1" time="0.002377"/>
        <testcase name="testRollDice" class="App\Dice\DiceTest" classname="App.Dice.DiceTest" file="/home/sofie/dbwebb-kurser/mvc/me/report/tests/Dice/DiceTest.php" line="50" assertions="201" time="0.007512"/>
        <testcase name="testGetValue" class="App\Dice\DiceTest" classname="App.Dice.DiceTest" file="/home/sofie/dbwebb-kurser/mvc/me/report/tests/Dice/DiceTest.php" line="75" assertions="4" time="0.000674"/>
      </testsuite>
      <testsuite name="App\Game\GameTest" file="/home/sofie/dbwebb-kurser/mvc/me/report/tests/Game/GameTest.php" tests="10" assertions="14" errors="0" warnings="0" failures="0" skipped="0" time="0.010555">
        <testcase name="testCreateGame" class="App\Game\GameTest" classname="App.Game.GameTest" file="/home/sofie/dbwebb-kurser/mvc/me/report/tests/Game/GameTest.php" line="18" assertions="2" time="0.000862"/>
        <testcase name="testCreateGameWithMoney" class="App\Game\GameTest" classname="App.Game.GameTest" file="/home/sofie/dbwebb-kurser/mvc/me/report/tests/Game/GameTest.php" line="37" assertions="2" time="0.000761"/>
        <testcase name="testGetCurrentPlayer" class="App\Game\GameTest" classname="App.Game.GameTest" file="/home/sofie/dbwebb-kurser/mvc/me/report/tests/Game/GameTest.php" line="57" assertions="2" time="0.000764"/>
        <testcase name="testSetAndGetBet" class="App\Game\GameTest" classname="App.Game.GameTest" file="/home/sofie/dbwebb-kurser/mvc/me/report/tests/Game/GameTest.php" line="81" assertions="1" time="0.000730"/>
        <testcase name="testCurrentPlayersTurn" class="App\Game\GameTest" classname="App.Game.GameTest" file="/home/sofie/dbwebb-kurser/mvc/me/report/tests/Game/GameTest.php" line="99" assertions="1" time="0.000864"/>
        <testcase name="testCheckResultPlayerWins" class="App\Game\GameTest" classname="App.Game.GameTest" file="/home/sofie/dbwebb-kurser/mvc/me/report/tests/Game/GameTest.php" line="120" assertions="1" time="0.000872"/>
        <testcase name="testCheckResultDealerWinsWith21" class="App\Game\GameTest" classname="App.Game.GameTest" file="/home/sofie/dbwebb-kurser/mvc/me/report/tests/Game/GameTest.php" line="144" assertions="1" time="0.001926"/>
        <testcase name="testCheckResultPlayerOver21" class="App\Game\GameTest" classname="App.Game.GameTest" file="/home/sofie/dbwebb-kurser/mvc/me/report/tests/Game/GameTest.php" line="167" assertions="1" time="0.001215"/>
        <testcase name="testCheckResultDealerOver21" class="App\Game\GameTest" classname="App.Game.GameTest" file="/home/sofie/dbwebb-kurser/mvc/me/report/tests/Game/GameTest.php" line="192" assertions="1" time="0.001044"/>
        <testcase name="testCheckResultEqualScore" class="App\Game\GameTest" classname="App.Game.GameTest" file="/home/sofie/dbwebb-kurser/mvc/me/report/tests/Game/GameTest.php" line="224" assertions="2" time="0.001516"/>
      </testsuite>
      <testsuite name="App\Game\DealerTest" file="/home/sofie/dbwebb-kurser/mvc/me/report/tests/Player/DealerTest.php" tests="2" assertions="2" errors="0" warnings="0" failures="0" skipped="0" time="0.001074">
        <testcase name="testCreateDealer" class="App\Game\DealerTest" classname="App.Game.DealerTest" file="/home/sofie/dbwebb-kurser/mvc/me/report/tests/Player/DealerTest.php" line="18" assertions="1" time="0.000462"/>
        <testcase name="testAddCard" class="App\Game\DealerTest" classname="App.Game.DealerTest" file="/home/sofie/dbwebb-kurser/mvc/me/report/tests/Player/DealerTest.php" line="38" assertions="1" time="0.000612"/>
      </testsuite>
      <testsuite name="App\Game\PlayerTest" file="/home/sofie/dbwebb-kurser/mvc/me/report/tests/Player/PlayerTest.php" tests="7" assertions="11" errors="0" warnings="0" failures="0" skipped="0" time="0.004441">
        <testcase name="testCreatePlayer" class="App\Game\PlayerTest" classname="App.Game.PlayerTest" file="/home/sofie/dbwebb-kurser/mvc/me/report/tests/Player/PlayerTest.php" line="19" assertions="4" time="0.000487"/>
        <testcase name="testAddCard" class="App\Game\PlayerTest" classname="App.Game.PlayerTest" file="/home/sofie/dbwebb-kurser/mvc/me/report/tests/Player/PlayerTest.php" line="45" assertions="2" time="0.000644"/>
        <testcase name="testResetHand" class="App\Game\PlayerTest" classname="App.Game.PlayerTest" file="/home/sofie/dbwebb-kurser/mvc/me/report/tests/Player/PlayerTest.php" line="70" assertions="1" time="0.000485"/>
        <testcase name="testGetScore" class="App\Game\PlayerTest" classname="App.Game.PlayerTest" file="/home/sofie/dbwebb-kurser/mvc/me/report/tests/Player/PlayerTest.php" line="93" assertions="1" time="0.000514"/>
        <testcase name="testStop" class="App\Game\PlayerTest" classname="App.Game.PlayerTest" file="/home/sofie/dbwebb-kurser/mvc/me/report/tests/Player/PlayerTest.php" line="115" assertions="1" time="0.000476"/>
        <testcase name="testUpdateAddMoney" class="App\Game\PlayerTest" classname="App.Game.PlayerTest" file="/home/sofie/dbwebb-kurser/mvc/me/report/tests/Player/PlayerTest.php" line="132" assertions="1" time="0.000569"/>
        <testcase name="testUpdateSubtractMoney" class="App\Game\PlayerTest" classname="App.Game.PlayerTest" file="/home/sofie/dbwebb-kurser/mvc/me/report/tests/Player/PlayerTest.php" line="152" assertions="1" time="0.001265"/>
      </testsuite>
      <testsuite name="App\PokerSquares\GridTest" file="/home/sofie/dbwebb-kurser/mvc/me/report/tests/Project/GridTest.php" tests="15" assertions="16" errors="0" warnings="0" failures="0" skipped="0" time="0.009193">
        <testcase name="testPlaceOk" class="App\PokerSquares\GridTest" classname="App.PokerSquares.GridTest" file="/home/sofie/dbwebb-kurser/mvc/me/report/tests/Project/GridTest.php" line="18" assertions="1" time="0.000457"/>
        <testcase name="testPlaceNotOk" class="App\PokerSquares\GridTest" classname="App.PokerSquares.GridTest" file="/home/sofie/dbwebb-kurser/mvc/me/report/tests/Project/GridTest.php" line="36" assertions="2" time="0.000763"/>
        <testcase name="testGetNumRows" class="App\PokerSquares\GridTest" classname="App.PokerSquares.GridTest" file="/home/sofie/dbwebb-kurser/mvc/me/report/tests/Project/GridTest.php" line="56" assertions="1" time="0.000524"/>
        <testcase name="testGetNumCosl" class="App\PokerSquares\GridTest" classname="App.PokerSquares.GridTest" file="/home/sofie/dbwebb-kurser/mvc/me/report/tests/Project/GridTest.php" line="69" assertions="1" time="0.000510"/>
        <testcase name="testGetGrid" class="App\PokerSquares\GridTest" classname="App.PokerSquares.GridTest" file="/home/sofie/dbwebb-kurser/mvc/me/report/tests/Project/GridTest.php" line="82" assertions="1" time="0.000454"/>
        <testcase name="testGetRowIfFullHandOk" class="App\PokerSquares\GridTest" classname="App.PokerSquares.GridTest" file="/home/sofie/dbwebb-kurser/mvc/me/report/tests/Project/GridTest.php" line="97" assertions="1" time="0.000496"/>
        <testcase name="testGetRowIfFullHandNotOk" class="App\PokerSquares\GridTest" classname="App.PokerSquares.GridTest" file="/home/sofie/dbwebb-kurser/mvc/me/report/tests/Project/GridTest.php" line="126" assertions="1" time="0.000991"/>
        <testcase name="testGetRowIfFullHandWrongIndex" class="App\PokerSquares\GridTest" classname="App.PokerSquares.GridTest" file="/home/sofie/dbwebb-kurser/mvc/me/report/tests/Project/GridTest.php" line="154" assertions="1" time="0.000664"/>
        <testcase name="testGetColIfFullHandOk" class="App\PokerSquares\GridTest" classname="App.PokerSquares.GridTest" file="/home/sofie/dbwebb-kurser/mvc/me/report/tests/Project/GridTest.php" line="185" assertions="1" time="0.000554"/>
        <testcase name="testGetColIfFullHandNotOk" class="App\PokerSquares\GridTest" classname="App.PokerSquares.GridTest" file="/home/sofie/dbwebb-kurser/mvc/me/report/tests/Project/GridTest.php" line="215" assertions="1" time="0.000522"/>
        <testcase name="testGetColIfFullHandWrongIndex" class="App\PokerSquares\GridTest" classname="App.PokerSquares.GridTest" file="/home/sofie/dbwebb-kurser/mvc/me/report/tests/Project/GridTest.php" line="242" assertions="1" time="0.000511"/>
        <testcase name="testGetNumEmptyCells" class="App\PokerSquares\GridTest" classname="App.PokerSquares.GridTest" file="/home/sofie/dbwebb-kurser/mvc/me/report/tests/Project/GridTest.php" line="264" assertions="1" time="0.000838"/>
        <testcase name="testGetGridJson" class="App\PokerSquares\GridTest" classname="App.PokerSquares.GridTest" file="/home/sofie/dbwebb-kurser/mvc/me/report/tests/Project/GridTest.php" line="283" assertions="1" time="0.000513"/>
        <testcase name="testCalulateScoresRow" class="App\PokerSquares\GridTest" classname="App.PokerSquares.GridTest" file="/home/sofie/dbwebb-kurser/mvc/me/report/tests/Project/GridTest.php" line="329" assertions="1" time="0.000721"/>
        <testcase name="testCalulateScoresCol" class="App\PokerSquares\GridTest" classname="App.PokerSquares.GridTest" file="/home/sofie/dbwebb-kurser/mvc/me/report/tests/Project/GridTest.php" line="362" assertions="1" time="0.000676"/>
      </testsuite>
      <testsuite name="App\PokerSquares\HandEvaluatorTest" file="/home/sofie/dbwebb-kurser/mvc/me/report/tests/Project/HandEvaluatorTest.php" tests="10" assertions="20" errors="0" warnings="0" failures="0" skipped="0" time="0.008075">
        <testcase name="testOnePair" class="App\PokerSquares\HandEvaluatorTest" classname="App.PokerSquares.HandEvaluatorTest" file="/home/sofie/dbwebb-kurser/mvc/me/report/tests/Project/HandEvaluatorTest.php" line="18" assertions="2" time="0.000873"/>
        <testcase name="testTwoPairs" class="App\PokerSquares\HandEvaluatorTest" classname="App.PokerSquares.HandEvaluatorTest" file="/home/sofie/dbwebb-kurser/mvc/me/report/tests/Project/HandEvaluatorTest.php" line="43" assertions="2" time="0.000813"/>
        <testcase name="testThreeOfAKind" class="App\PokerSquares\HandEvaluatorTest" classname="App.PokerSquares.HandEvaluatorTest" file="/home/sofie/dbwebb-kurser/mvc/me/report/tests/Project/HandEvaluatorTest.php" line="68" assertions="2" time="0.000806"/>
        <testcase name="testStraight" class="App\PokerSquares\HandEvaluatorTest" classname="App.PokerSquares.HandEvaluatorTest" file="/home/sofie/dbwebb-kurser/mvc/me/report/tests/Project/HandEvaluatorTest.php" line="94" assertions="2" time="0.000754"/>
        <testcase name="testFlush" class="App\PokerSquares\HandEvaluatorTest" classname="App.PokerSquares.HandEvaluatorTest" file="/home/sofie/dbwebb-kurser/mvc/me/report/tests/Project/HandEvaluatorTest.php" line="120" assertions="2" time="0.000786"/>
        <testcase name="testFullHouse" class="App\PokerSquares\HandEvaluatorTest" classname="App.PokerSquares.HandEvaluatorTest" file="/home/sofie/dbwebb-kurser/mvc/me/report/tests/Project/HandEvaluatorTest.php" line="146" assertions="2" time="0.000775"/>
        <testcase name="testFourOfAKind" class="App\PokerSquares\HandEvaluatorTest" classname="App.PokerSquares.HandEvaluatorTest" file="/home/sofie/dbwebb-kurser/mvc/me/report/tests/Project/HandEvaluatorTest.php" line="173" assertions="2" time="0.000744"/>
        <testcase name="testStraightFlush" class="App\PokerSquares\HandEvaluatorTest" classname="App.PokerSquares.HandEvaluatorTest" file="/home/sofie/dbwebb-kurser/mvc/me/report/tests/Project/HandEvaluatorTest.php" line="199" assertions="2" time="0.000842"/>
        <testcase name="testRoyalFlush" class="App\PokerSquares\HandEvaluatorTest" classname="App.PokerSquares.HandEvaluatorTest" file="/home/sofie/dbwebb-kurser/mvc/me/report/tests/Project/HandEvaluatorTest.php" line="225" assertions="2" time="0.000885"/>
        <testcase name="testNoScore" class="App\PokerSquares\HandEvaluatorTest" classname="App.PokerSquares.HandEvaluatorTest" file="/home/sofie/dbwebb-kurser/mvc/me/report/tests/Project/HandEvaluatorTest.php" line="251" assertions="2" time="0.000798"/>
      </testsuite>
      <testsuite name="App\PokerSquares\SquareGameTest" file="/home/sofie/dbwebb-kurser/mvc/me/report/tests/Project/SquareGameTest.php" tests="9" assertions="14" errors="0" warnings="0" failures="0" skipped="0" time="0.006090">
        <testcase name="testCreateEmptyDeckOfCards" class="App\PokerSquares\SquareGameTest" classname="App.PokerSquares.SquareGameTest" file="/home/sofie/dbwebb-kurser/mvc/me/report/tests/Project/SquareGameTest.php" line="18" assertions="3" time="0.000707"/>
        <testcase name="testDrawCard" class="App\PokerSquares\SquareGameTest" classname="App.PokerSquares.SquareGameTest" file="/home/sofie/dbwebb-kurser/mvc/me/report/tests/Project/SquareGameTest.php" line="34" assertions="2" time="0.000650"/>
        <testcase name="testPlaceCardWithoutDraw" class="App\PokerSquares\SquareGameTest" classname="App.PokerSquares.SquareGameTest" file="/home/sofie/dbwebb-kurser/mvc/me/report/tests/Project/SquareGameTest.php" line="54" assertions="1" time="0.000659"/>
        <testcase name="testPlaceCard" class="App\PokerSquares\SquareGameTest" classname="App.PokerSquares.SquareGameTest" file="/home/sofie/dbwebb-kurser/mvc/me/report/tests/Project/SquareGameTest.php" line="70" assertions="2" time="0.000745"/>
        <testcase name="testGetCurrentCard" class="App\PokerSquares\SquareGameTest" classname="App.PokerSquares.SquareGameTest" file="/home/sofie/dbwebb-kurser/mvc/me/report/tests/Project/SquareGameTest.php" line="92" assertions="1" time="0.000649"/>
        <testcase name="testGetScoring" class="App\PokerSquares\SquareGameTest" classname="App.PokerSquares.SquareGameTest" file="/home/sofie/dbwebb-kurser/mvc/me/report/tests/Project/SquareGameTest.php" line="107" assertions="1" time="0.000607"/>
        <testcase name="testSetScoring" class="App\PokerSquares\SquareGameTest" classname="App.PokerSquares.SquareGameTest" file="/home/sofie/dbwebb-kurser/mvc/me/report/tests/Project/SquareGameTest.php" line="122" assertions="1" time="0.000628"/>
        <testcase name="testCalculateScores" class="App\PokerSquares\SquareGameTest" classname="App.PokerSquares.SquareGameTest" file="/home/sofie/dbwebb-kurser/mvc/me/report/tests/Project/SquareGameTest.php" line="138" assertions="1" time="0.000700"/>
        <testcase name="testGetJsonGrid" class="App\PokerSquares\SquareGameTest" classname="App.PokerSquares.SquareGameTest" file="/home/sofie/dbwebb-kurser/mvc/me/report/tests/Project/SquareGameTest.php" line="164" assertions="2" time="0.000745"/>
      </testsuite>
      <testsuite name="App\Tests\Service\DeckServiceTest" file="/home/sofie/dbwebb-kurser/mvc/me/report/tests/Service/DeckServiceTest.php" tests="3" assertions="112" errors="0" warnings="0" failures="0" skipped="0" time="0.004596">
        <testcase name="testCreateDeckOfCards" class="App\Tests\Service\DeckServiceTest" classname="App.Tests.Service.DeckServiceTest" file="/home/sofie/dbwebb-kurser/mvc/me/report/tests/Service/DeckServiceTest.php" line="17" assertions="2" time="0.000717"/>
        <testcase name="testCreateDeckOfCards2" class="App\Tests\Service\DeckServiceTest" classname="App.Tests.Service.DeckServiceTest" file="/home/sofie/dbwebb-kurser/mvc/me/report/tests/Service/DeckServiceTest.php" line="32" assertions="107" time="0.003357"/>
        <testcase name="testDealCardsToPlayers" class="App\Tests\Service\DeckServiceTest" classname="App.Tests.Service.DeckServiceTest" file="/home/sofie/dbwebb-kurser/mvc/me/report/tests/Service/DeckServiceTest.php" line="72" assertions="3" time="0.000521"/>
      </testsuite>
    </testsuite>
  </testsuite>
</testsuites>
