<?xml version="1.0" encoding="UTF-8"?>
<testsuites>
  <testsuite name="" tests="139" assertions="559" errors="0" warnings="0" failures="0" skipped="0" time="1.760942">
    <testsuite name="Project Test Suite" tests="139" assertions="559" errors="0" warnings="0" failures="0" skipped="0" time="1.760942">
      <testsuite name="App\Card\CardGraphicTest" file="/home/sofie/dbwebb-kurser/mvc/me/report/tests/Card/CardGraphicTest.php" tests="8" assertions="8" errors="0" warnings="0" failures="0" skipped="0" time="0.016887">
        <testsuite name="App\Card\CardGraphicTest::testGetString" tests="8" assertions="8" errors="0" warnings="0" failures="0" skipped="0" time="0.016887">
          <testcase name="testGetString with data set #0" class="App\Card\CardGraphicTest" classname="App.Card.CardGraphicTest" file="/home/sofie/dbwebb-kurser/mvc/me/report/tests/Card/CardGraphicTest.php" line="15" assertions="1" time="0.012901"/>
          <testcase name="testGetString with data set #1" class="App\Card\CardGraphicTest" classname="App.Card.CardGraphicTest" file="/home/sofie/dbwebb-kurser/mvc/me/report/tests/Card/CardGraphicTest.php" line="15" assertions="1" time="0.000483"/>
          <testcase name="testGetString with data set #2" class="App\Card\CardGraphicTest" classname="App.Card.CardGraphicTest" file="/home/sofie/dbwebb-kurser/mvc/me/report/tests/Card/CardGraphicTest.php" line="15" assertions="1" time="0.000746"/>
          <testcase name="testGetString with data set #3" class="App\Card\CardGraphicTest" classname="App.Card.CardGraphicTest" file="/home/sofie/dbwebb-kurser/mvc/me/report/tests/Card/CardGraphicTest.php" line="15" assertions="1" time="0.000623"/>
          <testcase name="testGetString with data set #4" class="App\Card\CardGraphicTest" classname="App.Card.CardGraphicTest" file="/home/sofie/dbwebb-kurser/mvc/me/report/tests/Card/CardGraphicTest.php" line="15" assertions="1" time="0.000519"/>
          <testcase name="testGetString with data set #5" class="App\Card\CardGraphicTest" classname="App.Card.CardGraphicTest" file="/home/sofie/dbwebb-kurser/mvc/me/report/tests/Card/CardGraphicTest.php" line="15" assertions="1" time="0.000664"/>
          <testcase name="testGetString with data set #6" class="App\Card\CardGraphicTest" classname="App.Card.CardGraphicTest" file="/home/sofie/dbwebb-kurser/mvc/me/report/tests/Card/CardGraphicTest.php" line="15" assertions="1" time="0.000458"/>
          <testcase name="testGetString with data set #7" class="App\Card\CardGraphicTest" classname="App.Card.CardGraphicTest" file="/home/sofie/dbwebb-kurser/mvc/me/report/tests/Card/CardGraphicTest.php" line="15" assertions="1" time="0.000492"/>
        </testsuite>
      </testsuite>
      <testsuite name="App\Card\CardHandTest" file="/home/sofie/dbwebb-kurser/mvc/me/report/tests/Card/CardHandTest.php" tests="7" assertions="12" errors="0" warnings="0" failures="0" skipped="0" time="0.009356">
        <testcase name="testCreateEmptyCardHand" class="App\Card\CardHandTest" classname="App.Card.CardHandTest" file="/home/sofie/dbwebb-kurser/mvc/me/report/tests/Card/CardHandTest.php" line="17" assertions="2" time="0.002355"/>
        <testcase name="testAddCard" class="App\Card\CardHandTest" classname="App.Card.CardHandTest" file="/home/sofie/dbwebb-kurser/mvc/me/report/tests/Card/CardHandTest.php" line="33" assertions="2" time="0.003004"/>
        <testcase name="testAddCards" class="App\Card\CardHandTest" classname="App.Card.CardHandTest" file="/home/sofie/dbwebb-kurser/mvc/me/report/tests/Card/CardHandTest.php" line="76" assertions="2" time="0.000510"/>
        <testcase name="testGetHandAsArray" class="App\Card\CardHandTest" classname="App.Card.CardHandTest" file="/home/sofie/dbwebb-kurser/mvc/me/report/tests/Card/CardHandTest.php" line="103" assertions="3" time="0.001198"/>
        <testcase name="testGetTotalScoreWithNoAces" class="App\Card\CardHandTest" classname="App.Card.CardHandTest" file="/home/sofie/dbwebb-kurser/mvc/me/report/tests/Card/CardHandTest.php" line="135" assertions="1" time="0.000515"/>
        <testcase name="testGetTotalScoreWithAceInLargeHand" class="App\Card\CardHandTest" classname="App.Card.CardHandTest" file="/home/sofie/dbwebb-kurser/mvc/me/report/tests/Card/CardHandTest.php" line="158" assertions="1" time="0.000778"/>
        <testcase name="testGetTotalScoreWithAceInSmallHand" class="App\Card\CardHandTest" classname="App.Card.CardHandTest" file="/home/sofie/dbwebb-kurser/mvc/me/report/tests/Card/CardHandTest.php" line="181" assertions="1" time="0.000997"/>
      </testsuite>
      <testsuite name="App\Card\CardTest" file="/home/sofie/dbwebb-kurser/mvc/me/report/tests/Card/CardTest.php" tests="9" assertions="11" errors="0" warnings="0" failures="0" skipped="0" time="0.006689">
        <testcase name="testCreateCardWithSuitAndValue" class="App\Card\CardTest" classname="App.Card.CardTest" file="/home/sofie/dbwebb-kurser/mvc/me/report/tests/Card/CardTest.php" line="15" assertions="3" time="0.002107"/>
        <testsuite name="App\Card\CardTest::testGetScore" tests="7" assertions="7" errors="0" warnings="0" failures="0" skipped="0" time="0.004134">
          <testcase name="testGetScore with data set #0" class="App\Card\CardTest" classname="App.Card.CardTest" file="/home/sofie/dbwebb-kurser/mvc/me/report/tests/Card/CardTest.php" line="34" assertions="1" time="0.001125"/>
          <testcase name="testGetScore with data set #1" class="App\Card\CardTest" classname="App.Card.CardTest" file="/home/sofie/dbwebb-kurser/mvc/me/report/tests/Card/CardTest.php" line="34" assertions="1" time="0.000665"/>
          <testcase name="testGetScore with data set #2" class="App\Card\CardTest" classname="App.Card.CardTest" file="/home/sofie/dbwebb-kurser/mvc/me/report/tests/Card/CardTest.php" line="34" assertions="1" time="0.000410"/>
          <testcase name="testGetScore with data set #3" class="App\Card\CardTest" classname="App.Card.CardTest" file="/home/sofie/dbwebb-kurser/mvc/me/report/tests/Card/CardTest.php" line="34" assertions="1" time="0.000408"/>
          <testcase name="testGetScore with data set #4" class="App\Card\CardTest" classname="App.Card.CardTest" file="/home/sofie/dbwebb-kurser/mvc/me/report/tests/Card/CardTest.php" line="34" assertions="1" time="0.000697"/>
          <testcase name="testGetScore with data set #5" class="App\Card\CardTest" classname="App.Card.CardTest" file="/home/sofie/dbwebb-kurser/mvc/me/report/tests/Card/CardTest.php" line="34" assertions="1" time="0.000438"/>
          <testcase name="testGetScore with data set #6" class="App\Card\CardTest" classname="App.Card.CardTest" file="/home/sofie/dbwebb-kurser/mvc/me/report/tests/Card/CardTest.php" line="34" assertions="1" time="0.000391"/>
        </testsuite>
        <testcase name="testGetString" class="App\Card\CardTest" classname="App.Card.CardTest" file="/home/sofie/dbwebb-kurser/mvc/me/report/tests/Card/CardTest.php" line="66" assertions="1" time="0.000448"/>
      </testsuite>
      <testsuite name="App\Card\DeckOfCardsTest" file="/home/sofie/dbwebb-kurser/mvc/me/report/tests/Card/DeckOfCardsTest.php" tests="11" assertions="23" errors="0" warnings="0" failures="0" skipped="0" time="0.019872">
        <testcase name="testCreateEmptyDeckOfCards" class="App\Card\DeckOfCardsTest" classname="App.Card.DeckOfCardsTest" file="/home/sofie/dbwebb-kurser/mvc/me/report/tests/Card/DeckOfCardsTest.php" line="17" assertions="2" time="0.003810"/>
        <testcase name="testGetSuitsAndValue" class="App\Card\DeckOfCardsTest" classname="App.Card.DeckOfCardsTest" file="/home/sofie/dbwebb-kurser/mvc/me/report/tests/Card/DeckOfCardsTest.php" line="32" assertions="2" time="0.000585"/>
        <testcase name="testAddCard" class="App\Card\DeckOfCardsTest" classname="App.Card.DeckOfCardsTest" file="/home/sofie/dbwebb-kurser/mvc/me/report/tests/Card/DeckOfCardsTest.php" line="58" assertions="2" time="0.000519"/>
        <testcase name="testSort" class="App\Card\DeckOfCardsTest" classname="App.Card.DeckOfCardsTest" file="/home/sofie/dbwebb-kurser/mvc/me/report/tests/Card/DeckOfCardsTest.php" line="84" assertions="1" time="0.001771"/>
        <testcase name="testFillAndShuffle" class="App\Card\DeckOfCardsTest" classname="App.Card.DeckOfCardsTest" file="/home/sofie/dbwebb-kurser/mvc/me/report/tests/Card/DeckOfCardsTest.php" line="124" assertions="1" time="0.000627"/>
        <testcase name="testShuffle" class="App\Card\DeckOfCardsTest" classname="App.Card.DeckOfCardsTest" file="/home/sofie/dbwebb-kurser/mvc/me/report/tests/Card/DeckOfCardsTest.php" line="138" assertions="8" time="0.008086"/>
        <testcase name="testDrawOneCard" class="App\Card\DeckOfCardsTest" classname="App.Card.DeckOfCardsTest" file="/home/sofie/dbwebb-kurser/mvc/me/report/tests/Card/DeckOfCardsTest.php" line="182" assertions="1" time="0.001158"/>
        <testcase name="testDrawTwoCards" class="App\Card\DeckOfCardsTest" classname="App.Card.DeckOfCardsTest" file="/home/sofie/dbwebb-kurser/mvc/me/report/tests/Card/DeckOfCardsTest.php" line="213" assertions="3" time="0.000621"/>
        <testcase name="testDrawFromEmptyDeck" class="App\Card\DeckOfCardsTest" classname="App.Card.DeckOfCardsTest" file="/home/sofie/dbwebb-kurser/mvc/me/report/tests/Card/DeckOfCardsTest.php" line="250" assertions="1" time="0.000480"/>
        <testcase name="testGetNumberOfCards" class="App\Card\DeckOfCardsTest" classname="App.Card.DeckOfCardsTest" file="/home/sofie/dbwebb-kurser/mvc/me/report/tests/Card/DeckOfCardsTest.php" line="267" assertions="1" time="0.001363"/>
        <testcase name="testGetCardArray" class="App\Card\DeckOfCardsTest" classname="App.Card.DeckOfCardsTest" file="/home/sofie/dbwebb-kurser/mvc/me/report/tests/Card/DeckOfCardsTest.php" line="297" assertions="1" time="0.000852"/>
      </testsuite>
      <testsuite name="App\Controller\CardControllerJsonTest" file="/home/sofie/dbwebb-kurser/mvc/me/report/tests/Controller/CardControllerJsonTest.php" tests="9" assertions="25" errors="0" warnings="0" failures="0" skipped="0" time="0.730861">
        <testcase name="testApiDeck" class="App\Controller\CardControllerJsonTest" classname="App.Controller.CardControllerJsonTest" file="/home/sofie/dbwebb-kurser/mvc/me/report/tests/Controller/CardControllerJsonTest.php" line="22" assertions="6" time="0.059287"/>
        <testcase name="testDeckShufflePost" class="App\Controller\CardControllerJsonTest" classname="App.Controller.CardControllerJsonTest" file="/home/sofie/dbwebb-kurser/mvc/me/report/tests/Controller/CardControllerJsonTest.php" line="77" assertions="2" time="0.507376"/>
        <testcase name="testapiDeckDrawPost" class="App\Controller\CardControllerJsonTest" classname="App.Controller.CardControllerJsonTest" file="/home/sofie/dbwebb-kurser/mvc/me/report/tests/Controller/CardControllerJsonTest.php" line="102" assertions="5" time="0.034114"/>
        <testcase name="testDeckShuffleGet" class="App\Controller\CardControllerJsonTest" classname="App.Controller.CardControllerJsonTest" file="/home/sofie/dbwebb-kurser/mvc/me/report/tests/Controller/CardControllerJsonTest.php" line="139" assertions="2" time="0.017908"/>
        <testcase name="testDrawPost" class="App\Controller\CardControllerJsonTest" classname="App.Controller.CardControllerJsonTest" file="/home/sofie/dbwebb-kurser/mvc/me/report/tests/Controller/CardControllerJsonTest.php" line="163" assertions="2" time="0.018925"/>
        <testcase name="testDrawNumPost" class="App\Controller\CardControllerJsonTest" classname="App.Controller.CardControllerJsonTest" file="/home/sofie/dbwebb-kurser/mvc/me/report/tests/Controller/CardControllerJsonTest.php" line="187" assertions="2" time="0.018371"/>
        <testcase name="testDrawNumGet" class="App\Controller\CardControllerJsonTest" classname="App.Controller.CardControllerJsonTest" file="/home/sofie/dbwebb-kurser/mvc/me/report/tests/Controller/CardControllerJsonTest.php" line="214" assertions="2" time="0.032708"/>
        <testcase name="testApiCardHandPost" class="App\Controller\CardControllerJsonTest" classname="App.Controller.CardControllerJsonTest" file="/home/sofie/dbwebb-kurser/mvc/me/report/tests/Controller/CardControllerJsonTest.php" line="240" assertions="2" time="0.022188"/>
        <testcase name="testCardHandGet" class="App\Controller\CardControllerJsonTest" classname="App.Controller.CardControllerJsonTest" file="/home/sofie/dbwebb-kurser/mvc/me/report/tests/Controller/CardControllerJsonTest.php" line="265" assertions="2" time="0.019984"/>
      </testsuite>
      <testsuite name="App\Controller\CardControllerTest" file="/home/sofie/dbwebb-kurser/mvc/me/report/tests/Controller/CardControllerTest.php" tests="9" assertions="24" errors="0" warnings="0" failures="0" skipped="0" time="0.318766">
        <testcase name="testCardStart" class="App\Controller\CardControllerTest" classname="App.Controller.CardControllerTest" file="/home/sofie/dbwebb-kurser/mvc/me/report/tests/Controller/CardControllerTest.php" line="17" assertions="3" time="0.062727"/>
        <testcase name="testCardDeck" class="App\Controller\CardControllerTest" classname="App.Controller.CardControllerTest" file="/home/sofie/dbwebb-kurser/mvc/me/report/tests/Controller/CardControllerTest.php" line="36" assertions="3" time="0.042056"/>
        <testcase name="testDeckSort" class="App\Controller\CardControllerTest" classname="App.Controller.CardControllerTest" file="/home/sofie/dbwebb-kurser/mvc/me/report/tests/Controller/CardControllerTest.php" line="54" assertions="2" time="0.026954"/>
        <testcase name="testDeckInit" class="App\Controller\CardControllerTest" classname="App.Controller.CardControllerTest" file="/home/sofie/dbwebb-kurser/mvc/me/report/tests/Controller/CardControllerTest.php" line="76" assertions="2" time="0.020993"/>
        <testcase name="testCardShuffle" class="App\Controller\CardControllerTest" classname="App.Controller.CardControllerTest" file="/home/sofie/dbwebb-kurser/mvc/me/report/tests/Controller/CardControllerTest.php" line="98" assertions="3" time="0.044668"/>
        <testcase name="testDrawCard" class="App\Controller\CardControllerTest" classname="App.Controller.CardControllerTest" file="/home/sofie/dbwebb-kurser/mvc/me/report/tests/Controller/CardControllerTest.php" line="116" assertions="3" time="0.032614"/>
        <testcase name="testDrawCardNum" class="App\Controller\CardControllerTest" classname="App.Controller.CardControllerTest" file="/home/sofie/dbwebb-kurser/mvc/me/report/tests/Controller/CardControllerTest.php" line="134" assertions="3" time="0.032743"/>
        <testcase name="testCardHand" class="App\Controller\CardControllerTest" classname="App.Controller.CardControllerTest" file="/home/sofie/dbwebb-kurser/mvc/me/report/tests/Controller/CardControllerTest.php" line="152" assertions="3" time="0.033413"/>
        <testcase name="testcreateCardHand" class="App\Controller\CardControllerTest" classname="App.Controller.CardControllerTest" file="/home/sofie/dbwebb-kurser/mvc/me/report/tests/Controller/CardControllerTest.php" line="170" assertions="2" time="0.022598"/>
      </testsuite>
      <testsuite name="App\Controller\GameControllerJsonTest" file="/home/sofie/dbwebb-kurser/mvc/me/report/tests/Controller/GameControllerJsonTest.php" tests="1" assertions="3" errors="0" warnings="0" failures="0" skipped="0" time="0.004112">
        <testcase name="testApiGameReturnsJsonResponse" class="App\Controller\GameControllerJsonTest" classname="App.Controller.GameControllerJsonTest" file="/home/sofie/dbwebb-kurser/mvc/me/report/tests/Controller/GameControllerJsonTest.php" line="18" assertions="3" time="0.004112"/>
      </testsuite>
      <testsuite name="App\Controller\GameControllerTest" file="/home/sofie/dbwebb-kurser/mvc/me/report/tests/Controller/GameControllerTest.php" tests="8" assertions="19" errors="0" warnings="0" failures="0" skipped="0" time="0.234595">
        <testcase name="testGameStart" class="App\Controller\GameControllerTest" classname="App.Controller.GameControllerTest" file="/home/sofie/dbwebb-kurser/mvc/me/report/tests/Controller/GameControllerTest.php" line="17" assertions="3" time="0.032966"/>
        <testcase name="testDocRoute" class="App\Controller\GameControllerTest" classname="App.Controller.GameControllerTest" file="/home/sofie/dbwebb-kurser/mvc/me/report/tests/Controller/GameControllerTest.php" line="36" assertions="3" time="0.029378"/>
        <testcase name="testGameDraw" class="App\Controller\GameControllerTest" classname="App.Controller.GameControllerTest" file="/home/sofie/dbwebb-kurser/mvc/me/report/tests/Controller/GameControllerTest.php" line="54" assertions="2" time="0.024535"/>
        <testcase name="testGameInit" class="App\Controller\GameControllerTest" classname="App.Controller.GameControllerTest" file="/home/sofie/dbwebb-kurser/mvc/me/report/tests/Controller/GameControllerTest.php" line="79" assertions="2" time="0.022276"/>
        <testcase name="testGameNewRound" class="App\Controller\GameControllerTest" classname="App.Controller.GameControllerTest" file="/home/sofie/dbwebb-kurser/mvc/me/report/tests/Controller/GameControllerTest.php" line="104" assertions="2" time="0.020405"/>
        <testcase name="testGamePlay" class="App\Controller\GameControllerTest" classname="App.Controller.GameControllerTest" file="/home/sofie/dbwebb-kurser/mvc/me/report/tests/Controller/GameControllerTest.php" line="128" assertions="3" time="0.041640"/>
        <testcase name="testSwitchPlayer" class="App\Controller\GameControllerTest" classname="App.Controller.GameControllerTest" file="/home/sofie/dbwebb-kurser/mvc/me/report/tests/Controller/GameControllerTest.php" line="146" assertions="2" time="0.017942"/>
        <testcase name="testGameBet" class="App\Controller\GameControllerTest" classname="App.Controller.GameControllerTest" file="/home/sofie/dbwebb-kurser/mvc/me/report/tests/Controller/GameControllerTest.php" line="170" assertions="2" time="0.045451"/>
      </testsuite>
      <testsuite name="App\Controller\SquareGameControllerApiTest" file="/home/sofie/dbwebb-kurser/mvc/me/report/tests/Controller/SquareGameControllerApiTest.php" tests="7" assertions="11" errors="0" warnings="0" failures="0" skipped="0" time="0.128629">
        <testcase name="testApiStartResponse" class="App\Controller\SquareGameControllerApiTest" classname="App.Controller.SquareGameControllerApiTest" file="/home/sofie/dbwebb-kurser/mvc/me/report/tests/Controller/SquareGameControllerApiTest.php" line="20" assertions="3" time="0.032074"/>
        <testcase name="testApiStartJson" class="App\Controller\SquareGameControllerApiTest" classname="App.Controller.SquareGameControllerApiTest" file="/home/sofie/dbwebb-kurser/mvc/me/report/tests/Controller/SquareGameControllerApiTest.php" line="38" assertions="3" time="0.006216"/>
        <testcase name="testApiGame" class="App\Controller\SquareGameControllerApiTest" classname="App.Controller.SquareGameControllerApiTest" file="/home/sofie/dbwebb-kurser/mvc/me/report/tests/Controller/SquareGameControllerApiTest.php" line="89" assertions="1" time="0.013073"/>
        <testcase name="testApiScore" class="App\Controller\SquareGameControllerApiTest" classname="App.Controller.SquareGameControllerApiTest" file="/home/sofie/dbwebb-kurser/mvc/me/report/tests/Controller/SquareGameControllerApiTest.php" line="109" assertions="1" time="0.020091"/>
        <testcase name="testApiPlayer" class="App\Controller\SquareGameControllerApiTest" classname="App.Controller.SquareGameControllerApiTest" file="/home/sofie/dbwebb-kurser/mvc/me/report/tests/Controller/SquareGameControllerApiTest.php" line="129" assertions="1" time="0.014097"/>
        <testcase name="testApiCells" class="App\Controller\SquareGameControllerApiTest" classname="App.Controller.SquareGameControllerApiTest" file="/home/sofie/dbwebb-kurser/mvc/me/report/tests/Controller/SquareGameControllerApiTest.php" line="147" assertions="1" time="0.020007"/>
        <testcase name="testApiScoring" class="App\Controller\SquareGameControllerApiTest" classname="App.Controller.SquareGameControllerApiTest" file="/home/sofie/dbwebb-kurser/mvc/me/report/tests/Controller/SquareGameControllerApiTest.php" line="165" assertions="1" time="0.023070"/>
      </testsuite>
      <testsuite name="App\Controller\SquareGameControllerTest" file="/home/sofie/dbwebb-kurser/mvc/me/report/tests/Controller/SquareGameControllerTest.php" tests="5" assertions="9" errors="0" warnings="0" failures="0" skipped="0" time="0.185777">
        <testcase name="testGameStart" class="App\Controller\SquareGameControllerTest" classname="App.Controller.SquareGameControllerTest" file="/home/sofie/dbwebb-kurser/mvc/me/report/tests/Controller/SquareGameControllerTest.php" line="17" assertions="3" time="0.032694"/>
        <testcase name="testAbout" class="App\Controller\SquareGameControllerTest" classname="App.Controller.SquareGameControllerTest" file="/home/sofie/dbwebb-kurser/mvc/me/report/tests/Controller/SquareGameControllerTest.php" line="36" assertions="3" time="0.028108"/>
        <testcase name="testStartGame" class="App\Controller\SquareGameControllerTest" classname="App.Controller.SquareGameControllerTest" file="/home/sofie/dbwebb-kurser/mvc/me/report/tests/Controller/SquareGameControllerTest.php" line="54" assertions="1" time="0.039703"/>
        <testcase name="testDrawCard" class="App\Controller\SquareGameControllerTest" classname="App.Controller.SquareGameControllerTest" file="/home/sofie/dbwebb-kurser/mvc/me/report/tests/Controller/SquareGameControllerTest.php" line="69" assertions="1" time="0.044772"/>
        <testcase name="testPlaceCard" class="App\Controller\SquareGameControllerTest" classname="App.Controller.SquareGameControllerTest" file="/home/sofie/dbwebb-kurser/mvc/me/report/tests/Controller/SquareGameControllerTest.php" line="85" assertions="1" time="0.040500"/>
      </testsuite>
      <testsuite name="App\Dice\DiceGraphicTest" file="/home/sofie/dbwebb-kurser/mvc/me/report/tests/Dice/DiceGraphicTest.php" tests="1" assertions="6" errors="0" warnings="0" failures="0" skipped="0" time="0.001534">
        <testcase name="testGetAsString" class="App\Dice\DiceGraphicTest" classname="App.Dice.DiceGraphicTest" file="/home/sofie/dbwebb-kurser/mvc/me/report/tests/Dice/DiceGraphicTest.php" line="12" assertions="6" time="0.001534"/>
      </testsuite>
      <testsuite name="App\Dice\DiceHandTest" file="/home/sofie/dbwebb-kurser/mvc/me/report/tests/Dice/DiceHandTest.php" tests="4" assertions="11" errors="0" warnings="0" failures="0" skipped="0" time="0.012655">
        <testcase name="testAddStubbedDices" class="App\Dice\DiceHandTest" classname="App.Dice.DiceHandTest" file="/home/sofie/dbwebb-kurser/mvc/me/report/tests/Dice/DiceHandTest.php" line="15" assertions="1" time="0.007058"/>
        <testcase name="testAddAddsDieToHand" class="App\Dice\DiceHandTest" classname="App.Dice.DiceHandTest" file="/home/sofie/dbwebb-kurser/mvc/me/report/tests/Dice/DiceHandTest.php" line="39" assertions="1" time="0.000504"/>
        <testcase name="testRollRollsAllDiceInHand" class="App\Dice\DiceHandTest" classname="App.Dice.DiceHandTest" file="/home/sofie/dbwebb-kurser/mvc/me/report/tests/Dice/DiceHandTest.php" line="51" assertions="8" time="0.003942"/>
        <testcase name="testGetStringReturnsArrayOfStrings" class="App\Dice\DiceHandTest" classname="App.Dice.DiceHandTest" file="/home/sofie/dbwebb-kurser/mvc/me/report/tests/Dice/DiceHandTest.php" line="72" assertions="1" time="0.001151"/>
      </testsuite>
      <testsuite name="App\Dice\DiceTest" file="/home/sofie/dbwebb-kurser/mvc/me/report/tests/Dice/DiceTest.php" tests="4" assertions="208" errors="0" warnings="0" failures="0" skipped="0" time="0.016094">
        <testcase name="testCreateDice" class="App\Dice\DiceTest" classname="App.Dice.DiceTest" file="/home/sofie/dbwebb-kurser/mvc/me/report/tests/Dice/DiceTest.php" line="16" assertions="2" time="0.000520"/>
        <testcase name="testStubRollDiceLastRoll" class="App\Dice\DiceTest" classname="App.Dice.DiceTest" file="/home/sofie/dbwebb-kurser/mvc/me/report/tests/Dice/DiceTest.php" line="30" assertions="1" time="0.000887"/>
        <testcase name="testRollDice" class="App\Dice\DiceTest" classname="App.Dice.DiceTest" file="/home/sofie/dbwebb-kurser/mvc/me/report/tests/Dice/DiceTest.php" line="50" assertions="201" time="0.012940"/>
        <testcase name="testGetValue" class="App\Dice\DiceTest" classname="App.Dice.DiceTest" file="/home/sofie/dbwebb-kurser/mvc/me/report/tests/Dice/DiceTest.php" line="75" assertions="4" time="0.001747"/>
      </testsuite>
      <testsuite name="App\Game\GameTest" file="/home/sofie/dbwebb-kurser/mvc/me/report/tests/Game/GameTest.php" tests="10" assertions="14" errors="0" warnings="0" failures="0" skipped="0" time="0.016318">
        <testcase name="testCreateGame" class="App\Game\GameTest" classname="App.Game.GameTest" file="/home/sofie/dbwebb-kurser/mvc/me/report/tests/Game/GameTest.php" line="18" assertions="2" time="0.000894"/>
        <testcase name="testCreateGameWithMoney" class="App\Game\GameTest" classname="App.Game.GameTest" file="/home/sofie/dbwebb-kurser/mvc/me/report/tests/Game/GameTest.php" line="37" assertions="2" time="0.001616"/>
        <testcase name="testGetCurrentPlayer" class="App\Game\GameTest" classname="App.Game.GameTest" file="/home/sofie/dbwebb-kurser/mvc/me/report/tests/Game/GameTest.php" line="57" assertions="2" time="0.000910"/>
        <testcase name="testSetAndGetBet" class="App\Game\GameTest" classname="App.Game.GameTest" file="/home/sofie/dbwebb-kurser/mvc/me/report/tests/Game/GameTest.php" line="81" assertions="1" time="0.001351"/>
        <testcase name="testCurrentPlayersTurn" class="App\Game\GameTest" classname="App.Game.GameTest" file="/home/sofie/dbwebb-kurser/mvc/me/report/tests/Game/GameTest.php" line="99" assertions="1" time="0.000998"/>
        <testcase name="testCheckResultPlayerWins" class="App\Game\GameTest" classname="App.Game.GameTest" file="/home/sofie/dbwebb-kurser/mvc/me/report/tests/Game/GameTest.php" line="120" assertions="1" time="0.001759"/>
        <testcase name="testCheckResultDealerWinsWith21" class="App\Game\GameTest" classname="App.Game.GameTest" file="/home/sofie/dbwebb-kurser/mvc/me/report/tests/Game/GameTest.php" line="144" assertions="1" time="0.002549"/>
        <testcase name="testCheckResultPlayerOver21" class="App\Game\GameTest" classname="App.Game.GameTest" file="/home/sofie/dbwebb-kurser/mvc/me/report/tests/Game/GameTest.php" line="167" assertions="1" time="0.001027"/>
        <testcase name="testCheckResultDealerOver21" class="App\Game\GameTest" classname="App.Game.GameTest" file="/home/sofie/dbwebb-kurser/mvc/me/report/tests/Game/GameTest.php" line="192" assertions="1" time="0.002033"/>
        <testcase name="testCheckResultEqualScore" class="App\Game\GameTest" classname="App.Game.GameTest" file="/home/sofie/dbwebb-kurser/mvc/me/report/tests/Game/GameTest.php" line="224" assertions="2" time="0.003179"/>
      </testsuite>
      <testsuite name="App\Game\DealerTest" file="/home/sofie/dbwebb-kurser/mvc/me/report/tests/Player/DealerTest.php" tests="2" assertions="2" errors="0" warnings="0" failures="0" skipped="0" time="0.001385">
        <testcase name="testCreateDealer" class="App\Game\DealerTest" classname="App.Game.DealerTest" file="/home/sofie/dbwebb-kurser/mvc/me/report/tests/Player/DealerTest.php" line="18" assertions="1" time="0.000541"/>
        <testcase name="testAddCard" class="App\Game\DealerTest" classname="App.Game.DealerTest" file="/home/sofie/dbwebb-kurser/mvc/me/report/tests/Player/DealerTest.php" line="38" assertions="1" time="0.000844"/>
      </testsuite>
      <testsuite name="App\Game\PlayerTest" file="/home/sofie/dbwebb-kurser/mvc/me/report/tests/Player/PlayerTest.php" tests="7" assertions="11" errors="0" warnings="0" failures="0" skipped="0" time="0.007340">
        <testcase name="testCreatePlayer" class="App\Game\PlayerTest" classname="App.Game.PlayerTest" file="/home/sofie/dbwebb-kurser/mvc/me/report/tests/Player/PlayerTest.php" line="19" assertions="4" time="0.000576"/>
        <testcase name="testAddCard" class="App\Game\PlayerTest" classname="App.Game.PlayerTest" file="/home/sofie/dbwebb-kurser/mvc/me/report/tests/Player/PlayerTest.php" line="45" assertions="2" time="0.001420"/>
        <testcase name="testResetHand" class="App\Game\PlayerTest" classname="App.Game.PlayerTest" file="/home/sofie/dbwebb-kurser/mvc/me/report/tests/Player/PlayerTest.php" line="70" assertions="1" time="0.001582"/>
        <testcase name="testGetScore" class="App\Game\PlayerTest" classname="App.Game.PlayerTest" file="/home/sofie/dbwebb-kurser/mvc/me/report/tests/Player/PlayerTest.php" line="93" assertions="1" time="0.001029"/>
        <testcase name="testStop" class="App\Game\PlayerTest" classname="App.Game.PlayerTest" file="/home/sofie/dbwebb-kurser/mvc/me/report/tests/Player/PlayerTest.php" line="115" assertions="1" time="0.001516"/>
        <testcase name="testUpdateAddMoney" class="App\Game\PlayerTest" classname="App.Game.PlayerTest" file="/home/sofie/dbwebb-kurser/mvc/me/report/tests/Player/PlayerTest.php" line="132" assertions="1" time="0.000690"/>
        <testcase name="testUpdateSubtractMoney" class="App\Game\PlayerTest" classname="App.Game.PlayerTest" file="/home/sofie/dbwebb-kurser/mvc/me/report/tests/Player/PlayerTest.php" line="152" assertions="1" time="0.000527"/>
      </testsuite>
      <testsuite name="App\PokerSquares\GridTest" file="/home/sofie/dbwebb-kurser/mvc/me/report/tests/Project/GridTest.php" tests="15" assertions="16" errors="0" warnings="0" failures="0" skipped="0" time="0.015796">
        <testcase name="testPlaceOk" class="App\PokerSquares\GridTest" classname="App.PokerSquares.GridTest" file="/home/sofie/dbwebb-kurser/mvc/me/report/tests/Project/GridTest.php" line="18" assertions="1" time="0.000606"/>
        <testcase name="testPlaceNotOk" class="App\PokerSquares\GridTest" classname="App.PokerSquares.GridTest" file="/home/sofie/dbwebb-kurser/mvc/me/report/tests/Project/GridTest.php" line="36" assertions="2" time="0.001350"/>
        <testcase name="testGetNumRows" class="App\PokerSquares\GridTest" classname="App.PokerSquares.GridTest" file="/home/sofie/dbwebb-kurser/mvc/me/report/tests/Project/GridTest.php" line="56" assertions="1" time="0.000624"/>
        <testcase name="testGetNumCosl" class="App\PokerSquares\GridTest" classname="App.PokerSquares.GridTest" file="/home/sofie/dbwebb-kurser/mvc/me/report/tests/Project/GridTest.php" line="69" assertions="1" time="0.001595"/>
        <testcase name="testGetGrid" class="App\PokerSquares\GridTest" classname="App.PokerSquares.GridTest" file="/home/sofie/dbwebb-kurser/mvc/me/report/tests/Project/GridTest.php" line="82" assertions="1" time="0.000623"/>
        <testcase name="testGetRowIfFullHandOk" class="App\PokerSquares\GridTest" classname="App.PokerSquares.GridTest" file="/home/sofie/dbwebb-kurser/mvc/me/report/tests/Project/GridTest.php" line="97" assertions="1" time="0.000739"/>
        <testcase name="testGetRowIfFullHandNotOk" class="App\PokerSquares\GridTest" classname="App.PokerSquares.GridTest" file="/home/sofie/dbwebb-kurser/mvc/me/report/tests/Project/GridTest.php" line="126" assertions="1" time="0.001901"/>
        <testcase name="testGetRowIfFullHandWrongIndex" class="App\PokerSquares\GridTest" classname="App.PokerSquares.GridTest" file="/home/sofie/dbwebb-kurser/mvc/me/report/tests/Project/GridTest.php" line="154" assertions="1" time="0.000592"/>
        <testcase name="testGetColIfFullHandOk" class="App\PokerSquares\GridTest" classname="App.PokerSquares.GridTest" file="/home/sofie/dbwebb-kurser/mvc/me/report/tests/Project/GridTest.php" line="185" assertions="1" time="0.000621"/>
        <testcase name="testGetColIfFullHandNotOk" class="App\PokerSquares\GridTest" classname="App.PokerSquares.GridTest" file="/home/sofie/dbwebb-kurser/mvc/me/report/tests/Project/GridTest.php" line="215" assertions="1" time="0.000663"/>
        <testcase name="testGetColIfFullHandWrongIndex" class="App\PokerSquares\GridTest" classname="App.PokerSquares.GridTest" file="/home/sofie/dbwebb-kurser/mvc/me/report/tests/Project/GridTest.php" line="242" assertions="1" time="0.000548"/>
        <testcase name="testGetNumEmptyCells" class="App\PokerSquares\GridTest" classname="App.PokerSquares.GridTest" file="/home/sofie/dbwebb-kurser/mvc/me/report/tests/Project/GridTest.php" line="264" assertions="1" time="0.000851"/>
        <testcase name="testGetGridJson" class="App\PokerSquares\GridTest" classname="App.PokerSquares.GridTest" file="/home/sofie/dbwebb-kurser/mvc/me/report/tests/Project/GridTest.php" line="283" assertions="1" time="0.002154"/>
        <testcase name="testCalulateScoresRow" class="App\PokerSquares\GridTest" classname="App.PokerSquares.GridTest" file="/home/sofie/dbwebb-kurser/mvc/me/report/tests/Project/GridTest.php" line="329" assertions="1" time="0.001752"/>
        <testcase name="testCalulateScoresCol" class="App\PokerSquares\GridTest" classname="App.PokerSquares.GridTest" file="/home/sofie/dbwebb-kurser/mvc/me/report/tests/Project/GridTest.php" line="362" assertions="1" time="0.001178"/>
      </testsuite>
      <testsuite name="App\PokerSquares\HandEvaluatorTest" file="/home/sofie/dbwebb-kurser/mvc/me/report/tests/Project/HandEvaluatorTest.php" tests="10" assertions="20" errors="0" warnings="0" failures="0" skipped="0" time="0.014513">
        <testcase name="testOnePair" class="App\PokerSquares\HandEvaluatorTest" classname="App.PokerSquares.HandEvaluatorTest" file="/home/sofie/dbwebb-kurser/mvc/me/report/tests/Project/HandEvaluatorTest.php" line="18" assertions="2" time="0.001528"/>
        <testcase name="testTwoPairs" class="App\PokerSquares\HandEvaluatorTest" classname="App.PokerSquares.HandEvaluatorTest" file="/home/sofie/dbwebb-kurser/mvc/me/report/tests/Project/HandEvaluatorTest.php" line="43" assertions="2" time="0.001354"/>
        <testcase name="testThreeOfAKind" class="App\PokerSquares\HandEvaluatorTest" classname="App.PokerSquares.HandEvaluatorTest" file="/home/sofie/dbwebb-kurser/mvc/me/report/tests/Project/HandEvaluatorTest.php" line="68" assertions="2" time="0.000833"/>
        <testcase name="testStraight" class="App\PokerSquares\HandEvaluatorTest" classname="App.PokerSquares.HandEvaluatorTest" file="/home/sofie/dbwebb-kurser/mvc/me/report/tests/Project/HandEvaluatorTest.php" line="94" assertions="2" time="0.000803"/>
        <testcase name="testFlush" class="App\PokerSquares\HandEvaluatorTest" classname="App.PokerSquares.HandEvaluatorTest" file="/home/sofie/dbwebb-kurser/mvc/me/report/tests/Project/HandEvaluatorTest.php" line="120" assertions="2" time="0.001660"/>
        <testcase name="testFullHouse" class="App\PokerSquares\HandEvaluatorTest" classname="App.PokerSquares.HandEvaluatorTest" file="/home/sofie/dbwebb-kurser/mvc/me/report/tests/Project/HandEvaluatorTest.php" line="146" assertions="2" time="0.002077"/>
        <testcase name="testFourOfAKind" class="App\PokerSquares\HandEvaluatorTest" classname="App.PokerSquares.HandEvaluatorTest" file="/home/sofie/dbwebb-kurser/mvc/me/report/tests/Project/HandEvaluatorTest.php" line="173" assertions="2" time="0.001637"/>
        <testcase name="testStraightFlush" class="App\PokerSquares\HandEvaluatorTest" classname="App.PokerSquares.HandEvaluatorTest" file="/home/sofie/dbwebb-kurser/mvc/me/report/tests/Project/HandEvaluatorTest.php" line="199" assertions="2" time="0.002319"/>
        <testcase name="testRoyalFlush" class="App\PokerSquares\HandEvaluatorTest" classname="App.PokerSquares.HandEvaluatorTest" file="/home/sofie/dbwebb-kurser/mvc/me/report/tests/Project/HandEvaluatorTest.php" line="225" assertions="2" time="0.001405"/>
        <testcase name="testNoScore" class="App\PokerSquares\HandEvaluatorTest" classname="App.PokerSquares.HandEvaluatorTest" file="/home/sofie/dbwebb-kurser/mvc/me/report/tests/Project/HandEvaluatorTest.php" line="251" assertions="2" time="0.000896"/>
      </testsuite>
      <testsuite name="App\PokerSquares\SquareGameTest" file="/home/sofie/dbwebb-kurser/mvc/me/report/tests/Project/SquareGameTest.php" tests="9" assertions="14" errors="0" warnings="0" failures="0" skipped="0" time="0.010149">
        <testcase name="testCreateEmptyDeckOfCards" class="App\PokerSquares\SquareGameTest" classname="App.PokerSquares.SquareGameTest" file="/home/sofie/dbwebb-kurser/mvc/me/report/tests/Project/SquareGameTest.php" line="18" assertions="3" time="0.000821"/>
        <testcase name="testDrawCard" class="App\PokerSquares\SquareGameTest" classname="App.PokerSquares.SquareGameTest" file="/home/sofie/dbwebb-kurser/mvc/me/report/tests/Project/SquareGameTest.php" line="34" assertions="2" time="0.000977"/>
        <testcase name="testPlaceCardWithoutDraw" class="App\PokerSquares\SquareGameTest" classname="App.PokerSquares.SquareGameTest" file="/home/sofie/dbwebb-kurser/mvc/me/report/tests/Project/SquareGameTest.php" line="54" assertions="1" time="0.000724"/>
        <testcase name="testPlaceCard" class="App\PokerSquares\SquareGameTest" classname="App.PokerSquares.SquareGameTest" file="/home/sofie/dbwebb-kurser/mvc/me/report/tests/Project/SquareGameTest.php" line="70" assertions="2" time="0.001948"/>
        <testcase name="testGetCurrentCard" class="App\PokerSquares\SquareGameTest" classname="App.PokerSquares.SquareGameTest" file="/home/sofie/dbwebb-kurser/mvc/me/report/tests/Project/SquareGameTest.php" line="92" assertions="1" time="0.002342"/>
        <testcase name="testGetScoring" class="App\PokerSquares\SquareGameTest" classname="App.PokerSquares.SquareGameTest" file="/home/sofie/dbwebb-kurser/mvc/me/report/tests/Project/SquareGameTest.php" line="107" assertions="1" time="0.000865"/>
        <testcase name="testSetScoring" class="App\PokerSquares\SquareGameTest" classname="App.PokerSquares.SquareGameTest" file="/home/sofie/dbwebb-kurser/mvc/me/report/tests/Project/SquareGameTest.php" line="122" assertions="1" time="0.000766"/>
        <testcase name="testCalculateScores" class="App\PokerSquares\SquareGameTest" classname="App.PokerSquares.SquareGameTest" file="/home/sofie/dbwebb-kurser/mvc/me/report/tests/Project/SquareGameTest.php" line="138" assertions="1" time="0.000840"/>
        <testcase name="testGetJsonGrid" class="App\PokerSquares\SquareGameTest" classname="App.PokerSquares.SquareGameTest" file="/home/sofie/dbwebb-kurser/mvc/me/report/tests/Project/SquareGameTest.php" line="164" assertions="2" time="0.000865"/>
      </testsuite>
      <testsuite name="App\Tests\Service\DeckServiceTest" file="/home/sofie/dbwebb-kurser/mvc/me/report/tests/Service/DeckServiceTest.php" tests="3" assertions="112" errors="0" warnings="0" failures="0" skipped="0" time="0.009615">
        <testcase name="testCreateDeckOfCards" class="App\Tests\Service\DeckServiceTest" classname="App.Tests.Service.DeckServiceTest" file="/home/sofie/dbwebb-kurser/mvc/me/report/tests/Service/DeckServiceTest.php" line="17" assertions="2" time="0.000829"/>
        <testcase name="testCreateDeckOfCards2" class="App\Tests\Service\DeckServiceTest" classname="App.Tests.Service.DeckServiceTest" file="/home/sofie/dbwebb-kurser/mvc/me/report/tests/Service/DeckServiceTest.php" line="32" assertions="107" time="0.004154"/>
        <testcase name="testDealCardsToPlayers" class="App\Tests\Service\DeckServiceTest" classname="App.Tests.Service.DeckServiceTest" file="/home/sofie/dbwebb-kurser/mvc/me/report/tests/Service/DeckServiceTest.php" line="72" assertions="3" time="0.004632"/>
      </testsuite>
    </testsuite>
  </testsuite>
</testsuites>
